Calling target program-options parser
[17:29:26.789] [bmv2] [D] [thread 3332] Set default default entry for table 'ipv4_lpm': NoAction - 
[17:29:26.789] [bmv2] [D] [thread 3332] Set default default entry for table 'readbuffersense': NoAction - 
[17:29:26.789] [bmv2] [D] [thread 3332] Set default default entry for table 'setprio': NoAction - 
[17:29:26.790] [bmv2] [D] [thread 3332] Set default default entry for table 'directtoprio': NoAction - 
[17:29:26.790] [bmv2] [D] [thread 3332] Set default default entry for table 'forward': NoAction - 
[17:29:26.790] [bmv2] [D] [thread 3332] Set default default entry for table 'dec_counter': NoAction - 
[17:29:26.790] [bmv2] [D] [thread 3332] Set default default entry for table 'send_frame': NoAction - 
Adding interface s1-eth1 as port 1
[17:29:26.792] [bmv2] [D] [thread 3332] Adding interface s1-eth1 as port 1
Adding interface eth1 as port 2
[17:29:26.819] [bmv2] [D] [thread 3332] Adding interface eth1 as port 2
Adding interface s1-eth3 as port 3
[17:29:26.847] [bmv2] [D] [thread 3332] Adding interface s1-eth3 as port 3
Adding interface eth3 as port 4
[17:29:26.879] [bmv2] [D] [thread 3332] Adding interface eth3 as port 4
Server listening on 0.0.0.0:50051
[17:29:26.925] [bmv2] [I] [thread 3332] Starting Thrift server on port 9090
[17:29:26.927] [bmv2] [I] [thread 3332] Thrift server was started
[17:29:26.928] [bmv2] [D] [thread 3370] [0.0] [cxt 0] Processing packet received on port 1
[17:29:26.928] [bmv2] [D] [thread 3370] [0.0] [cxt 0] Parser 'parser': start
[17:29:26.928] [bmv2] [D] [thread 3370] [0.0] [cxt 0] Parser 'parser' entering state 'start'
[17:29:26.928] [bmv2] [D] [thread 3370] [0.0] [cxt 0] Parser state 'start' has no switch, going to default next state
[17:29:26.928] [bmv2] [T] [thread 3370] [0.0] [cxt 0] Bytes parsed: 0
[17:29:26.928] [bmv2] [D] [thread 3370] [0.0] [cxt 0] Parser 'parser' entering state 'parse_ethernet'
[17:29:26.928] [bmv2] [D] [thread 3370] [0.0] [cxt 0] Extracting header 'ethernet'
[17:29:26.928] [bmv2] [D] [thread 3370] [0.0] [cxt 0] Parser state 'parse_ethernet': key is 86dd
[17:29:26.928] [bmv2] [T] [thread 3370] [0.0] [cxt 0] Bytes parsed: 14
[17:29:26.928] [bmv2] [T] [thread 3370] [0.0] [cxt 0] Skipping checksum 'cksum_0' verification because target field invalid
[17:29:26.928] [bmv2] [D] [thread 3370] [0.0] [cxt 0] Parser 'parser': end
[17:29:26.928] [bmv2] [D] [thread 3370] [0.0] [cxt 0] Pipeline 'ingress': start
[17:29:26.928] [bmv2] [T] [thread 3370] [0.0] [cxt 0] ndp-tree.p4(208) Condition "hdr.ipv4.isValid() && hdr.ipv4.ttl > 8w0" (node_2) is false
[17:29:26.928] [bmv2] [D] [thread 3370] [0.0] [cxt 0] Pipeline 'ingress': end
[17:29:26.928] [bmv2] [D] [thread 3370] [0.0] [cxt 0] Egress port is 0
[17:29:26.928] [bmv2] [D] [thread 3371] [0.0] [cxt 0] Pipeline 'egress': start
[17:29:26.928] [bmv2] [T] [thread 3371] [0.0] [cxt 0] Applying table 'dec_counter'
[17:29:26.928] [bmv2] [D] [thread 3371] [0.0] [cxt 0] Looking up key:
* standard_metadata.priority: 00

[17:29:26.928] [bmv2] [D] [thread 3371] [0.0] [cxt 0] Table 'dec_counter': miss
[17:29:26.928] [bmv2] [D] [thread 3371] [0.0] [cxt 0] Action entry is NoAction - 
[17:29:26.928] [bmv2] [T] [thread 3371] [0.0] [cxt 0] Action NoAction
[17:29:26.928] [bmv2] [T] [thread 3371] [0.0] [cxt 0] Applying table 'send_frame'
[17:29:26.928] [bmv2] [D] [thread 3371] [0.0] [cxt 0] Looking up key:
* standard_metadata.egress_port: 0000

[17:29:26.928] [bmv2] [D] [thread 3371] [0.0] [cxt 0] Table 'send_frame': miss
[17:29:26.928] [bmv2] [D] [thread 3371] [0.0] [cxt 0] Action entry is NoAction - 
[17:29:26.928] [bmv2] [T] [thread 3371] [0.0] [cxt 0] Action NoAction
[17:29:26.928] [bmv2] [D] [thread 3371] [0.0] [cxt 0] Pipeline 'egress': end
[17:29:26.928] [bmv2] [D] [thread 3371] [0.0] [cxt 0] Deparser 'deparser': start
[17:29:26.928] [bmv2] [D] [thread 3371] [0.0] [cxt 0] Updating checksum 'cksum'
[17:29:26.928] [bmv2] [D] [thread 3371] [0.0] [cxt 0] Deparsing header 'ethernet'
[17:29:26.928] [bmv2] [D] [thread 3371] [0.0] [cxt 0] Deparser 'deparser': end
[17:29:26.928] [bmv2] [D] [thread 3375] [0.0] [cxt 0] Transmitting packet of size 90 out of port 0
[17:29:27.147] [bmv2] [D] [thread 3370] [1.0] [cxt 0] Processing packet received on port 1
[17:29:27.147] [bmv2] [D] [thread 3370] [1.0] [cxt 0] Parser 'parser': start
[17:29:27.147] [bmv2] [D] [thread 3370] [1.0] [cxt 0] Parser 'parser' entering state 'start'
[17:29:27.147] [bmv2] [D] [thread 3370] [1.0] [cxt 0] Parser state 'start' has no switch, going to default next state
[17:29:27.147] [bmv2] [T] [thread 3370] [1.0] [cxt 0] Bytes parsed: 0
[17:29:27.147] [bmv2] [D] [thread 3370] [1.0] [cxt 0] Parser 'parser' entering state 'parse_ethernet'
[17:29:27.147] [bmv2] [D] [thread 3370] [1.0] [cxt 0] Extracting header 'ethernet'
[17:29:27.147] [bmv2] [D] [thread 3370] [1.0] [cxt 0] Parser state 'parse_ethernet': key is 86dd
[17:29:27.147] [bmv2] [T] [thread 3370] [1.0] [cxt 0] Bytes parsed: 14
[17:29:27.147] [bmv2] [T] [thread 3370] [1.0] [cxt 0] Skipping checksum 'cksum_0' verification because target field invalid
[17:29:27.147] [bmv2] [D] [thread 3370] [1.0] [cxt 0] Parser 'parser': end
[17:29:27.147] [bmv2] [D] [thread 3370] [1.0] [cxt 0] Pipeline 'ingress': start
[17:29:27.147] [bmv2] [T] [thread 3370] [1.0] [cxt 0] ndp-tree.p4(208) Condition "hdr.ipv4.isValid() && hdr.ipv4.ttl > 8w0" (node_2) is false
[17:29:27.147] [bmv2] [D] [thread 3370] [1.0] [cxt 0] Pipeline 'ingress': end
[17:29:27.147] [bmv2] [D] [thread 3370] [1.0] [cxt 0] Egress port is 0
[17:29:27.147] [bmv2] [D] [thread 3371] [1.0] [cxt 0] Pipeline 'egress': start
[17:29:27.147] [bmv2] [T] [thread 3371] [1.0] [cxt 0] Applying table 'dec_counter'
[17:29:27.147] [bmv2] [D] [thread 3371] [1.0] [cxt 0] Looking up key:
* standard_metadata.priority: 00

[17:29:27.147] [bmv2] [D] [thread 3371] [1.0] [cxt 0] Table 'dec_counter': miss
[17:29:27.147] [bmv2] [D] [thread 3371] [1.0] [cxt 0] Action entry is NoAction - 
[17:29:27.147] [bmv2] [T] [thread 3371] [1.0] [cxt 0] Action NoAction
[17:29:27.147] [bmv2] [T] [thread 3371] [1.0] [cxt 0] Applying table 'send_frame'
[17:29:27.147] [bmv2] [D] [thread 3371] [1.0] [cxt 0] Looking up key:
* standard_metadata.egress_port: 0000

[17:29:27.147] [bmv2] [D] [thread 3371] [1.0] [cxt 0] Table 'send_frame': miss
[17:29:27.147] [bmv2] [D] [thread 3371] [1.0] [cxt 0] Action entry is NoAction - 
[17:29:27.147] [bmv2] [T] [thread 3371] [1.0] [cxt 0] Action NoAction
[17:29:27.147] [bmv2] [D] [thread 3371] [1.0] [cxt 0] Pipeline 'egress': end
[17:29:27.147] [bmv2] [D] [thread 3371] [1.0] [cxt 0] Deparser 'deparser': start
[17:29:27.147] [bmv2] [D] [thread 3371] [1.0] [cxt 0] Updating checksum 'cksum'
[17:29:27.147] [bmv2] [D] [thread 3371] [1.0] [cxt 0] Deparsing header 'ethernet'
[17:29:27.147] [bmv2] [D] [thread 3371] [1.0] [cxt 0] Deparser 'deparser': end
[17:29:27.147] [bmv2] [D] [thread 3375] [1.0] [cxt 0] Transmitting packet of size 86 out of port 0
[17:29:27.180] [bmv2] [D] [thread 3370] [2.0] [cxt 0] Processing packet received on port 1
[17:29:27.180] [bmv2] [D] [thread 3370] [2.0] [cxt 0] Parser 'parser': start
[17:29:27.180] [bmv2] [D] [thread 3370] [2.0] [cxt 0] Parser 'parser' entering state 'start'
[17:29:27.180] [bmv2] [D] [thread 3370] [2.0] [cxt 0] Parser state 'start' has no switch, going to default next state
[17:29:27.180] [bmv2] [T] [thread 3370] [2.0] [cxt 0] Bytes parsed: 0
[17:29:27.180] [bmv2] [D] [thread 3370] [2.0] [cxt 0] Parser 'parser' entering state 'parse_ethernet'
[17:29:27.180] [bmv2] [D] [thread 3370] [2.0] [cxt 0] Extracting header 'ethernet'
[17:29:27.180] [bmv2] [D] [thread 3370] [2.0] [cxt 0] Parser state 'parse_ethernet': key is 86dd
[17:29:27.180] [bmv2] [T] [thread 3370] [2.0] [cxt 0] Bytes parsed: 14
[17:29:27.180] [bmv2] [T] [thread 3370] [2.0] [cxt 0] Skipping checksum 'cksum_0' verification because target field invalid
[17:29:27.180] [bmv2] [D] [thread 3370] [2.0] [cxt 0] Parser 'parser': end
[17:29:27.180] [bmv2] [D] [thread 3370] [2.0] [cxt 0] Pipeline 'ingress': start
[17:29:27.180] [bmv2] [T] [thread 3370] [2.0] [cxt 0] ndp-tree.p4(208) Condition "hdr.ipv4.isValid() && hdr.ipv4.ttl > 8w0" (node_2) is false
[17:29:27.180] [bmv2] [D] [thread 3370] [2.0] [cxt 0] Pipeline 'ingress': end
[17:29:27.180] [bmv2] [D] [thread 3370] [2.0] [cxt 0] Egress port is 0
[17:29:27.180] [bmv2] [D] [thread 3371] [2.0] [cxt 0] Pipeline 'egress': start
[17:29:27.180] [bmv2] [T] [thread 3371] [2.0] [cxt 0] Applying table 'dec_counter'
[17:29:27.180] [bmv2] [D] [thread 3371] [2.0] [cxt 0] Looking up key:
* standard_metadata.priority: 00

[17:29:27.180] [bmv2] [D] [thread 3371] [2.0] [cxt 0] Table 'dec_counter': miss
[17:29:27.180] [bmv2] [D] [thread 3371] [2.0] [cxt 0] Action entry is NoAction - 
[17:29:27.180] [bmv2] [T] [thread 3371] [2.0] [cxt 0] Action NoAction
[17:29:27.180] [bmv2] [T] [thread 3371] [2.0] [cxt 0] Applying table 'send_frame'
[17:29:27.180] [bmv2] [D] [thread 3371] [2.0] [cxt 0] Looking up key:
* standard_metadata.egress_port: 0000

[17:29:27.180] [bmv2] [D] [thread 3371] [2.0] [cxt 0] Table 'send_frame': miss
[17:29:27.180] [bmv2] [D] [thread 3371] [2.0] [cxt 0] Action entry is NoAction - 
[17:29:27.180] [bmv2] [T] [thread 3371] [2.0] [cxt 0] Action NoAction
[17:29:27.180] [bmv2] [D] [thread 3371] [2.0] [cxt 0] Pipeline 'egress': end
[17:29:27.180] [bmv2] [D] [thread 3371] [2.0] [cxt 0] Deparser 'deparser': start
[17:29:27.181] [bmv2] [D] [thread 3371] [2.0] [cxt 0] Updating checksum 'cksum'
[17:29:27.181] [bmv2] [D] [thread 3371] [2.0] [cxt 0] Deparsing header 'ethernet'
[17:29:27.181] [bmv2] [D] [thread 3371] [2.0] [cxt 0] Deparser 'deparser': end
[17:29:27.181] [bmv2] [D] [thread 3375] [2.0] [cxt 0] Transmitting packet of size 86 out of port 0
[17:29:27.307] [bmv2] [D] [thread 3370] [3.0] [cxt 0] Processing packet received on port 3
[17:29:27.307] [bmv2] [D] [thread 3370] [3.0] [cxt 0] Parser 'parser': start
[17:29:27.307] [bmv2] [D] [thread 3370] [3.0] [cxt 0] Parser 'parser' entering state 'start'
[17:29:27.307] [bmv2] [D] [thread 3370] [3.0] [cxt 0] Parser state 'start' has no switch, going to default next state
[17:29:27.307] [bmv2] [T] [thread 3370] [3.0] [cxt 0] Bytes parsed: 0
[17:29:27.307] [bmv2] [D] [thread 3370] [3.0] [cxt 0] Parser 'parser' entering state 'parse_ethernet'
[17:29:27.307] [bmv2] [D] [thread 3370] [3.0] [cxt 0] Extracting header 'ethernet'
[17:29:27.307] [bmv2] [D] [thread 3370] [3.0] [cxt 0] Parser state 'parse_ethernet': key is 86dd
[17:29:27.307] [bmv2] [T] [thread 3370] [3.0] [cxt 0] Bytes parsed: 14
[17:29:27.307] [bmv2] [T] [thread 3370] [3.0] [cxt 0] Skipping checksum 'cksum_0' verification because target field invalid
[17:29:27.307] [bmv2] [D] [thread 3370] [3.0] [cxt 0] Parser 'parser': end
[17:29:27.307] [bmv2] [D] [thread 3370] [3.0] [cxt 0] Pipeline 'ingress': start
[17:29:27.307] [bmv2] [T] [thread 3370] [3.0] [cxt 0] ndp-tree.p4(208) Condition "hdr.ipv4.isValid() && hdr.ipv4.ttl > 8w0" (node_2) is false
[17:29:27.307] [bmv2] [D] [thread 3370] [3.0] [cxt 0] Pipeline 'ingress': end
[17:29:27.307] [bmv2] [D] [thread 3370] [3.0] [cxt 0] Egress port is 0
[17:29:27.307] [bmv2] [D] [thread 3371] [3.0] [cxt 0] Pipeline 'egress': start
[17:29:27.307] [bmv2] [T] [thread 3371] [3.0] [cxt 0] Applying table 'dec_counter'
[17:29:27.307] [bmv2] [D] [thread 3371] [3.0] [cxt 0] Looking up key:
* standard_metadata.priority: 00

[17:29:27.307] [bmv2] [D] [thread 3371] [3.0] [cxt 0] Table 'dec_counter': miss
[17:29:27.307] [bmv2] [D] [thread 3371] [3.0] [cxt 0] Action entry is NoAction - 
[17:29:27.307] [bmv2] [T] [thread 3371] [3.0] [cxt 0] Action NoAction
[17:29:27.307] [bmv2] [T] [thread 3371] [3.0] [cxt 0] Applying table 'send_frame'
[17:29:27.307] [bmv2] [D] [thread 3371] [3.0] [cxt 0] Looking up key:
* standard_metadata.egress_port: 0000

[17:29:27.307] [bmv2] [D] [thread 3371] [3.0] [cxt 0] Table 'send_frame': miss
[17:29:27.307] [bmv2] [D] [thread 3371] [3.0] [cxt 0] Action entry is NoAction - 
[17:29:27.307] [bmv2] [T] [thread 3371] [3.0] [cxt 0] Action NoAction
[17:29:27.307] [bmv2] [D] [thread 3371] [3.0] [cxt 0] Pipeline 'egress': end
[17:29:27.307] [bmv2] [D] [thread 3371] [3.0] [cxt 0] Deparser 'deparser': start
[17:29:27.307] [bmv2] [D] [thread 3371] [3.0] [cxt 0] Updating checksum 'cksum'
[17:29:27.307] [bmv2] [D] [thread 3371] [3.0] [cxt 0] Deparsing header 'ethernet'
[17:29:27.307] [bmv2] [D] [thread 3371] [3.0] [cxt 0] Deparser 'deparser': end
[17:29:27.307] [bmv2] [D] [thread 3375] [3.0] [cxt 0] Transmitting packet of size 90 out of port 0
[17:29:27.340] [bmv2] [D] [thread 3370] [4.0] [cxt 0] Processing packet received on port 3
[17:29:27.340] [bmv2] [D] [thread 3370] [4.0] [cxt 0] Parser 'parser': start
[17:29:27.340] [bmv2] [D] [thread 3370] [4.0] [cxt 0] Parser 'parser' entering state 'start'
[17:29:27.340] [bmv2] [D] [thread 3370] [4.0] [cxt 0] Parser state 'start' has no switch, going to default next state
[17:29:27.340] [bmv2] [T] [thread 3370] [4.0] [cxt 0] Bytes parsed: 0
[17:29:27.340] [bmv2] [D] [thread 3370] [4.0] [cxt 0] Parser 'parser' entering state 'parse_ethernet'
[17:29:27.340] [bmv2] [D] [thread 3370] [4.0] [cxt 0] Extracting header 'ethernet'
[17:29:27.340] [bmv2] [D] [thread 3370] [4.0] [cxt 0] Parser state 'parse_ethernet': key is 86dd
[17:29:27.340] [bmv2] [T] [thread 3370] [4.0] [cxt 0] Bytes parsed: 14
[17:29:27.340] [bmv2] [T] [thread 3370] [4.0] [cxt 0] Skipping checksum 'cksum_0' verification because target field invalid
[17:29:27.340] [bmv2] [D] [thread 3370] [4.0] [cxt 0] Parser 'parser': end
[17:29:27.340] [bmv2] [D] [thread 3370] [4.0] [cxt 0] Pipeline 'ingress': start
[17:29:27.340] [bmv2] [T] [thread 3370] [4.0] [cxt 0] ndp-tree.p4(208) Condition "hdr.ipv4.isValid() && hdr.ipv4.ttl > 8w0" (node_2) is false
[17:29:27.340] [bmv2] [D] [thread 3370] [4.0] [cxt 0] Pipeline 'ingress': end
[17:29:27.340] [bmv2] [D] [thread 3370] [4.0] [cxt 0] Egress port is 0
[17:29:27.340] [bmv2] [D] [thread 3371] [4.0] [cxt 0] Pipeline 'egress': start
[17:29:27.340] [bmv2] [T] [thread 3371] [4.0] [cxt 0] Applying table 'dec_counter'
[17:29:27.340] [bmv2] [D] [thread 3371] [4.0] [cxt 0] Looking up key:
* standard_metadata.priority: 00

[17:29:27.340] [bmv2] [D] [thread 3371] [4.0] [cxt 0] Table 'dec_counter': miss
[17:29:27.340] [bmv2] [D] [thread 3371] [4.0] [cxt 0] Action entry is NoAction - 
[17:29:27.340] [bmv2] [T] [thread 3371] [4.0] [cxt 0] Action NoAction
[17:29:27.340] [bmv2] [T] [thread 3371] [4.0] [cxt 0] Applying table 'send_frame'
[17:29:27.340] [bmv2] [D] [thread 3371] [4.0] [cxt 0] Looking up key:
* standard_metadata.egress_port: 0000

[17:29:27.340] [bmv2] [D] [thread 3371] [4.0] [cxt 0] Table 'send_frame': miss
[17:29:27.340] [bmv2] [D] [thread 3371] [4.0] [cxt 0] Action entry is NoAction - 
[17:29:27.340] [bmv2] [T] [thread 3371] [4.0] [cxt 0] Action NoAction
[17:29:27.340] [bmv2] [D] [thread 3371] [4.0] [cxt 0] Pipeline 'egress': end
[17:29:27.340] [bmv2] [D] [thread 3371] [4.0] [cxt 0] Deparser 'deparser': start
[17:29:27.340] [bmv2] [D] [thread 3371] [4.0] [cxt 0] Updating checksum 'cksum'
[17:29:27.340] [bmv2] [D] [thread 3371] [4.0] [cxt 0] Deparsing header 'ethernet'
[17:29:27.340] [bmv2] [D] [thread 3371] [4.0] [cxt 0] Deparser 'deparser': end
[17:29:27.340] [bmv2] [D] [thread 3375] [4.0] [cxt 0] Transmitting packet of size 86 out of port 0
[17:29:27.403] [bmv2] [D] [thread 3370] [5.0] [cxt 0] Processing packet received on port 3
[17:29:27.403] [bmv2] [D] [thread 3370] [5.0] [cxt 0] Parser 'parser': start
[17:29:27.403] [bmv2] [D] [thread 3370] [5.0] [cxt 0] Parser 'parser' entering state 'start'
[17:29:27.403] [bmv2] [D] [thread 3370] [5.0] [cxt 0] Parser state 'start' has no switch, going to default next state
[17:29:27.403] [bmv2] [T] [thread 3370] [5.0] [cxt 0] Bytes parsed: 0
[17:29:27.403] [bmv2] [D] [thread 3370] [5.0] [cxt 0] Parser 'parser' entering state 'parse_ethernet'
[17:29:27.403] [bmv2] [D] [thread 3370] [5.0] [cxt 0] Extracting header 'ethernet'
[17:29:27.403] [bmv2] [D] [thread 3370] [5.0] [cxt 0] Parser state 'parse_ethernet': key is 86dd
[17:29:27.403] [bmv2] [T] [thread 3370] [5.0] [cxt 0] Bytes parsed: 14
[17:29:27.403] [bmv2] [T] [thread 3370] [5.0] [cxt 0] Skipping checksum 'cksum_0' verification because target field invalid
[17:29:27.403] [bmv2] [D] [thread 3370] [5.0] [cxt 0] Parser 'parser': end
[17:29:27.403] [bmv2] [D] [thread 3370] [5.0] [cxt 0] Pipeline 'ingress': start
[17:29:27.403] [bmv2] [T] [thread 3370] [5.0] [cxt 0] ndp-tree.p4(208) Condition "hdr.ipv4.isValid() && hdr.ipv4.ttl > 8w0" (node_2) is false
[17:29:27.403] [bmv2] [D] [thread 3370] [5.0] [cxt 0] Pipeline 'ingress': end
[17:29:27.403] [bmv2] [D] [thread 3370] [5.0] [cxt 0] Egress port is 0
[17:29:27.403] [bmv2] [D] [thread 3371] [5.0] [cxt 0] Pipeline 'egress': start
[17:29:27.403] [bmv2] [T] [thread 3371] [5.0] [cxt 0] Applying table 'dec_counter'
[17:29:27.403] [bmv2] [D] [thread 3371] [5.0] [cxt 0] Looking up key:
* standard_metadata.priority: 00

[17:29:27.403] [bmv2] [D] [thread 3371] [5.0] [cxt 0] Table 'dec_counter': miss
[17:29:27.403] [bmv2] [D] [thread 3371] [5.0] [cxt 0] Action entry is NoAction - 
[17:29:27.403] [bmv2] [T] [thread 3371] [5.0] [cxt 0] Action NoAction
[17:29:27.403] [bmv2] [T] [thread 3371] [5.0] [cxt 0] Applying table 'send_frame'
[17:29:27.403] [bmv2] [D] [thread 3371] [5.0] [cxt 0] Looking up key:
* standard_metadata.egress_port: 0000

[17:29:27.403] [bmv2] [D] [thread 3371] [5.0] [cxt 0] Table 'send_frame': miss
[17:29:27.403] [bmv2] [D] [thread 3371] [5.0] [cxt 0] Action entry is NoAction - 
[17:29:27.403] [bmv2] [T] [thread 3371] [5.0] [cxt 0] Action NoAction
[17:29:27.403] [bmv2] [D] [thread 3371] [5.0] [cxt 0] Pipeline 'egress': end
[17:29:27.403] [bmv2] [D] [thread 3371] [5.0] [cxt 0] Deparser 'deparser': start
[17:29:27.403] [bmv2] [D] [thread 3371] [5.0] [cxt 0] Updating checksum 'cksum'
[17:29:27.403] [bmv2] [D] [thread 3371] [5.0] [cxt 0] Deparsing header 'ethernet'
[17:29:27.403] [bmv2] [D] [thread 3371] [5.0] [cxt 0] Deparser 'deparser': end
[17:29:27.403] [bmv2] [D] [thread 3375] [5.0] [cxt 0] Transmitting packet of size 90 out of port 0
[17:29:27.863] [bmv2] [D] [thread 3370] [6.0] [cxt 0] Processing packet received on port 3
[17:29:27.863] [bmv2] [D] [thread 3370] [6.0] [cxt 0] Parser 'parser': start
[17:29:27.863] [bmv2] [D] [thread 3370] [6.0] [cxt 0] Parser 'parser' entering state 'start'
[17:29:27.863] [bmv2] [D] [thread 3370] [6.0] [cxt 0] Parser state 'start' has no switch, going to default next state
[17:29:27.863] [bmv2] [T] [thread 3370] [6.0] [cxt 0] Bytes parsed: 0
[17:29:27.863] [bmv2] [D] [thread 3370] [6.0] [cxt 0] Parser 'parser' entering state 'parse_ethernet'
[17:29:27.863] [bmv2] [D] [thread 3370] [6.0] [cxt 0] Extracting header 'ethernet'
[17:29:27.863] [bmv2] [D] [thread 3370] [6.0] [cxt 0] Parser state 'parse_ethernet': key is 86dd
[17:29:27.863] [bmv2] [T] [thread 3370] [6.0] [cxt 0] Bytes parsed: 14
[17:29:27.863] [bmv2] [T] [thread 3370] [6.0] [cxt 0] Skipping checksum 'cksum_0' verification because target field invalid
[17:29:27.863] [bmv2] [D] [thread 3370] [6.0] [cxt 0] Parser 'parser': end
[17:29:27.863] [bmv2] [D] [thread 3370] [6.0] [cxt 0] Pipeline 'ingress': start
[17:29:27.863] [bmv2] [T] [thread 3370] [6.0] [cxt 0] ndp-tree.p4(208) Condition "hdr.ipv4.isValid() && hdr.ipv4.ttl > 8w0" (node_2) is false
[17:29:27.863] [bmv2] [D] [thread 3370] [6.0] [cxt 0] Pipeline 'ingress': end
[17:29:27.863] [bmv2] [D] [thread 3370] [6.0] [cxt 0] Egress port is 0
[17:29:27.863] [bmv2] [D] [thread 3370] [7.0] [cxt 0] Processing packet received on port 3
[17:29:27.863] [bmv2] [D] [thread 3370] [7.0] [cxt 0] Parser 'parser': start
[17:29:27.863] [bmv2] [D] [thread 3370] [7.0] [cxt 0] Parser 'parser' entering state 'start'
[17:29:27.863] [bmv2] [D] [thread 3370] [7.0] [cxt 0] Parser state 'start' has no switch, going to default next state
[17:29:27.863] [bmv2] [T] [thread 3370] [7.0] [cxt 0] Bytes parsed: 0
[17:29:27.863] [bmv2] [D] [thread 3370] [7.0] [cxt 0] Parser 'parser' entering state 'parse_ethernet'
[17:29:27.863] [bmv2] [D] [thread 3370] [7.0] [cxt 0] Extracting header 'ethernet'
[17:29:27.863] [bmv2] [D] [thread 3370] [7.0] [cxt 0] Parser state 'parse_ethernet': key is 86dd
[17:29:27.863] [bmv2] [T] [thread 3370] [7.0] [cxt 0] Bytes parsed: 14
[17:29:27.863] [bmv2] [T] [thread 3370] [7.0] [cxt 0] Skipping checksum 'cksum_0' verification because target field invalid
[17:29:27.863] [bmv2] [D] [thread 3370] [7.0] [cxt 0] Parser 'parser': end
[17:29:27.863] [bmv2] [D] [thread 3370] [7.0] [cxt 0] Pipeline 'ingress': start
[17:29:27.863] [bmv2] [T] [thread 3370] [7.0] [cxt 0] ndp-tree.p4(208) Condition "hdr.ipv4.isValid() && hdr.ipv4.ttl > 8w0" (node_2) is false
[17:29:27.863] [bmv2] [D] [thread 3370] [7.0] [cxt 0] Pipeline 'ingress': end
[17:29:27.863] [bmv2] [D] [thread 3370] [7.0] [cxt 0] Egress port is 0
[17:29:27.863] [bmv2] [D] [thread 3371] [6.0] [cxt 0] Pipeline 'egress': start
[17:29:27.863] [bmv2] [T] [thread 3371] [6.0] [cxt 0] Applying table 'dec_counter'
[17:29:27.863] [bmv2] [D] [thread 3371] [6.0] [cxt 0] Looking up key:
* standard_metadata.priority: 00

[17:29:27.863] [bmv2] [D] [thread 3371] [6.0] [cxt 0] Table 'dec_counter': miss
[17:29:27.863] [bmv2] [D] [thread 3371] [6.0] [cxt 0] Action entry is NoAction - 
[17:29:27.863] [bmv2] [T] [thread 3371] [6.0] [cxt 0] Action NoAction
[17:29:27.863] [bmv2] [T] [thread 3371] [6.0] [cxt 0] Applying table 'send_frame'
[17:29:27.863] [bmv2] [D] [thread 3371] [6.0] [cxt 0] Looking up key:
* standard_metadata.egress_port: 0000

[17:29:27.863] [bmv2] [D] [thread 3371] [6.0] [cxt 0] Table 'send_frame': miss
[17:29:27.863] [bmv2] [D] [thread 3371] [6.0] [cxt 0] Action entry is NoAction - 
[17:29:27.863] [bmv2] [T] [thread 3371] [6.0] [cxt 0] Action NoAction
[17:29:27.863] [bmv2] [D] [thread 3371] [6.0] [cxt 0] Pipeline 'egress': end
[17:29:27.863] [bmv2] [D] [thread 3371] [6.0] [cxt 0] Deparser 'deparser': start
[17:29:27.863] [bmv2] [D] [thread 3371] [6.0] [cxt 0] Updating checksum 'cksum'
[17:29:27.863] [bmv2] [D] [thread 3371] [6.0] [cxt 0] Deparsing header 'ethernet'
[17:29:27.863] [bmv2] [D] [thread 3371] [6.0] [cxt 0] Deparser 'deparser': end
[17:29:27.863] [bmv2] [D] [thread 3371] [7.0] [cxt 0] Pipeline 'egress': start
[17:29:27.863] [bmv2] [T] [thread 3371] [7.0] [cxt 0] Applying table 'dec_counter'
[17:29:27.863] [bmv2] [D] [thread 3371] [7.0] [cxt 0] Looking up key:
* standard_metadata.priority: 00

[17:29:27.863] [bmv2] [D] [thread 3371] [7.0] [cxt 0] Table 'dec_counter': miss
[17:29:27.863] [bmv2] [D] [thread 3371] [7.0] [cxt 0] Action entry is NoAction - 
[17:29:27.863] [bmv2] [T] [thread 3371] [7.0] [cxt 0] Action NoAction
[17:29:27.863] [bmv2] [T] [thread 3371] [7.0] [cxt 0] Applying table 'send_frame'
[17:29:27.863] [bmv2] [D] [thread 3371] [7.0] [cxt 0] Looking up key:
* standard_metadata.egress_port: 0000

[17:29:27.863] [bmv2] [D] [thread 3371] [7.0] [cxt 0] Table 'send_frame': miss
[17:29:27.863] [bmv2] [D] [thread 3371] [7.0] [cxt 0] Action entry is NoAction - 
[17:29:27.863] [bmv2] [T] [thread 3371] [7.0] [cxt 0] Action NoAction
[17:29:27.863] [bmv2] [D] [thread 3371] [7.0] [cxt 0] Pipeline 'egress': end
[17:29:27.863] [bmv2] [D] [thread 3371] [7.0] [cxt 0] Deparser 'deparser': start
[17:29:27.863] [bmv2] [D] [thread 3371] [7.0] [cxt 0] Updating checksum 'cksum'
[17:29:27.863] [bmv2] [D] [thread 3371] [7.0] [cxt 0] Deparsing header 'ethernet'
[17:29:27.863] [bmv2] [D] [thread 3371] [7.0] [cxt 0] Deparser 'deparser': end
[17:29:27.863] [bmv2] [D] [thread 3375] [6.0] [cxt 0] Transmitting packet of size 90 out of port 0
[17:29:27.863] [bmv2] [D] [thread 3375] [7.0] [cxt 0] Transmitting packet of size 70 out of port 0
[17:29:28.217] [bmv2] [D] [thread 3370] [8.0] [cxt 0] Processing packet received on port 1
[17:29:28.217] [bmv2] [D] [thread 3370] [8.0] [cxt 0] Parser 'parser': start
[17:29:28.217] [bmv2] [D] [thread 3370] [8.0] [cxt 0] Parser 'parser' entering state 'start'
[17:29:28.217] [bmv2] [D] [thread 3370] [8.0] [cxt 0] Parser state 'start' has no switch, going to default next state
[17:29:28.217] [bmv2] [T] [thread 3370] [8.0] [cxt 0] Bytes parsed: 0
[17:29:28.217] [bmv2] [D] [thread 3370] [8.0] [cxt 0] Parser 'parser' entering state 'parse_ethernet'
[17:29:28.217] [bmv2] [D] [thread 3370] [8.0] [cxt 0] Extracting header 'ethernet'
[17:29:28.217] [bmv2] [D] [thread 3370] [8.0] [cxt 0] Parser state 'parse_ethernet': key is 86dd
[17:29:28.217] [bmv2] [T] [thread 3370] [8.0] [cxt 0] Bytes parsed: 14
[17:29:28.217] [bmv2] [T] [thread 3370] [8.0] [cxt 0] Skipping checksum 'cksum_0' verification because target field invalid
[17:29:28.217] [bmv2] [D] [thread 3370] [8.0] [cxt 0] Parser 'parser': end
[17:29:28.217] [bmv2] [D] [thread 3370] [8.0] [cxt 0] Pipeline 'ingress': start
[17:29:28.217] [bmv2] [T] [thread 3370] [8.0] [cxt 0] ndp-tree.p4(208) Condition "hdr.ipv4.isValid() && hdr.ipv4.ttl > 8w0" (node_2) is false
[17:29:28.217] [bmv2] [D] [thread 3370] [8.0] [cxt 0] Pipeline 'ingress': end
[17:29:28.217] [bmv2] [D] [thread 3370] [8.0] [cxt 0] Egress port is 0
[17:29:28.217] [bmv2] [D] [thread 3370] [9.0] [cxt 0] Processing packet received on port 1
[17:29:28.217] [bmv2] [D] [thread 3370] [9.0] [cxt 0] Parser 'parser': start
[17:29:28.217] [bmv2] [D] [thread 3370] [9.0] [cxt 0] Parser 'parser' entering state 'start'
[17:29:28.217] [bmv2] [D] [thread 3370] [9.0] [cxt 0] Parser state 'start' has no switch, going to default next state
[17:29:28.217] [bmv2] [T] [thread 3370] [9.0] [cxt 0] Bytes parsed: 0
[17:29:28.217] [bmv2] [D] [thread 3370] [9.0] [cxt 0] Parser 'parser' entering state 'parse_ethernet'
[17:29:28.217] [bmv2] [D] [thread 3370] [9.0] [cxt 0] Extracting header 'ethernet'
[17:29:28.217] [bmv2] [D] [thread 3370] [9.0] [cxt 0] Parser state 'parse_ethernet': key is 86dd
[17:29:28.217] [bmv2] [T] [thread 3370] [9.0] [cxt 0] Bytes parsed: 14
[17:29:28.217] [bmv2] [T] [thread 3370] [9.0] [cxt 0] Skipping checksum 'cksum_0' verification because target field invalid
[17:29:28.217] [bmv2] [D] [thread 3370] [9.0] [cxt 0] Parser 'parser': end
[17:29:28.217] [bmv2] [D] [thread 3370] [9.0] [cxt 0] Pipeline 'ingress': start
[17:29:28.217] [bmv2] [T] [thread 3370] [9.0] [cxt 0] ndp-tree.p4(208) Condition "hdr.ipv4.isValid() && hdr.ipv4.ttl > 8w0" (node_2) is false
[17:29:28.217] [bmv2] [D] [thread 3370] [9.0] [cxt 0] Pipeline 'ingress': end
[17:29:28.217] [bmv2] [D] [thread 3370] [9.0] [cxt 0] Egress port is 0
[17:29:28.217] [bmv2] [D] [thread 3370] [10.0] [cxt 0] Processing packet received on port 1
[17:29:28.217] [bmv2] [D] [thread 3370] [10.0] [cxt 0] Parser 'parser': start
[17:29:28.217] [bmv2] [D] [thread 3370] [10.0] [cxt 0] Parser 'parser' entering state 'start'
[17:29:28.217] [bmv2] [D] [thread 3370] [10.0] [cxt 0] Parser state 'start' has no switch, going to default next state
[17:29:28.217] [bmv2] [T] [thread 3370] [10.0] [cxt 0] Bytes parsed: 0
[17:29:28.217] [bmv2] [D] [thread 3370] [10.0] [cxt 0] Parser 'parser' entering state 'parse_ethernet'
[17:29:28.217] [bmv2] [D] [thread 3370] [10.0] [cxt 0] Extracting header 'ethernet'
[17:29:28.218] [bmv2] [D] [thread 3370] [10.0] [cxt 0] Parser state 'parse_ethernet': key is 86dd
[17:29:28.218] [bmv2] [T] [thread 3370] [10.0] [cxt 0] Bytes parsed: 14
[17:29:28.218] [bmv2] [T] [thread 3370] [10.0] [cxt 0] Skipping checksum 'cksum_0' verification because target field invalid
[17:29:28.218] [bmv2] [D] [thread 3370] [10.0] [cxt 0] Parser 'parser': end
[17:29:28.218] [bmv2] [D] [thread 3370] [10.0] [cxt 0] Pipeline 'ingress': start
[17:29:28.218] [bmv2] [T] [thread 3370] [10.0] [cxt 0] ndp-tree.p4(208) Condition "hdr.ipv4.isValid() && hdr.ipv4.ttl > 8w0" (node_2) is false
[17:29:28.218] [bmv2] [D] [thread 3370] [10.0] [cxt 0] Pipeline 'ingress': end
[17:29:28.218] [bmv2] [D] [thread 3370] [10.0] [cxt 0] Egress port is 0
[17:29:28.218] [bmv2] [D] [thread 3370] [11.0] [cxt 0] Processing packet received on port 1
[17:29:28.218] [bmv2] [D] [thread 3370] [11.0] [cxt 0] Parser 'parser': start
[17:29:28.218] [bmv2] [D] [thread 3370] [11.0] [cxt 0] Parser 'parser' entering state 'start'
[17:29:28.218] [bmv2] [D] [thread 3370] [11.0] [cxt 0] Parser state 'start' has no switch, going to default next state
[17:29:28.218] [bmv2] [T] [thread 3370] [11.0] [cxt 0] Bytes parsed: 0
[17:29:28.218] [bmv2] [D] [thread 3370] [11.0] [cxt 0] Parser 'parser' entering state 'parse_ethernet'
[17:29:28.218] [bmv2] [D] [thread 3370] [11.0] [cxt 0] Extracting header 'ethernet'
[17:29:28.218] [bmv2] [D] [thread 3370] [11.0] [cxt 0] Parser state 'parse_ethernet': key is 86dd
[17:29:28.218] [bmv2] [T] [thread 3370] [11.0] [cxt 0] Bytes parsed: 14
[17:29:28.218] [bmv2] [T] [thread 3370] [11.0] [cxt 0] Skipping checksum 'cksum_0' verification because target field invalid
[17:29:28.218] [bmv2] [D] [thread 3370] [11.0] [cxt 0] Parser 'parser': end
[17:29:28.218] [bmv2] [D] [thread 3370] [11.0] [cxt 0] Pipeline 'ingress': start
[17:29:28.218] [bmv2] [T] [thread 3370] [11.0] [cxt 0] ndp-tree.p4(208) Condition "hdr.ipv4.isValid() && hdr.ipv4.ttl > 8w0" (node_2) is false
[17:29:28.218] [bmv2] [D] [thread 3370] [11.0] [cxt 0] Pipeline 'ingress': end
[17:29:28.218] [bmv2] [D] [thread 3370] [11.0] [cxt 0] Egress port is 0
[17:29:28.218] [bmv2] [D] [thread 3371] [8.0] [cxt 0] Pipeline 'egress': start
[17:29:28.218] [bmv2] [T] [thread 3371] [8.0] [cxt 0] Applying table 'dec_counter'
[17:29:28.218] [bmv2] [D] [thread 3371] [8.0] [cxt 0] Looking up key:
* standard_metadata.priority: 00

[17:29:28.218] [bmv2] [D] [thread 3371] [8.0] [cxt 0] Table 'dec_counter': miss
[17:29:28.218] [bmv2] [D] [thread 3371] [8.0] [cxt 0] Action entry is NoAction - 
[17:29:28.218] [bmv2] [T] [thread 3371] [8.0] [cxt 0] Action NoAction
[17:29:28.218] [bmv2] [T] [thread 3371] [8.0] [cxt 0] Applying table 'send_frame'
[17:29:28.218] [bmv2] [D] [thread 3371] [8.0] [cxt 0] Looking up key:
* standard_metadata.egress_port: 0000

[17:29:28.218] [bmv2] [D] [thread 3371] [8.0] [cxt 0] Table 'send_frame': miss
[17:29:28.218] [bmv2] [D] [thread 3371] [8.0] [cxt 0] Action entry is NoAction - 
[17:29:28.218] [bmv2] [T] [thread 3371] [8.0] [cxt 0] Action NoAction
[17:29:28.218] [bmv2] [D] [thread 3371] [8.0] [cxt 0] Pipeline 'egress': end
[17:29:28.218] [bmv2] [D] [thread 3371] [8.0] [cxt 0] Deparser 'deparser': start
[17:29:28.218] [bmv2] [D] [thread 3371] [8.0] [cxt 0] Updating checksum 'cksum'
[17:29:28.218] [bmv2] [D] [thread 3371] [8.0] [cxt 0] Deparsing header 'ethernet'
[17:29:28.218] [bmv2] [D] [thread 3371] [8.0] [cxt 0] Deparser 'deparser': end
[17:29:28.218] [bmv2] [D] [thread 3371] [9.0] [cxt 0] Pipeline 'egress': start
[17:29:28.218] [bmv2] [T] [thread 3371] [9.0] [cxt 0] Applying table 'dec_counter'
[17:29:28.218] [bmv2] [D] [thread 3371] [9.0] [cxt 0] Looking up key:
* standard_metadata.priority: 00

[17:29:28.218] [bmv2] [D] [thread 3371] [9.0] [cxt 0] Table 'dec_counter': miss
[17:29:28.218] [bmv2] [D] [thread 3371] [9.0] [cxt 0] Action entry is NoAction - 
[17:29:28.218] [bmv2] [T] [thread 3371] [9.0] [cxt 0] Action NoAction
[17:29:28.218] [bmv2] [T] [thread 3371] [9.0] [cxt 0] Applying table 'send_frame'
[17:29:28.218] [bmv2] [D] [thread 3371] [9.0] [cxt 0] Looking up key:
* standard_metadata.egress_port: 0000

[17:29:28.218] [bmv2] [D] [thread 3371] [9.0] [cxt 0] Table 'send_frame': miss
[17:29:28.218] [bmv2] [D] [thread 3371] [9.0] [cxt 0] Action entry is NoAction - 
[17:29:28.218] [bmv2] [T] [thread 3371] [9.0] [cxt 0] Action NoAction
[17:29:28.218] [bmv2] [D] [thread 3371] [9.0] [cxt 0] Pipeline 'egress': end
[17:29:28.218] [bmv2] [D] [thread 3371] [9.0] [cxt 0] Deparser 'deparser': start
[17:29:28.218] [bmv2] [D] [thread 3371] [9.0] [cxt 0] Updating checksum 'cksum'
[17:29:28.218] [bmv2] [D] [thread 3371] [9.0] [cxt 0] Deparsing header 'ethernet'
[17:29:28.218] [bmv2] [D] [thread 3371] [9.0] [cxt 0] Deparser 'deparser': end
[17:29:28.218] [bmv2] [D] [thread 3371] [10.0] [cxt 0] Pipeline 'egress': start
[17:29:28.218] [bmv2] [T] [thread 3371] [10.0] [cxt 0] Applying table 'dec_counter'
[17:29:28.218] [bmv2] [D] [thread 3371] [10.0] [cxt 0] Looking up key:
* standard_metadata.priority: 00

[17:29:28.218] [bmv2] [D] [thread 3371] [10.0] [cxt 0] Table 'dec_counter': miss
[17:29:28.218] [bmv2] [D] [thread 3371] [10.0] [cxt 0] Action entry is NoAction - 
[17:29:28.218] [bmv2] [T] [thread 3371] [10.0] [cxt 0] Action NoAction
[17:29:28.218] [bmv2] [T] [thread 3371] [10.0] [cxt 0] Applying table 'send_frame'
[17:29:28.218] [bmv2] [D] [thread 3371] [10.0] [cxt 0] Looking up key:
* standard_metadata.egress_port: 0000

[17:29:28.218] [bmv2] [D] [thread 3371] [10.0] [cxt 0] Table 'send_frame': miss
[17:29:28.218] [bmv2] [D] [thread 3371] [10.0] [cxt 0] Action entry is NoAction - 
[17:29:28.218] [bmv2] [T] [thread 3371] [10.0] [cxt 0] Action NoAction
[17:29:28.218] [bmv2] [D] [thread 3371] [10.0] [cxt 0] Pipeline 'egress': end
[17:29:28.218] [bmv2] [D] [thread 3371] [10.0] [cxt 0] Deparser 'deparser': start
[17:29:28.218] [bmv2] [D] [thread 3371] [10.0] [cxt 0] Updating checksum 'cksum'
[17:29:28.218] [bmv2] [D] [thread 3371] [10.0] [cxt 0] Deparsing header 'ethernet'
[17:29:28.218] [bmv2] [D] [thread 3371] [10.0] [cxt 0] Deparser 'deparser': end
[17:29:28.218] [bmv2] [D] [thread 3371] [11.0] [cxt 0] Pipeline 'egress': start
[17:29:28.218] [bmv2] [T] [thread 3371] [11.0] [cxt 0] Applying table 'dec_counter'
[17:29:28.218] [bmv2] [D] [thread 3371] [11.0] [cxt 0] Looking up key:
* standard_metadata.priority: 00

[17:29:28.218] [bmv2] [D] [thread 3371] [11.0] [cxt 0] Table 'dec_counter': miss
[17:29:28.218] [bmv2] [D] [thread 3371] [11.0] [cxt 0] Action entry is NoAction - 
[17:29:28.218] [bmv2] [T] [thread 3371] [11.0] [cxt 0] Action NoAction
[17:29:28.218] [bmv2] [T] [thread 3371] [11.0] [cxt 0] Applying table 'send_frame'
[17:29:28.218] [bmv2] [D] [thread 3371] [11.0] [cxt 0] Looking up key:
* standard_metadata.egress_port: 0000

[17:29:28.218] [bmv2] [D] [thread 3371] [11.0] [cxt 0] Table 'send_frame': miss
[17:29:28.218] [bmv2] [D] [thread 3371] [11.0] [cxt 0] Action entry is NoAction - 
[17:29:28.218] [bmv2] [T] [thread 3371] [11.0] [cxt 0] Action NoAction
[17:29:28.218] [bmv2] [D] [thread 3371] [11.0] [cxt 0] Pipeline 'egress': end
[17:29:28.218] [bmv2] [D] [thread 3371] [11.0] [cxt 0] Deparser 'deparser': start
[17:29:28.218] [bmv2] [D] [thread 3371] [11.0] [cxt 0] Updating checksum 'cksum'
[17:29:28.218] [bmv2] [D] [thread 3371] [11.0] [cxt 0] Deparsing header 'ethernet'
[17:29:28.218] [bmv2] [D] [thread 3371] [11.0] [cxt 0] Deparser 'deparser': end
[17:29:28.218] [bmv2] [D] [thread 3375] [8.0] [cxt 0] Transmitting packet of size 90 out of port 0
[17:29:28.218] [bmv2] [D] [thread 3375] [9.0] [cxt 0] Transmitting packet of size 70 out of port 0
[17:29:28.218] [bmv2] [D] [thread 3375] [10.0] [cxt 0] Transmitting packet of size 90 out of port 0
[17:29:28.218] [bmv2] [D] [thread 3375] [11.0] [cxt 0] Transmitting packet of size 70 out of port 0
[17:29:28.235] [bmv2] [D] [thread 3370] [12.0] [cxt 0] Processing packet received on port 3
[17:29:28.235] [bmv2] [D] [thread 3370] [12.0] [cxt 0] Parser 'parser': start
[17:29:28.235] [bmv2] [D] [thread 3370] [12.0] [cxt 0] Parser 'parser' entering state 'start'
[17:29:28.235] [bmv2] [D] [thread 3370] [12.0] [cxt 0] Parser state 'start' has no switch, going to default next state
[17:29:28.235] [bmv2] [T] [thread 3370] [12.0] [cxt 0] Bytes parsed: 0
[17:29:28.235] [bmv2] [D] [thread 3370] [12.0] [cxt 0] Parser 'parser' entering state 'parse_ethernet'
[17:29:28.235] [bmv2] [D] [thread 3370] [12.0] [cxt 0] Extracting header 'ethernet'
[17:29:28.235] [bmv2] [D] [thread 3370] [12.0] [cxt 0] Parser state 'parse_ethernet': key is 86dd
[17:29:28.235] [bmv2] [T] [thread 3370] [12.0] [cxt 0] Bytes parsed: 14
[17:29:28.235] [bmv2] [T] [thread 3370] [12.0] [cxt 0] Skipping checksum 'cksum_0' verification because target field invalid
[17:29:28.235] [bmv2] [D] [thread 3370] [12.0] [cxt 0] Parser 'parser': end
[17:29:28.235] [bmv2] [D] [thread 3370] [12.0] [cxt 0] Pipeline 'ingress': start
[17:29:28.235] [bmv2] [T] [thread 3370] [12.0] [cxt 0] ndp-tree.p4(208) Condition "hdr.ipv4.isValid() && hdr.ipv4.ttl > 8w0" (node_2) is false
[17:29:28.235] [bmv2] [D] [thread 3370] [12.0] [cxt 0] Pipeline 'ingress': end
[17:29:28.235] [bmv2] [D] [thread 3370] [12.0] [cxt 0] Egress port is 0
[17:29:28.235] [bmv2] [D] [thread 3371] [12.0] [cxt 0] Pipeline 'egress': start
[17:29:28.235] [bmv2] [T] [thread 3371] [12.0] [cxt 0] Applying table 'dec_counter'
[17:29:28.235] [bmv2] [D] [thread 3371] [12.0] [cxt 0] Looking up key:
* standard_metadata.priority: 00

[17:29:28.235] [bmv2] [D] [thread 3371] [12.0] [cxt 0] Table 'dec_counter': miss
[17:29:28.235] [bmv2] [D] [thread 3371] [12.0] [cxt 0] Action entry is NoAction - 
[17:29:28.235] [bmv2] [T] [thread 3371] [12.0] [cxt 0] Action NoAction
[17:29:28.235] [bmv2] [T] [thread 3371] [12.0] [cxt 0] Applying table 'send_frame'
[17:29:28.235] [bmv2] [D] [thread 3371] [12.0] [cxt 0] Looking up key:
* standard_metadata.egress_port: 0000

[17:29:28.235] [bmv2] [D] [thread 3371] [12.0] [cxt 0] Table 'send_frame': miss
[17:29:28.235] [bmv2] [D] [thread 3371] [12.0] [cxt 0] Action entry is NoAction - 
[17:29:28.235] [bmv2] [T] [thread 3371] [12.0] [cxt 0] Action NoAction
[17:29:28.235] [bmv2] [D] [thread 3371] [12.0] [cxt 0] Pipeline 'egress': end
[17:29:28.235] [bmv2] [D] [thread 3371] [12.0] [cxt 0] Deparser 'deparser': start
[17:29:28.235] [bmv2] [D] [thread 3371] [12.0] [cxt 0] Updating checksum 'cksum'
[17:29:28.235] [bmv2] [D] [thread 3371] [12.0] [cxt 0] Deparsing header 'ethernet'
[17:29:28.235] [bmv2] [D] [thread 3371] [12.0] [cxt 0] Deparser 'deparser': end
[17:29:28.235] [bmv2] [D] [thread 3375] [12.0] [cxt 0] Transmitting packet of size 90 out of port 0
[17:29:28.387] [bmv2] [D] [thread 3370] [13.0] [cxt 0] Processing packet received on port 3
[17:29:28.387] [bmv2] [D] [thread 3370] [13.0] [cxt 0] Parser 'parser': start
[17:29:28.387] [bmv2] [D] [thread 3370] [13.0] [cxt 0] Parser 'parser' entering state 'start'
[17:29:28.387] [bmv2] [D] [thread 3370] [13.0] [cxt 0] Parser state 'start' has no switch, going to default next state
[17:29:28.387] [bmv2] [T] [thread 3370] [13.0] [cxt 0] Bytes parsed: 0
[17:29:28.387] [bmv2] [D] [thread 3370] [13.0] [cxt 0] Parser 'parser' entering state 'parse_ethernet'
[17:29:28.387] [bmv2] [D] [thread 3370] [13.0] [cxt 0] Extracting header 'ethernet'
[17:29:28.387] [bmv2] [D] [thread 3370] [13.0] [cxt 0] Parser state 'parse_ethernet': key is 86dd
[17:29:28.387] [bmv2] [T] [thread 3370] [13.0] [cxt 0] Bytes parsed: 14
[17:29:28.387] [bmv2] [T] [thread 3370] [13.0] [cxt 0] Skipping checksum 'cksum_0' verification because target field invalid
[17:29:28.387] [bmv2] [D] [thread 3370] [13.0] [cxt 0] Parser 'parser': end
[17:29:28.387] [bmv2] [D] [thread 3370] [13.0] [cxt 0] Pipeline 'ingress': start
[17:29:28.387] [bmv2] [T] [thread 3370] [13.0] [cxt 0] ndp-tree.p4(208) Condition "hdr.ipv4.isValid() && hdr.ipv4.ttl > 8w0" (node_2) is false
[17:29:28.387] [bmv2] [D] [thread 3370] [13.0] [cxt 0] Pipeline 'ingress': end
[17:29:28.387] [bmv2] [D] [thread 3370] [13.0] [cxt 0] Egress port is 0
[17:29:28.387] [bmv2] [D] [thread 3370] [14.0] [cxt 0] Processing packet received on port 3
[17:29:28.387] [bmv2] [D] [thread 3370] [14.0] [cxt 0] Parser 'parser': start
[17:29:28.387] [bmv2] [D] [thread 3370] [14.0] [cxt 0] Parser 'parser' entering state 'start'
[17:29:28.387] [bmv2] [D] [thread 3370] [14.0] [cxt 0] Parser state 'start' has no switch, going to default next state
[17:29:28.387] [bmv2] [T] [thread 3370] [14.0] [cxt 0] Bytes parsed: 0
[17:29:28.387] [bmv2] [D] [thread 3370] [14.0] [cxt 0] Parser 'parser' entering state 'parse_ethernet'
[17:29:28.387] [bmv2] [D] [thread 3370] [14.0] [cxt 0] Extracting header 'ethernet'
[17:29:28.387] [bmv2] [D] [thread 3370] [14.0] [cxt 0] Parser state 'parse_ethernet': key is 86dd
[17:29:28.387] [bmv2] [T] [thread 3370] [14.0] [cxt 0] Bytes parsed: 14
[17:29:28.387] [bmv2] [T] [thread 3370] [14.0] [cxt 0] Skipping checksum 'cksum_0' verification because target field invalid
[17:29:28.387] [bmv2] [D] [thread 3370] [14.0] [cxt 0] Parser 'parser': end
[17:29:28.387] [bmv2] [D] [thread 3370] [14.0] [cxt 0] Pipeline 'ingress': start
[17:29:28.387] [bmv2] [T] [thread 3370] [14.0] [cxt 0] ndp-tree.p4(208) Condition "hdr.ipv4.isValid() && hdr.ipv4.ttl > 8w0" (node_2) is false
[17:29:28.387] [bmv2] [D] [thread 3370] [14.0] [cxt 0] Pipeline 'ingress': end
[17:29:28.387] [bmv2] [D] [thread 3370] [14.0] [cxt 0] Egress port is 0
[17:29:28.387] [bmv2] [D] [thread 3371] [13.0] [cxt 0] Pipeline 'egress': start
[17:29:28.387] [bmv2] [T] [thread 3371] [13.0] [cxt 0] Applying table 'dec_counter'
[17:29:28.387] [bmv2] [D] [thread 3371] [13.0] [cxt 0] Looking up key:
* standard_metadata.priority: 00

[17:29:28.387] [bmv2] [D] [thread 3371] [13.0] [cxt 0] Table 'dec_counter': miss
[17:29:28.387] [bmv2] [D] [thread 3371] [13.0] [cxt 0] Action entry is NoAction - 
[17:29:28.388] [bmv2] [T] [thread 3371] [13.0] [cxt 0] Action NoAction
[17:29:28.388] [bmv2] [T] [thread 3371] [13.0] [cxt 0] Applying table 'send_frame'
[17:29:28.388] [bmv2] [D] [thread 3371] [13.0] [cxt 0] Looking up key:
* standard_metadata.egress_port: 0000

[17:29:28.388] [bmv2] [D] [thread 3371] [13.0] [cxt 0] Table 'send_frame': miss
[17:29:28.388] [bmv2] [D] [thread 3371] [13.0] [cxt 0] Action entry is NoAction - 
[17:29:28.388] [bmv2] [T] [thread 3371] [13.0] [cxt 0] Action NoAction
[17:29:28.388] [bmv2] [D] [thread 3371] [13.0] [cxt 0] Pipeline 'egress': end
[17:29:28.388] [bmv2] [D] [thread 3371] [13.0] [cxt 0] Deparser 'deparser': start
[17:29:28.388] [bmv2] [D] [thread 3371] [13.0] [cxt 0] Updating checksum 'cksum'
[17:29:28.388] [bmv2] [D] [thread 3371] [13.0] [cxt 0] Deparsing header 'ethernet'
[17:29:28.388] [bmv2] [D] [thread 3371] [13.0] [cxt 0] Deparser 'deparser': end
[17:29:28.388] [bmv2] [D] [thread 3371] [14.0] [cxt 0] Pipeline 'egress': start
[17:29:28.388] [bmv2] [T] [thread 3371] [14.0] [cxt 0] Applying table 'dec_counter'
[17:29:28.388] [bmv2] [D] [thread 3371] [14.0] [cxt 0] Looking up key:
* standard_metadata.priority: 00

[17:29:28.388] [bmv2] [D] [thread 3371] [14.0] [cxt 0] Table 'dec_counter': miss
[17:29:28.388] [bmv2] [D] [thread 3371] [14.0] [cxt 0] Action entry is NoAction - 
[17:29:28.388] [bmv2] [T] [thread 3371] [14.0] [cxt 0] Action NoAction
[17:29:28.388] [bmv2] [T] [thread 3371] [14.0] [cxt 0] Applying table 'send_frame'
[17:29:28.388] [bmv2] [D] [thread 3371] [14.0] [cxt 0] Looking up key:
* standard_metadata.egress_port: 0000

[17:29:28.388] [bmv2] [D] [thread 3371] [14.0] [cxt 0] Table 'send_frame': miss
[17:29:28.388] [bmv2] [D] [thread 3371] [14.0] [cxt 0] Action entry is NoAction - 
[17:29:28.388] [bmv2] [T] [thread 3371] [14.0] [cxt 0] Action NoAction
[17:29:28.388] [bmv2] [D] [thread 3371] [14.0] [cxt 0] Pipeline 'egress': end
[17:29:28.388] [bmv2] [D] [thread 3371] [14.0] [cxt 0] Deparser 'deparser': start
[17:29:28.388] [bmv2] [D] [thread 3371] [14.0] [cxt 0] Updating checksum 'cksum'
[17:29:28.388] [bmv2] [D] [thread 3371] [14.0] [cxt 0] Deparsing header 'ethernet'
[17:29:28.388] [bmv2] [D] [thread 3371] [14.0] [cxt 0] Deparser 'deparser': end
[17:29:28.388] [bmv2] [D] [thread 3375] [13.0] [cxt 0] Transmitting packet of size 90 out of port 0
[17:29:28.388] [bmv2] [D] [thread 3375] [14.0] [cxt 0] Transmitting packet of size 70 out of port 0
[17:29:28.527] [bmv2] [D] [thread 3370] [15.0] [cxt 0] Processing packet received on port 1
[17:29:28.527] [bmv2] [D] [thread 3370] [15.0] [cxt 0] Parser 'parser': start
[17:29:28.527] [bmv2] [D] [thread 3370] [15.0] [cxt 0] Parser 'parser' entering state 'start'
[17:29:28.527] [bmv2] [D] [thread 3370] [15.0] [cxt 0] Parser state 'start' has no switch, going to default next state
[17:29:28.527] [bmv2] [T] [thread 3370] [15.0] [cxt 0] Bytes parsed: 0
[17:29:28.527] [bmv2] [D] [thread 3370] [15.0] [cxt 0] Parser 'parser' entering state 'parse_ethernet'
[17:29:28.527] [bmv2] [D] [thread 3370] [15.0] [cxt 0] Extracting header 'ethernet'
[17:29:28.527] [bmv2] [D] [thread 3370] [15.0] [cxt 0] Parser state 'parse_ethernet': key is 86dd
[17:29:28.527] [bmv2] [T] [thread 3370] [15.0] [cxt 0] Bytes parsed: 14
[17:29:28.527] [bmv2] [T] [thread 3370] [15.0] [cxt 0] Skipping checksum 'cksum_0' verification because target field invalid
[17:29:28.527] [bmv2] [D] [thread 3370] [15.0] [cxt 0] Parser 'parser': end
[17:29:28.527] [bmv2] [D] [thread 3370] [15.0] [cxt 0] Pipeline 'ingress': start
[17:29:28.527] [bmv2] [T] [thread 3370] [15.0] [cxt 0] ndp-tree.p4(208) Condition "hdr.ipv4.isValid() && hdr.ipv4.ttl > 8w0" (node_2) is false
[17:29:28.527] [bmv2] [D] [thread 3370] [15.0] [cxt 0] Pipeline 'ingress': end
[17:29:28.527] [bmv2] [D] [thread 3370] [15.0] [cxt 0] Egress port is 0
[17:29:28.527] [bmv2] [D] [thread 3371] [15.0] [cxt 0] Pipeline 'egress': start
[17:29:28.527] [bmv2] [T] [thread 3371] [15.0] [cxt 0] Applying table 'dec_counter'
[17:29:28.527] [bmv2] [D] [thread 3371] [15.0] [cxt 0] Looking up key:
* standard_metadata.priority: 00

[17:29:28.527] [bmv2] [D] [thread 3371] [15.0] [cxt 0] Table 'dec_counter': miss
[17:29:28.527] [bmv2] [D] [thread 3371] [15.0] [cxt 0] Action entry is NoAction - 
[17:29:28.527] [bmv2] [T] [thread 3371] [15.0] [cxt 0] Action NoAction
[17:29:28.527] [bmv2] [T] [thread 3371] [15.0] [cxt 0] Applying table 'send_frame'
[17:29:28.527] [bmv2] [D] [thread 3371] [15.0] [cxt 0] Looking up key:
* standard_metadata.egress_port: 0000

[17:29:28.527] [bmv2] [D] [thread 3371] [15.0] [cxt 0] Table 'send_frame': miss
[17:29:28.527] [bmv2] [D] [thread 3371] [15.0] [cxt 0] Action entry is NoAction - 
[17:29:28.527] [bmv2] [T] [thread 3371] [15.0] [cxt 0] Action NoAction
[17:29:28.527] [bmv2] [D] [thread 3371] [15.0] [cxt 0] Pipeline 'egress': end
[17:29:28.527] [bmv2] [D] [thread 3371] [15.0] [cxt 0] Deparser 'deparser': start
[17:29:28.527] [bmv2] [D] [thread 3371] [15.0] [cxt 0] Updating checksum 'cksum'
[17:29:28.527] [bmv2] [D] [thread 3371] [15.0] [cxt 0] Deparsing header 'ethernet'
[17:29:28.527] [bmv2] [D] [thread 3371] [15.0] [cxt 0] Deparser 'deparser': end
[17:29:28.527] [bmv2] [D] [thread 3375] [15.0] [cxt 0] Transmitting packet of size 90 out of port 0
[17:29:28.719] [bmv2] [D] [thread 3370] [16.0] [cxt 0] Processing packet received on port 1
[17:29:28.719] [bmv2] [D] [thread 3370] [16.0] [cxt 0] Parser 'parser': start
[17:29:28.719] [bmv2] [D] [thread 3370] [16.0] [cxt 0] Parser 'parser' entering state 'start'
[17:29:28.719] [bmv2] [D] [thread 3370] [16.0] [cxt 0] Parser state 'start' has no switch, going to default next state
[17:29:28.719] [bmv2] [T] [thread 3370] [16.0] [cxt 0] Bytes parsed: 0
[17:29:28.719] [bmv2] [D] [thread 3370] [16.0] [cxt 0] Parser 'parser' entering state 'parse_ethernet'
[17:29:28.719] [bmv2] [D] [thread 3370] [16.0] [cxt 0] Extracting header 'ethernet'
[17:29:28.719] [bmv2] [D] [thread 3370] [16.0] [cxt 0] Parser state 'parse_ethernet': key is 86dd
[17:29:28.719] [bmv2] [T] [thread 3370] [16.0] [cxt 0] Bytes parsed: 14
[17:29:28.719] [bmv2] [T] [thread 3370] [16.0] [cxt 0] Skipping checksum 'cksum_0' verification because target field invalid
[17:29:28.719] [bmv2] [D] [thread 3370] [16.0] [cxt 0] Parser 'parser': end
[17:29:28.719] [bmv2] [D] [thread 3370] [16.0] [cxt 0] Pipeline 'ingress': start
[17:29:28.719] [bmv2] [T] [thread 3370] [16.0] [cxt 0] ndp-tree.p4(208) Condition "hdr.ipv4.isValid() && hdr.ipv4.ttl > 8w0" (node_2) is false
[17:29:28.719] [bmv2] [D] [thread 3370] [16.0] [cxt 0] Pipeline 'ingress': end
[17:29:28.719] [bmv2] [D] [thread 3370] [16.0] [cxt 0] Egress port is 0
[17:29:28.719] [bmv2] [D] [thread 3371] [16.0] [cxt 0] Pipeline 'egress': start
[17:29:28.719] [bmv2] [T] [thread 3371] [16.0] [cxt 0] Applying table 'dec_counter'
[17:29:28.719] [bmv2] [D] [thread 3371] [16.0] [cxt 0] Looking up key:
* standard_metadata.priority: 00

[17:29:28.719] [bmv2] [D] [thread 3371] [16.0] [cxt 0] Table 'dec_counter': miss
[17:29:28.719] [bmv2] [D] [thread 3371] [16.0] [cxt 0] Action entry is NoAction - 
[17:29:28.719] [bmv2] [T] [thread 3371] [16.0] [cxt 0] Action NoAction
[17:29:28.719] [bmv2] [T] [thread 3371] [16.0] [cxt 0] Applying table 'send_frame'
[17:29:28.719] [bmv2] [D] [thread 3371] [16.0] [cxt 0] Looking up key:
* standard_metadata.egress_port: 0000

[17:29:28.719] [bmv2] [D] [thread 3371] [16.0] [cxt 0] Table 'send_frame': miss
[17:29:28.719] [bmv2] [D] [thread 3371] [16.0] [cxt 0] Action entry is NoAction - 
[17:29:28.719] [bmv2] [T] [thread 3371] [16.0] [cxt 0] Action NoAction
[17:29:28.719] [bmv2] [D] [thread 3371] [16.0] [cxt 0] Pipeline 'egress': end
[17:29:28.719] [bmv2] [D] [thread 3371] [16.0] [cxt 0] Deparser 'deparser': start
[17:29:28.719] [bmv2] [D] [thread 3371] [16.0] [cxt 0] Updating checksum 'cksum'
[17:29:28.719] [bmv2] [D] [thread 3371] [16.0] [cxt 0] Deparsing header 'ethernet'
[17:29:28.719] [bmv2] [D] [thread 3371] [16.0] [cxt 0] Deparser 'deparser': end
[17:29:28.719] [bmv2] [D] [thread 3375] [16.0] [cxt 0] Transmitting packet of size 90 out of port 0
[17:29:29.388] [bmv2] [D] [thread 3370] [17.0] [cxt 0] Processing packet received on port 3
[17:29:29.388] [bmv2] [D] [thread 3370] [17.0] [cxt 0] Parser 'parser': start
[17:29:29.388] [bmv2] [D] [thread 3370] [17.0] [cxt 0] Parser 'parser' entering state 'start'
[17:29:29.388] [bmv2] [D] [thread 3370] [17.0] [cxt 0] Parser state 'start' has no switch, going to default next state
[17:29:29.388] [bmv2] [T] [thread 3370] [17.0] [cxt 0] Bytes parsed: 0
[17:29:29.388] [bmv2] [D] [thread 3370] [17.0] [cxt 0] Parser 'parser' entering state 'parse_ethernet'
[17:29:29.388] [bmv2] [D] [thread 3370] [17.0] [cxt 0] Extracting header 'ethernet'
[17:29:29.388] [bmv2] [D] [thread 3370] [17.0] [cxt 0] Parser state 'parse_ethernet': key is 86dd
[17:29:29.388] [bmv2] [T] [thread 3370] [17.0] [cxt 0] Bytes parsed: 14
[17:29:29.388] [bmv2] [T] [thread 3370] [17.0] [cxt 0] Skipping checksum 'cksum_0' verification because target field invalid
[17:29:29.388] [bmv2] [D] [thread 3370] [17.0] [cxt 0] Parser 'parser': end
[17:29:29.388] [bmv2] [D] [thread 3370] [17.0] [cxt 0] Pipeline 'ingress': start
[17:29:29.388] [bmv2] [T] [thread 3370] [17.0] [cxt 0] ndp-tree.p4(208) Condition "hdr.ipv4.isValid() && hdr.ipv4.ttl > 8w0" (node_2) is false
[17:29:29.388] [bmv2] [D] [thread 3370] [17.0] [cxt 0] Pipeline 'ingress': end
[17:29:29.388] [bmv2] [D] [thread 3370] [17.0] [cxt 0] Egress port is 0
[17:29:29.388] [bmv2] [D] [thread 3371] [17.0] [cxt 0] Pipeline 'egress': start
[17:29:29.388] [bmv2] [T] [thread 3371] [17.0] [cxt 0] Applying table 'dec_counter'
[17:29:29.388] [bmv2] [D] [thread 3371] [17.0] [cxt 0] Looking up key:
* standard_metadata.priority: 00

[17:29:29.388] [bmv2] [D] [thread 3371] [17.0] [cxt 0] Table 'dec_counter': miss
[17:29:29.388] [bmv2] [D] [thread 3371] [17.0] [cxt 0] Action entry is NoAction - 
[17:29:29.388] [bmv2] [T] [thread 3371] [17.0] [cxt 0] Action NoAction
[17:29:29.388] [bmv2] [T] [thread 3371] [17.0] [cxt 0] Applying table 'send_frame'
[17:29:29.388] [bmv2] [D] [thread 3371] [17.0] [cxt 0] Looking up key:
* standard_metadata.egress_port: 0000

[17:29:29.388] [bmv2] [D] [thread 3371] [17.0] [cxt 0] Table 'send_frame': miss
[17:29:29.388] [bmv2] [D] [thread 3371] [17.0] [cxt 0] Action entry is NoAction - 
[17:29:29.388] [bmv2] [T] [thread 3371] [17.0] [cxt 0] Action NoAction
[17:29:29.388] [bmv2] [D] [thread 3371] [17.0] [cxt 0] Pipeline 'egress': end
[17:29:29.388] [bmv2] [D] [thread 3371] [17.0] [cxt 0] Deparser 'deparser': start
[17:29:29.388] [bmv2] [D] [thread 3371] [17.0] [cxt 0] Updating checksum 'cksum'
[17:29:29.388] [bmv2] [D] [thread 3371] [17.0] [cxt 0] Deparsing header 'ethernet'
[17:29:29.388] [bmv2] [D] [thread 3371] [17.0] [cxt 0] Deparser 'deparser': end
[17:29:29.388] [bmv2] [D] [thread 3375] [17.0] [cxt 0] Transmitting packet of size 90 out of port 0
[17:29:30.006] [bmv2] [W] [thread 3436] [P4Runtime] p4::tmp::P4DeviceConfig is deprecated
[17:29:30.010] [bmv2] [D] [thread 3436] Set default default entry for table 'ipv4_lpm': NoAction - 
[17:29:30.010] [bmv2] [D] [thread 3436] Set default default entry for table 'readbuffersense': NoAction - 
[17:29:30.010] [bmv2] [D] [thread 3436] Set default default entry for table 'setprio': NoAction - 
[17:29:30.010] [bmv2] [D] [thread 3436] Set default default entry for table 'directtoprio': NoAction - 
[17:29:30.010] [bmv2] [D] [thread 3436] Set default default entry for table 'forward': NoAction - 
[17:29:30.010] [bmv2] [D] [thread 3436] Set default default entry for table 'dec_counter': NoAction - 
[17:29:30.010] [bmv2] [D] [thread 3436] Set default default entry for table 'send_frame': NoAction - 
[17:29:30.011] [bmv2] [D] [thread 3436] simple_switch target has been notified of a config swap
[17:29:30.014] [bmv2] [D] [thread 3437] Entry 0 added to table 'ipv4_lpm'
[17:29:30.014] [bmv2] [D] [thread 3437] Dumping entry 0
Match key:
* ipv4.dstAddr        : LPM       0a0a0a07/32
Action entry: set_nhop - a0a0a07,2,

[17:29:30.016] [bmv2] [D] [thread 3436] Entry 1 added to table 'ipv4_lpm'
[17:29:30.016] [bmv2] [D] [thread 3436] Dumping entry 1
Match key:
* ipv4.dstAddr        : LPM       0b0a0a07/32
Action entry: set_nhop - a0a0a07,2,

[17:29:30.017] [bmv2] [D] [thread 3437] Entry 2 added to table 'ipv4_lpm'
[17:29:30.017] [bmv2] [D] [thread 3437] Dumping entry 2
Match key:
* ipv4.dstAddr        : LPM       0a0a0b05/32
Action entry: set_nhop - a0a0b05,1,

[17:29:30.019] [bmv2] [D] [thread 3436] Entry 3 added to table 'ipv4_lpm'
[17:29:30.019] [bmv2] [D] [thread 3436] Dumping entry 3
Match key:
* ipv4.dstAddr        : LPM       0b0a0b05/32
Action entry: set_nhop - b0a0b05,3,

[17:29:30.020] [bmv2] [D] [thread 3437] Entry 4 added to table 'ipv4_lpm'
[17:29:30.020] [bmv2] [D] [thread 3437] Dumping entry 4
Match key:
* ipv4.dstAddr        : LPM       0a0a0d08/32
Action entry: set_nhop - a0a0d08,4,

[17:29:30.022] [bmv2] [D] [thread 3436] Entry 5 added to table 'ipv4_lpm'
[17:29:30.022] [bmv2] [D] [thread 3436] Dumping entry 5
Match key:
* ipv4.dstAddr        : LPM       0b0a0d08/32
Action entry: set_nhop - a0a0d08,4,

[17:29:30.023] [bmv2] [D] [thread 3437] Entry 0 added to table 'forward'
[17:29:30.023] [bmv2] [D] [thread 3437] Dumping entry 0
Match key:
* routing_metadata.nhop_ipv4: EXACT     0a0a0a07
Action entry: set_dmac - 800273ad8f4,80027d17d9e,

[17:29:30.024] [bmv2] [D] [thread 3436] Entry 1 added to table 'forward'
[17:29:30.024] [bmv2] [D] [thread 3436] Dumping entry 1
Match key:
* routing_metadata.nhop_ipv4: EXACT     0b0a0a07
Action entry: set_dmac - 800273ad8f4,80027d17d9e,

[17:29:30.026] [bmv2] [D] [thread 3437] Entry 2 added to table 'forward'
[17:29:30.026] [bmv2] [D] [thread 3437] Dumping entry 2
Match key:
* routing_metadata.nhop_ipv4: EXACT     0a0a0d08
Action entry: set_dmac - 8002745f713,800276779f2,

[17:29:30.028] [bmv2] [D] [thread 3436] Entry 3 added to table 'forward'
[17:29:30.028] [bmv2] [D] [thread 3436] Dumping entry 3
Match key:
* routing_metadata.nhop_ipv4: EXACT     0b0a0d08
Action entry: set_dmac - 8002745f713,800276779f2,

[17:29:30.030] [bmv2] [D] [thread 3437] Entry 4 added to table 'forward'
[17:29:30.030] [bmv2] [D] [thread 3437] Dumping entry 4
Match key:
* routing_metadata.nhop_ipv4: EXACT     0a0a0b05
Action entry: set_dmac - 80000000003,800276779f2,

[17:29:30.031] [bmv2] [D] [thread 3436] Entry 5 added to table 'forward'
[17:29:30.031] [bmv2] [D] [thread 3436] Dumping entry 5
Match key:
* routing_metadata.nhop_ipv4: EXACT     0b0a0b05
Action entry: set_dmac - 80000000003,800276779f2,

[17:29:30.033] [bmv2] [D] [thread 3437] Set default entry for table 'directtoprio': directpriohigh - 
[17:29:30.034] [bmv2] [D] [thread 3436] Set default entry for table 'readbuffersense': readbuffer - 
[17:29:30.035] [bmv2] [D] [thread 3437] Entry 0 added to table 'setprio'
[17:29:30.035] [bmv2] [D] [thread 3437] Dumping entry 0
Match key:
* meta.register_tmp   : RANGE     0008 -> 0008
Priority: 2147483646
Action entry: setpriohigh - 

[17:29:30.036] [bmv2] [D] [thread 3436] Entry 1 added to table 'setprio'
[17:29:30.036] [bmv2] [D] [thread 3436] Dumping entry 1
Match key:
* meta.register_tmp   : RANGE     0000 -> 0007
Priority: 2147483646
Action entry: setpriolow - 

[17:29:30.037] [bmv2] [D] [thread 3437] Entry 0 added to table 'dec_counter'
[17:29:30.037] [bmv2] [D] [thread 3437] Dumping entry 0
Match key:
* standard_metadata.priority: RANGE     01 -> 01
Priority: 2147483646
Action entry: decreasereg - 

[17:29:32.049] [bmv2] [D] [thread 3370] [18.0] [cxt 0] Processing packet received on port 3
[17:29:32.049] [bmv2] [D] [thread 3370] [18.0] [cxt 0] Parser 'parser': start
[17:29:32.049] [bmv2] [D] [thread 3370] [18.0] [cxt 0] Parser 'parser' entering state 'start'
[17:29:32.049] [bmv2] [D] [thread 3370] [18.0] [cxt 0] Parser state 'start' has no switch, going to default next state
[17:29:32.049] [bmv2] [T] [thread 3370] [18.0] [cxt 0] Bytes parsed: 0
[17:29:32.049] [bmv2] [D] [thread 3370] [18.0] [cxt 0] Parser 'parser' entering state 'parse_ethernet'
[17:29:32.049] [bmv2] [D] [thread 3370] [18.0] [cxt 0] Extracting header 'ethernet'
[17:29:32.049] [bmv2] [D] [thread 3370] [18.0] [cxt 0] Parser state 'parse_ethernet': key is 86dd
[17:29:32.049] [bmv2] [T] [thread 3370] [18.0] [cxt 0] Bytes parsed: 14
[17:29:32.049] [bmv2] [T] [thread 3370] [18.0] [cxt 0] Skipping checksum 'cksum_0' verification because target field invalid
[17:29:32.049] [bmv2] [D] [thread 3370] [18.0] [cxt 0] Parser 'parser': end
[17:29:32.049] [bmv2] [D] [thread 3370] [18.0] [cxt 0] Pipeline 'ingress': start
[17:29:32.049] [bmv2] [T] [thread 3370] [18.0] [cxt 0] ndp-tree.p4(208) Condition "hdr.ipv4.isValid() && hdr.ipv4.ttl > 8w0" (node_2) is false
[17:29:32.049] [bmv2] [D] [thread 3370] [18.0] [cxt 0] Pipeline 'ingress': end
[17:29:32.049] [bmv2] [D] [thread 3370] [18.0] [cxt 0] Egress port is 0
[17:29:32.050] [bmv2] [D] [thread 3371] [18.0] [cxt 0] Pipeline 'egress': start
[17:29:32.050] [bmv2] [T] [thread 3371] [18.0] [cxt 0] Applying table 'dec_counter'
[17:29:32.050] [bmv2] [D] [thread 3371] [18.0] [cxt 0] Looking up key:
* standard_metadata.priority: 00

[17:29:32.050] [bmv2] [D] [thread 3371] [18.0] [cxt 0] Table 'dec_counter': miss
[17:29:32.050] [bmv2] [D] [thread 3371] [18.0] [cxt 0] Action entry is NoAction - 
[17:29:32.050] [bmv2] [T] [thread 3371] [18.0] [cxt 0] Action NoAction
[17:29:32.050] [bmv2] [T] [thread 3371] [18.0] [cxt 0] Applying table 'send_frame'
[17:29:32.050] [bmv2] [D] [thread 3371] [18.0] [cxt 0] Looking up key:
* standard_metadata.egress_port: 0000

[17:29:32.050] [bmv2] [D] [thread 3371] [18.0] [cxt 0] Table 'send_frame': miss
[17:29:32.050] [bmv2] [D] [thread 3371] [18.0] [cxt 0] Action entry is NoAction - 
[17:29:32.050] [bmv2] [T] [thread 3371] [18.0] [cxt 0] Action NoAction
[17:29:32.050] [bmv2] [D] [thread 3371] [18.0] [cxt 0] Pipeline 'egress': end
[17:29:32.050] [bmv2] [D] [thread 3371] [18.0] [cxt 0] Deparser 'deparser': start
[17:29:32.050] [bmv2] [D] [thread 3371] [18.0] [cxt 0] Updating checksum 'cksum'
[17:29:32.050] [bmv2] [D] [thread 3371] [18.0] [cxt 0] Deparsing header 'ethernet'
[17:29:32.050] [bmv2] [D] [thread 3371] [18.0] [cxt 0] Deparser 'deparser': end
[17:29:32.050] [bmv2] [D] [thread 3375] [18.0] [cxt 0] Transmitting packet of size 70 out of port 0
[17:29:32.562] [bmv2] [D] [thread 3370] [19.0] [cxt 0] Processing packet received on port 3
[17:29:32.562] [bmv2] [D] [thread 3370] [19.0] [cxt 0] Parser 'parser': start
[17:29:32.562] [bmv2] [D] [thread 3370] [19.0] [cxt 0] Parser 'parser' entering state 'start'
[17:29:32.562] [bmv2] [D] [thread 3370] [19.0] [cxt 0] Parser state 'start' has no switch, going to default next state
[17:29:32.562] [bmv2] [T] [thread 3370] [19.0] [cxt 0] Bytes parsed: 0
[17:29:32.562] [bmv2] [D] [thread 3370] [19.0] [cxt 0] Parser 'parser' entering state 'parse_ethernet'
[17:29:32.562] [bmv2] [D] [thread 3370] [19.0] [cxt 0] Extracting header 'ethernet'
[17:29:32.562] [bmv2] [D] [thread 3370] [19.0] [cxt 0] Parser state 'parse_ethernet': key is 86dd
[17:29:32.562] [bmv2] [T] [thread 3370] [19.0] [cxt 0] Bytes parsed: 14
[17:29:32.562] [bmv2] [T] [thread 3370] [19.0] [cxt 0] Skipping checksum 'cksum_0' verification because target field invalid
[17:29:32.562] [bmv2] [D] [thread 3370] [19.0] [cxt 0] Parser 'parser': end
[17:29:32.562] [bmv2] [D] [thread 3370] [19.0] [cxt 0] Pipeline 'ingress': start
[17:29:32.562] [bmv2] [T] [thread 3370] [19.0] [cxt 0] ndp-tree.p4(208) Condition "hdr.ipv4.isValid() && hdr.ipv4.ttl > 8w0" (node_2) is false
[17:29:32.562] [bmv2] [D] [thread 3370] [19.0] [cxt 0] Pipeline 'ingress': end
[17:29:32.562] [bmv2] [D] [thread 3370] [19.0] [cxt 0] Egress port is 0
[17:29:32.563] [bmv2] [D] [thread 3371] [19.0] [cxt 0] Pipeline 'egress': start
[17:29:32.563] [bmv2] [T] [thread 3371] [19.0] [cxt 0] Applying table 'dec_counter'
[17:29:32.563] [bmv2] [D] [thread 3371] [19.0] [cxt 0] Looking up key:
* standard_metadata.priority: 00

[17:29:32.563] [bmv2] [D] [thread 3371] [19.0] [cxt 0] Table 'dec_counter': miss
[17:29:32.563] [bmv2] [D] [thread 3371] [19.0] [cxt 0] Action entry is NoAction - 
[17:29:32.563] [bmv2] [T] [thread 3371] [19.0] [cxt 0] Action NoAction
[17:29:32.563] [bmv2] [T] [thread 3371] [19.0] [cxt 0] Applying table 'send_frame'
[17:29:32.563] [bmv2] [D] [thread 3371] [19.0] [cxt 0] Looking up key:
* standard_metadata.egress_port: 0000

[17:29:32.563] [bmv2] [D] [thread 3371] [19.0] [cxt 0] Table 'send_frame': miss
[17:29:32.563] [bmv2] [D] [thread 3371] [19.0] [cxt 0] Action entry is NoAction - 
[17:29:32.563] [bmv2] [T] [thread 3371] [19.0] [cxt 0] Action NoAction
[17:29:32.563] [bmv2] [D] [thread 3371] [19.0] [cxt 0] Pipeline 'egress': end
[17:29:32.563] [bmv2] [D] [thread 3371] [19.0] [cxt 0] Deparser 'deparser': start
[17:29:32.563] [bmv2] [D] [thread 3371] [19.0] [cxt 0] Updating checksum 'cksum'
[17:29:32.563] [bmv2] [D] [thread 3371] [19.0] [cxt 0] Deparsing header 'ethernet'
[17:29:32.563] [bmv2] [D] [thread 3371] [19.0] [cxt 0] Deparser 'deparser': end
[17:29:32.563] [bmv2] [D] [thread 3375] [19.0] [cxt 0] Transmitting packet of size 70 out of port 0
[17:29:32.563] [bmv2] [D] [thread 3370] [20.0] [cxt 0] Processing packet received on port 1
[17:29:32.563] [bmv2] [D] [thread 3370] [20.0] [cxt 0] Parser 'parser': start
[17:29:32.563] [bmv2] [D] [thread 3370] [20.0] [cxt 0] Parser 'parser' entering state 'start'
[17:29:32.563] [bmv2] [D] [thread 3370] [20.0] [cxt 0] Parser state 'start' has no switch, going to default next state
[17:29:32.563] [bmv2] [T] [thread 3370] [20.0] [cxt 0] Bytes parsed: 0
[17:29:32.563] [bmv2] [D] [thread 3370] [20.0] [cxt 0] Parser 'parser' entering state 'parse_ethernet'
[17:29:32.563] [bmv2] [D] [thread 3370] [20.0] [cxt 0] Extracting header 'ethernet'
[17:29:32.563] [bmv2] [D] [thread 3370] [20.0] [cxt 0] Parser state 'parse_ethernet': key is 86dd
[17:29:32.563] [bmv2] [T] [thread 3370] [20.0] [cxt 0] Bytes parsed: 14
[17:29:32.563] [bmv2] [T] [thread 3370] [20.0] [cxt 0] Skipping checksum 'cksum_0' verification because target field invalid
[17:29:32.563] [bmv2] [D] [thread 3370] [20.0] [cxt 0] Parser 'parser': end
[17:29:32.563] [bmv2] [D] [thread 3370] [20.0] [cxt 0] Pipeline 'ingress': start
[17:29:32.563] [bmv2] [T] [thread 3370] [20.0] [cxt 0] ndp-tree.p4(208) Condition "hdr.ipv4.isValid() && hdr.ipv4.ttl > 8w0" (node_2) is false
[17:29:32.563] [bmv2] [D] [thread 3370] [20.0] [cxt 0] Pipeline 'ingress': end
[17:29:32.563] [bmv2] [D] [thread 3370] [20.0] [cxt 0] Egress port is 0
[17:29:32.563] [bmv2] [D] [thread 3371] [20.0] [cxt 0] Pipeline 'egress': start
[17:29:32.563] [bmv2] [T] [thread 3371] [20.0] [cxt 0] Applying table 'dec_counter'
[17:29:32.563] [bmv2] [D] [thread 3371] [20.0] [cxt 0] Looking up key:
* standard_metadata.priority: 00

[17:29:32.563] [bmv2] [D] [thread 3371] [20.0] [cxt 0] Table 'dec_counter': miss
[17:29:32.563] [bmv2] [D] [thread 3371] [20.0] [cxt 0] Action entry is NoAction - 
[17:29:32.563] [bmv2] [T] [thread 3371] [20.0] [cxt 0] Action NoAction
[17:29:32.563] [bmv2] [T] [thread 3371] [20.0] [cxt 0] Applying table 'send_frame'
[17:29:32.563] [bmv2] [D] [thread 3371] [20.0] [cxt 0] Looking up key:
* standard_metadata.egress_port: 0000

[17:29:32.563] [bmv2] [D] [thread 3371] [20.0] [cxt 0] Table 'send_frame': miss
[17:29:32.563] [bmv2] [D] [thread 3371] [20.0] [cxt 0] Action entry is NoAction - 
[17:29:32.563] [bmv2] [T] [thread 3371] [20.0] [cxt 0] Action NoAction
[17:29:32.563] [bmv2] [D] [thread 3371] [20.0] [cxt 0] Pipeline 'egress': end
[17:29:32.563] [bmv2] [D] [thread 3371] [20.0] [cxt 0] Deparser 'deparser': start
[17:29:32.563] [bmv2] [D] [thread 3371] [20.0] [cxt 0] Updating checksum 'cksum'
[17:29:32.563] [bmv2] [D] [thread 3371] [20.0] [cxt 0] Deparsing header 'ethernet'
[17:29:32.563] [bmv2] [D] [thread 3371] [20.0] [cxt 0] Deparser 'deparser': end
[17:29:32.563] [bmv2] [D] [thread 3375] [20.0] [cxt 0] Transmitting packet of size 70 out of port 0
[17:29:32.820] [bmv2] [D] [thread 3370] [21.0] [cxt 0] Processing packet received on port 1
[17:29:32.820] [bmv2] [D] [thread 3370] [21.0] [cxt 0] Parser 'parser': start
[17:29:32.820] [bmv2] [D] [thread 3370] [21.0] [cxt 0] Parser 'parser' entering state 'start'
[17:29:32.820] [bmv2] [D] [thread 3370] [21.0] [cxt 0] Parser state 'start' has no switch, going to default next state
[17:29:32.820] [bmv2] [T] [thread 3370] [21.0] [cxt 0] Bytes parsed: 0
[17:29:32.820] [bmv2] [D] [thread 3370] [21.0] [cxt 0] Parser 'parser' entering state 'parse_ethernet'
[17:29:32.820] [bmv2] [D] [thread 3370] [21.0] [cxt 0] Extracting header 'ethernet'
[17:29:32.820] [bmv2] [D] [thread 3370] [21.0] [cxt 0] Parser state 'parse_ethernet': key is 86dd
[17:29:32.820] [bmv2] [T] [thread 3370] [21.0] [cxt 0] Bytes parsed: 14
[17:29:32.820] [bmv2] [T] [thread 3370] [21.0] [cxt 0] Skipping checksum 'cksum_0' verification because target field invalid
[17:29:32.820] [bmv2] [D] [thread 3370] [21.0] [cxt 0] Parser 'parser': end
[17:29:32.820] [bmv2] [D] [thread 3370] [21.0] [cxt 0] Pipeline 'ingress': start
[17:29:32.820] [bmv2] [T] [thread 3370] [21.0] [cxt 0] ndp-tree.p4(208) Condition "hdr.ipv4.isValid() && hdr.ipv4.ttl > 8w0" (node_2) is false
[17:29:32.820] [bmv2] [D] [thread 3370] [21.0] [cxt 0] Pipeline 'ingress': end
[17:29:32.820] [bmv2] [D] [thread 3370] [21.0] [cxt 0] Egress port is 0
[17:29:32.822] [bmv2] [D] [thread 3371] [21.0] [cxt 0] Pipeline 'egress': start
[17:29:32.822] [bmv2] [T] [thread 3371] [21.0] [cxt 0] Applying table 'dec_counter'
[17:29:32.822] [bmv2] [D] [thread 3371] [21.0] [cxt 0] Looking up key:
* standard_metadata.priority: 00

[17:29:32.822] [bmv2] [D] [thread 3371] [21.0] [cxt 0] Table 'dec_counter': miss
[17:29:32.822] [bmv2] [D] [thread 3371] [21.0] [cxt 0] Action entry is NoAction - 
[17:29:32.822] [bmv2] [T] [thread 3371] [21.0] [cxt 0] Action NoAction
[17:29:32.822] [bmv2] [T] [thread 3371] [21.0] [cxt 0] Applying table 'send_frame'
[17:29:32.822] [bmv2] [D] [thread 3371] [21.0] [cxt 0] Looking up key:
* standard_metadata.egress_port: 0000

[17:29:32.822] [bmv2] [D] [thread 3371] [21.0] [cxt 0] Table 'send_frame': miss
[17:29:32.822] [bmv2] [D] [thread 3371] [21.0] [cxt 0] Action entry is NoAction - 
[17:29:32.822] [bmv2] [T] [thread 3371] [21.0] [cxt 0] Action NoAction
[17:29:32.822] [bmv2] [D] [thread 3371] [21.0] [cxt 0] Pipeline 'egress': end
[17:29:32.822] [bmv2] [D] [thread 3371] [21.0] [cxt 0] Deparser 'deparser': start
[17:29:32.822] [bmv2] [D] [thread 3371] [21.0] [cxt 0] Updating checksum 'cksum'
[17:29:32.822] [bmv2] [D] [thread 3371] [21.0] [cxt 0] Deparsing header 'ethernet'
[17:29:32.822] [bmv2] [D] [thread 3371] [21.0] [cxt 0] Deparser 'deparser': end
[17:29:32.822] [bmv2] [D] [thread 3375] [21.0] [cxt 0] Transmitting packet of size 70 out of port 0
open: No such file or directory
open: No such file or directory
