Calling target program-options parser
[17:29:27.332] [bmv2] [D] [thread 3377] Set default default entry for table 'ipv4_lpm': NoAction - 
[17:29:27.332] [bmv2] [D] [thread 3377] Set default default entry for table 'readbuffersense': NoAction - 
[17:29:27.332] [bmv2] [D] [thread 3377] Set default default entry for table 'setprio': NoAction - 
[17:29:27.332] [bmv2] [D] [thread 3377] Set default default entry for table 'directtoprio': NoAction - 
[17:29:27.332] [bmv2] [D] [thread 3377] Set default default entry for table 'forward': NoAction - 
[17:29:27.332] [bmv2] [D] [thread 3377] Set default default entry for table 'dec_counter': NoAction - 
[17:29:27.332] [bmv2] [D] [thread 3377] Set default default entry for table 'send_frame': NoAction - 
Adding interface s2-eth1 as port 1
[17:29:27.333] [bmv2] [D] [thread 3377] Adding interface s2-eth1 as port 1
Adding interface eth2 as port 2
[17:29:27.375] [bmv2] [D] [thread 3377] Adding interface eth2 as port 2
Adding interface s2-eth3 as port 3
[17:29:27.407] [bmv2] [D] [thread 3377] Adding interface s2-eth3 as port 3
Adding interface eth4 as port 4
[17:29:27.451] [bmv2] [D] [thread 3377] Adding interface eth4 as port 4
Server listening on 0.0.0.0:50052
[17:29:27.496] [bmv2] [I] [thread 3377] Starting Thrift server on port 9091
[17:29:27.496] [bmv2] [I] [thread 3377] Thrift server was started
[17:29:27.496] [bmv2] [D] [thread 3387] [0.0] [cxt 0] Processing packet received on port 1
[17:29:27.496] [bmv2] [D] [thread 3387] [0.0] [cxt 0] Parser 'parser': start
[17:29:27.496] [bmv2] [D] [thread 3387] [0.0] [cxt 0] Parser 'parser' entering state 'start'
[17:29:27.496] [bmv2] [D] [thread 3387] [0.0] [cxt 0] Parser state 'start' has no switch, going to default next state
[17:29:27.496] [bmv2] [T] [thread 3387] [0.0] [cxt 0] Bytes parsed: 0
[17:29:27.496] [bmv2] [D] [thread 3387] [0.0] [cxt 0] Parser 'parser' entering state 'parse_ethernet'
[17:29:27.496] [bmv2] [D] [thread 3387] [0.0] [cxt 0] Extracting header 'ethernet'
[17:29:27.496] [bmv2] [D] [thread 3387] [0.0] [cxt 0] Parser state 'parse_ethernet': key is 86dd
[17:29:27.496] [bmv2] [T] [thread 3387] [0.0] [cxt 0] Bytes parsed: 14
[17:29:27.496] [bmv2] [T] [thread 3387] [0.0] [cxt 0] Skipping checksum 'cksum_0' verification because target field invalid
[17:29:27.496] [bmv2] [D] [thread 3387] [0.0] [cxt 0] Parser 'parser': end
[17:29:27.496] [bmv2] [D] [thread 3387] [0.0] [cxt 0] Pipeline 'ingress': start
[17:29:27.497] [bmv2] [T] [thread 3387] [0.0] [cxt 0] ndp-tree.p4(208) Condition "hdr.ipv4.isValid() && hdr.ipv4.ttl > 8w0" (node_2) is false
[17:29:27.497] [bmv2] [D] [thread 3387] [0.0] [cxt 0] Pipeline 'ingress': end
[17:29:27.497] [bmv2] [D] [thread 3387] [0.0] [cxt 0] Egress port is 0
[17:29:27.497] [bmv2] [D] [thread 3388] [0.0] [cxt 0] Pipeline 'egress': start
[17:29:27.497] [bmv2] [T] [thread 3388] [0.0] [cxt 0] Applying table 'dec_counter'
[17:29:27.497] [bmv2] [D] [thread 3388] [0.0] [cxt 0] Looking up key:
* standard_metadata.priority: 00

[17:29:27.497] [bmv2] [D] [thread 3388] [0.0] [cxt 0] Table 'dec_counter': miss
[17:29:27.497] [bmv2] [D] [thread 3388] [0.0] [cxt 0] Action entry is NoAction - 
[17:29:27.497] [bmv2] [T] [thread 3388] [0.0] [cxt 0] Action NoAction
[17:29:27.497] [bmv2] [T] [thread 3388] [0.0] [cxt 0] Applying table 'send_frame'
[17:29:27.497] [bmv2] [D] [thread 3388] [0.0] [cxt 0] Looking up key:
* standard_metadata.egress_port: 0000

[17:29:27.497] [bmv2] [D] [thread 3388] [0.0] [cxt 0] Table 'send_frame': miss
[17:29:27.497] [bmv2] [D] [thread 3388] [0.0] [cxt 0] Action entry is NoAction - 
[17:29:27.497] [bmv2] [T] [thread 3388] [0.0] [cxt 0] Action NoAction
[17:29:27.497] [bmv2] [D] [thread 3388] [0.0] [cxt 0] Pipeline 'egress': end
[17:29:27.497] [bmv2] [D] [thread 3388] [0.0] [cxt 0] Deparser 'deparser': start
[17:29:27.497] [bmv2] [D] [thread 3388] [0.0] [cxt 0] Updating checksum 'cksum'
[17:29:27.497] [bmv2] [D] [thread 3388] [0.0] [cxt 0] Deparsing header 'ethernet'
[17:29:27.497] [bmv2] [D] [thread 3388] [0.0] [cxt 0] Deparser 'deparser': end
[17:29:27.497] [bmv2] [D] [thread 3392] [0.0] [cxt 0] Transmitting packet of size 90 out of port 0
[17:29:27.659] [bmv2] [D] [thread 3387] [1.0] [cxt 0] Processing packet received on port 3
[17:29:27.659] [bmv2] [D] [thread 3387] [1.0] [cxt 0] Parser 'parser': start
[17:29:27.659] [bmv2] [D] [thread 3387] [1.0] [cxt 0] Parser 'parser' entering state 'start'
[17:29:27.659] [bmv2] [D] [thread 3387] [1.0] [cxt 0] Parser state 'start' has no switch, going to default next state
[17:29:27.659] [bmv2] [T] [thread 3387] [1.0] [cxt 0] Bytes parsed: 0
[17:29:27.659] [bmv2] [D] [thread 3387] [1.0] [cxt 0] Parser 'parser' entering state 'parse_ethernet'
[17:29:27.659] [bmv2] [D] [thread 3387] [1.0] [cxt 0] Extracting header 'ethernet'
[17:29:27.659] [bmv2] [D] [thread 3387] [1.0] [cxt 0] Parser state 'parse_ethernet': key is 86dd
[17:29:27.659] [bmv2] [T] [thread 3387] [1.0] [cxt 0] Bytes parsed: 14
[17:29:27.659] [bmv2] [T] [thread 3387] [1.0] [cxt 0] Skipping checksum 'cksum_0' verification because target field invalid
[17:29:27.659] [bmv2] [D] [thread 3387] [1.0] [cxt 0] Parser 'parser': end
[17:29:27.659] [bmv2] [D] [thread 3387] [1.0] [cxt 0] Pipeline 'ingress': start
[17:29:27.659] [bmv2] [T] [thread 3387] [1.0] [cxt 0] ndp-tree.p4(208) Condition "hdr.ipv4.isValid() && hdr.ipv4.ttl > 8w0" (node_2) is false
[17:29:27.659] [bmv2] [D] [thread 3387] [1.0] [cxt 0] Pipeline 'ingress': end
[17:29:27.659] [bmv2] [D] [thread 3387] [1.0] [cxt 0] Egress port is 0
[17:29:27.659] [bmv2] [D] [thread 3388] [1.0] [cxt 0] Pipeline 'egress': start
[17:29:27.659] [bmv2] [T] [thread 3388] [1.0] [cxt 0] Applying table 'dec_counter'
[17:29:27.659] [bmv2] [D] [thread 3388] [1.0] [cxt 0] Looking up key:
* standard_metadata.priority: 00

[17:29:27.659] [bmv2] [D] [thread 3388] [1.0] [cxt 0] Table 'dec_counter': miss
[17:29:27.659] [bmv2] [D] [thread 3388] [1.0] [cxt 0] Action entry is NoAction - 
[17:29:27.659] [bmv2] [T] [thread 3388] [1.0] [cxt 0] Action NoAction
[17:29:27.659] [bmv2] [T] [thread 3388] [1.0] [cxt 0] Applying table 'send_frame'
[17:29:27.659] [bmv2] [D] [thread 3388] [1.0] [cxt 0] Looking up key:
* standard_metadata.egress_port: 0000

[17:29:27.659] [bmv2] [D] [thread 3388] [1.0] [cxt 0] Table 'send_frame': miss
[17:29:27.659] [bmv2] [D] [thread 3388] [1.0] [cxt 0] Action entry is NoAction - 
[17:29:27.659] [bmv2] [T] [thread 3388] [1.0] [cxt 0] Action NoAction
[17:29:27.659] [bmv2] [D] [thread 3388] [1.0] [cxt 0] Pipeline 'egress': end
[17:29:27.659] [bmv2] [D] [thread 3388] [1.0] [cxt 0] Deparser 'deparser': start
[17:29:27.659] [bmv2] [D] [thread 3388] [1.0] [cxt 0] Updating checksum 'cksum'
[17:29:27.659] [bmv2] [D] [thread 3388] [1.0] [cxt 0] Deparsing header 'ethernet'
[17:29:27.659] [bmv2] [D] [thread 3388] [1.0] [cxt 0] Deparser 'deparser': end
[17:29:27.659] [bmv2] [D] [thread 3392] [1.0] [cxt 0] Transmitting packet of size 86 out of port 0
[17:29:27.733] [bmv2] [D] [thread 3387] [2.0] [cxt 0] Processing packet received on port 1
[17:29:27.733] [bmv2] [D] [thread 3387] [2.0] [cxt 0] Parser 'parser': start
[17:29:27.733] [bmv2] [D] [thread 3387] [2.0] [cxt 0] Parser 'parser' entering state 'start'
[17:29:27.733] [bmv2] [D] [thread 3387] [2.0] [cxt 0] Parser state 'start' has no switch, going to default next state
[17:29:27.733] [bmv2] [T] [thread 3387] [2.0] [cxt 0] Bytes parsed: 0
[17:29:27.733] [bmv2] [D] [thread 3387] [2.0] [cxt 0] Parser 'parser' entering state 'parse_ethernet'
[17:29:27.733] [bmv2] [D] [thread 3387] [2.0] [cxt 0] Extracting header 'ethernet'
[17:29:27.733] [bmv2] [D] [thread 3387] [2.0] [cxt 0] Parser state 'parse_ethernet': key is 86dd
[17:29:27.733] [bmv2] [T] [thread 3387] [2.0] [cxt 0] Bytes parsed: 14
[17:29:27.733] [bmv2] [T] [thread 3387] [2.0] [cxt 0] Skipping checksum 'cksum_0' verification because target field invalid
[17:29:27.733] [bmv2] [D] [thread 3387] [2.0] [cxt 0] Parser 'parser': end
[17:29:27.733] [bmv2] [D] [thread 3387] [2.0] [cxt 0] Pipeline 'ingress': start
[17:29:27.733] [bmv2] [T] [thread 3387] [2.0] [cxt 0] ndp-tree.p4(208) Condition "hdr.ipv4.isValid() && hdr.ipv4.ttl > 8w0" (node_2) is false
[17:29:27.733] [bmv2] [D] [thread 3387] [2.0] [cxt 0] Pipeline 'ingress': end
[17:29:27.733] [bmv2] [D] [thread 3387] [2.0] [cxt 0] Egress port is 0
[17:29:27.733] [bmv2] [D] [thread 3387] [3.0] [cxt 0] Processing packet received on port 1
[17:29:27.733] [bmv2] [D] [thread 3387] [3.0] [cxt 0] Parser 'parser': start
[17:29:27.733] [bmv2] [D] [thread 3387] [3.0] [cxt 0] Parser 'parser' entering state 'start'
[17:29:27.733] [bmv2] [D] [thread 3387] [3.0] [cxt 0] Parser state 'start' has no switch, going to default next state
[17:29:27.733] [bmv2] [T] [thread 3387] [3.0] [cxt 0] Bytes parsed: 0
[17:29:27.733] [bmv2] [D] [thread 3387] [3.0] [cxt 0] Parser 'parser' entering state 'parse_ethernet'
[17:29:27.733] [bmv2] [D] [thread 3387] [3.0] [cxt 0] Extracting header 'ethernet'
[17:29:27.733] [bmv2] [D] [thread 3387] [3.0] [cxt 0] Parser state 'parse_ethernet': key is 86dd
[17:29:27.733] [bmv2] [T] [thread 3387] [3.0] [cxt 0] Bytes parsed: 14
[17:29:27.733] [bmv2] [T] [thread 3387] [3.0] [cxt 0] Skipping checksum 'cksum_0' verification because target field invalid
[17:29:27.733] [bmv2] [D] [thread 3387] [3.0] [cxt 0] Parser 'parser': end
[17:29:27.733] [bmv2] [D] [thread 3387] [3.0] [cxt 0] Pipeline 'ingress': start
[17:29:27.733] [bmv2] [T] [thread 3387] [3.0] [cxt 0] ndp-tree.p4(208) Condition "hdr.ipv4.isValid() && hdr.ipv4.ttl > 8w0" (node_2) is false
[17:29:27.733] [bmv2] [D] [thread 3387] [3.0] [cxt 0] Pipeline 'ingress': end
[17:29:27.733] [bmv2] [D] [thread 3387] [3.0] [cxt 0] Egress port is 0
[17:29:27.733] [bmv2] [D] [thread 3388] [2.0] [cxt 0] Pipeline 'egress': start
[17:29:27.733] [bmv2] [T] [thread 3388] [2.0] [cxt 0] Applying table 'dec_counter'
[17:29:27.733] [bmv2] [D] [thread 3388] [2.0] [cxt 0] Looking up key:
* standard_metadata.priority: 00

[17:29:27.733] [bmv2] [D] [thread 3388] [2.0] [cxt 0] Table 'dec_counter': miss
[17:29:27.733] [bmv2] [D] [thread 3388] [2.0] [cxt 0] Action entry is NoAction - 
[17:29:27.733] [bmv2] [T] [thread 3388] [2.0] [cxt 0] Action NoAction
[17:29:27.733] [bmv2] [T] [thread 3388] [2.0] [cxt 0] Applying table 'send_frame'
[17:29:27.733] [bmv2] [D] [thread 3388] [2.0] [cxt 0] Looking up key:
* standard_metadata.egress_port: 0000

[17:29:27.733] [bmv2] [D] [thread 3388] [2.0] [cxt 0] Table 'send_frame': miss
[17:29:27.733] [bmv2] [D] [thread 3388] [2.0] [cxt 0] Action entry is NoAction - 
[17:29:27.733] [bmv2] [T] [thread 3388] [2.0] [cxt 0] Action NoAction
[17:29:27.733] [bmv2] [D] [thread 3388] [2.0] [cxt 0] Pipeline 'egress': end
[17:29:27.733] [bmv2] [D] [thread 3388] [2.0] [cxt 0] Deparser 'deparser': start
[17:29:27.733] [bmv2] [D] [thread 3388] [2.0] [cxt 0] Updating checksum 'cksum'
[17:29:27.733] [bmv2] [D] [thread 3388] [2.0] [cxt 0] Deparsing header 'ethernet'
[17:29:27.733] [bmv2] [D] [thread 3388] [2.0] [cxt 0] Deparser 'deparser': end
[17:29:27.733] [bmv2] [D] [thread 3388] [3.0] [cxt 0] Pipeline 'egress': start
[17:29:27.733] [bmv2] [D] [thread 3392] [2.0] [cxt 0] Transmitting packet of size 90 out of port 0
[17:29:27.734] [bmv2] [T] [thread 3388] [3.0] [cxt 0] Applying table 'dec_counter'
[17:29:27.735] [bmv2] [D] [thread 3388] [3.0] [cxt 0] Looking up key:
* standard_metadata.priority: 00

[17:29:27.735] [bmv2] [D] [thread 3388] [3.0] [cxt 0] Table 'dec_counter': miss
[17:29:27.735] [bmv2] [D] [thread 3388] [3.0] [cxt 0] Action entry is NoAction - 
[17:29:27.735] [bmv2] [T] [thread 3388] [3.0] [cxt 0] Action NoAction
[17:29:27.735] [bmv2] [T] [thread 3388] [3.0] [cxt 0] Applying table 'send_frame'
[17:29:27.735] [bmv2] [D] [thread 3388] [3.0] [cxt 0] Looking up key:
* standard_metadata.egress_port: 0000

[17:29:27.735] [bmv2] [D] [thread 3388] [3.0] [cxt 0] Table 'send_frame': miss
[17:29:27.735] [bmv2] [D] [thread 3388] [3.0] [cxt 0] Action entry is NoAction - 
[17:29:27.735] [bmv2] [T] [thread 3388] [3.0] [cxt 0] Action NoAction
[17:29:27.735] [bmv2] [D] [thread 3388] [3.0] [cxt 0] Pipeline 'egress': end
[17:29:27.735] [bmv2] [D] [thread 3388] [3.0] [cxt 0] Deparser 'deparser': start
[17:29:27.735] [bmv2] [D] [thread 3388] [3.0] [cxt 0] Updating checksum 'cksum'
[17:29:27.735] [bmv2] [D] [thread 3388] [3.0] [cxt 0] Deparsing header 'ethernet'
[17:29:27.735] [bmv2] [D] [thread 3388] [3.0] [cxt 0] Deparser 'deparser': end
[17:29:27.735] [bmv2] [D] [thread 3392] [3.0] [cxt 0] Transmitting packet of size 70 out of port 0
[17:29:27.806] [bmv2] [D] [thread 3387] [4.0] [cxt 0] Processing packet received on port 1
[17:29:27.807] [bmv2] [D] [thread 3387] [4.0] [cxt 0] Parser 'parser': start
[17:29:27.807] [bmv2] [D] [thread 3387] [4.0] [cxt 0] Parser 'parser' entering state 'start'
[17:29:27.807] [bmv2] [D] [thread 3387] [4.0] [cxt 0] Parser state 'start' has no switch, going to default next state
[17:29:27.807] [bmv2] [T] [thread 3387] [4.0] [cxt 0] Bytes parsed: 0
[17:29:27.807] [bmv2] [D] [thread 3387] [4.0] [cxt 0] Parser 'parser' entering state 'parse_ethernet'
[17:29:27.807] [bmv2] [D] [thread 3387] [4.0] [cxt 0] Extracting header 'ethernet'
[17:29:27.807] [bmv2] [D] [thread 3387] [4.0] [cxt 0] Parser state 'parse_ethernet': key is 86dd
[17:29:27.807] [bmv2] [T] [thread 3387] [4.0] [cxt 0] Bytes parsed: 14
[17:29:27.807] [bmv2] [T] [thread 3387] [4.0] [cxt 0] Skipping checksum 'cksum_0' verification because target field invalid
[17:29:27.807] [bmv2] [D] [thread 3387] [4.0] [cxt 0] Parser 'parser': end
[17:29:27.807] [bmv2] [D] [thread 3387] [4.0] [cxt 0] Pipeline 'ingress': start
[17:29:27.807] [bmv2] [T] [thread 3387] [4.0] [cxt 0] ndp-tree.p4(208) Condition "hdr.ipv4.isValid() && hdr.ipv4.ttl > 8w0" (node_2) is false
[17:29:27.807] [bmv2] [D] [thread 3387] [4.0] [cxt 0] Pipeline 'ingress': end
[17:29:27.807] [bmv2] [D] [thread 3387] [4.0] [cxt 0] Egress port is 0
[17:29:27.807] [bmv2] [D] [thread 3388] [4.0] [cxt 0] Pipeline 'egress': start
[17:29:27.807] [bmv2] [T] [thread 3388] [4.0] [cxt 0] Applying table 'dec_counter'
[17:29:27.808] [bmv2] [D] [thread 3388] [4.0] [cxt 0] Looking up key:
* standard_metadata.priority: 00

[17:29:27.808] [bmv2] [D] [thread 3388] [4.0] [cxt 0] Table 'dec_counter': miss
[17:29:27.808] [bmv2] [D] [thread 3388] [4.0] [cxt 0] Action entry is NoAction - 
[17:29:27.808] [bmv2] [T] [thread 3388] [4.0] [cxt 0] Action NoAction
[17:29:27.808] [bmv2] [T] [thread 3388] [4.0] [cxt 0] Applying table 'send_frame'
[17:29:27.808] [bmv2] [D] [thread 3388] [4.0] [cxt 0] Looking up key:
* standard_metadata.egress_port: 0000

[17:29:27.808] [bmv2] [D] [thread 3388] [4.0] [cxt 0] Table 'send_frame': miss
[17:29:27.808] [bmv2] [D] [thread 3388] [4.0] [cxt 0] Action entry is NoAction - 
[17:29:27.808] [bmv2] [T] [thread 3388] [4.0] [cxt 0] Action NoAction
[17:29:27.808] [bmv2] [D] [thread 3388] [4.0] [cxt 0] Pipeline 'egress': end
[17:29:27.808] [bmv2] [D] [thread 3388] [4.0] [cxt 0] Deparser 'deparser': start
[17:29:27.808] [bmv2] [D] [thread 3388] [4.0] [cxt 0] Updating checksum 'cksum'
[17:29:27.808] [bmv2] [D] [thread 3388] [4.0] [cxt 0] Deparsing header 'ethernet'
[17:29:27.808] [bmv2] [D] [thread 3388] [4.0] [cxt 0] Deparser 'deparser': end
[17:29:27.808] [bmv2] [D] [thread 3392] [4.0] [cxt 0] Transmitting packet of size 90 out of port 0
[17:29:28.026] [bmv2] [D] [thread 3387] [5.0] [cxt 0] Processing packet received on port 3
[17:29:28.026] [bmv2] [D] [thread 3387] [5.0] [cxt 0] Parser 'parser': start
[17:29:28.027] [bmv2] [D] [thread 3387] [5.0] [cxt 0] Parser 'parser' entering state 'start'
[17:29:28.027] [bmv2] [D] [thread 3387] [5.0] [cxt 0] Parser state 'start' has no switch, going to default next state
[17:29:28.027] [bmv2] [T] [thread 3387] [5.0] [cxt 0] Bytes parsed: 0
[17:29:28.027] [bmv2] [D] [thread 3387] [5.0] [cxt 0] Parser 'parser' entering state 'parse_ethernet'
[17:29:28.027] [bmv2] [D] [thread 3387] [5.0] [cxt 0] Extracting header 'ethernet'
[17:29:28.027] [bmv2] [D] [thread 3387] [5.0] [cxt 0] Parser state 'parse_ethernet': key is 86dd
[17:29:28.027] [bmv2] [T] [thread 3387] [5.0] [cxt 0] Bytes parsed: 14
[17:29:28.027] [bmv2] [T] [thread 3387] [5.0] [cxt 0] Skipping checksum 'cksum_0' verification because target field invalid
[17:29:28.027] [bmv2] [D] [thread 3387] [5.0] [cxt 0] Parser 'parser': end
[17:29:28.027] [bmv2] [D] [thread 3387] [5.0] [cxt 0] Pipeline 'ingress': start
[17:29:28.027] [bmv2] [T] [thread 3387] [5.0] [cxt 0] ndp-tree.p4(208) Condition "hdr.ipv4.isValid() && hdr.ipv4.ttl > 8w0" (node_2) is false
[17:29:28.027] [bmv2] [D] [thread 3387] [5.0] [cxt 0] Pipeline 'ingress': end
[17:29:28.027] [bmv2] [D] [thread 3387] [5.0] [cxt 0] Egress port is 0
[17:29:28.027] [bmv2] [D] [thread 3387] [6.0] [cxt 0] Processing packet received on port 3
[17:29:28.027] [bmv2] [D] [thread 3387] [6.0] [cxt 0] Parser 'parser': start
[17:29:28.027] [bmv2] [D] [thread 3387] [6.0] [cxt 0] Parser 'parser' entering state 'start'
[17:29:28.027] [bmv2] [D] [thread 3387] [6.0] [cxt 0] Parser state 'start' has no switch, going to default next state
[17:29:28.027] [bmv2] [T] [thread 3387] [6.0] [cxt 0] Bytes parsed: 0
[17:29:28.027] [bmv2] [D] [thread 3387] [6.0] [cxt 0] Parser 'parser' entering state 'parse_ethernet'
[17:29:28.028] [bmv2] [D] [thread 3387] [6.0] [cxt 0] Extracting header 'ethernet'
[17:29:28.028] [bmv2] [D] [thread 3387] [6.0] [cxt 0] Parser state 'parse_ethernet': key is 86dd
[17:29:28.028] [bmv2] [T] [thread 3387] [6.0] [cxt 0] Bytes parsed: 14
[17:29:28.028] [bmv2] [T] [thread 3387] [6.0] [cxt 0] Skipping checksum 'cksum_0' verification because target field invalid
[17:29:28.028] [bmv2] [D] [thread 3387] [6.0] [cxt 0] Parser 'parser': end
[17:29:28.028] [bmv2] [D] [thread 3387] [6.0] [cxt 0] Pipeline 'ingress': start
[17:29:28.028] [bmv2] [T] [thread 3387] [6.0] [cxt 0] ndp-tree.p4(208) Condition "hdr.ipv4.isValid() && hdr.ipv4.ttl > 8w0" (node_2) is false
[17:29:28.028] [bmv2] [D] [thread 3387] [6.0] [cxt 0] Pipeline 'ingress': end
[17:29:28.028] [bmv2] [D] [thread 3387] [6.0] [cxt 0] Egress port is 0
[17:29:28.028] [bmv2] [D] [thread 3388] [5.0] [cxt 0] Pipeline 'egress': start
[17:29:28.028] [bmv2] [T] [thread 3388] [5.0] [cxt 0] Applying table 'dec_counter'
[17:29:28.028] [bmv2] [D] [thread 3388] [5.0] [cxt 0] Looking up key:
* standard_metadata.priority: 00

[17:29:28.028] [bmv2] [D] [thread 3388] [5.0] [cxt 0] Table 'dec_counter': miss
[17:29:28.028] [bmv2] [D] [thread 3388] [5.0] [cxt 0] Action entry is NoAction - 
[17:29:28.028] [bmv2] [T] [thread 3388] [5.0] [cxt 0] Action NoAction
[17:29:28.028] [bmv2] [T] [thread 3388] [5.0] [cxt 0] Applying table 'send_frame'
[17:29:28.028] [bmv2] [D] [thread 3388] [5.0] [cxt 0] Looking up key:
* standard_metadata.egress_port: 0000

[17:29:28.028] [bmv2] [D] [thread 3388] [5.0] [cxt 0] Table 'send_frame': miss
[17:29:28.028] [bmv2] [D] [thread 3388] [5.0] [cxt 0] Action entry is NoAction - 
[17:29:28.028] [bmv2] [T] [thread 3388] [5.0] [cxt 0] Action NoAction
[17:29:28.028] [bmv2] [D] [thread 3388] [5.0] [cxt 0] Pipeline 'egress': end
[17:29:28.028] [bmv2] [D] [thread 3388] [5.0] [cxt 0] Deparser 'deparser': start
[17:29:28.028] [bmv2] [D] [thread 3388] [5.0] [cxt 0] Updating checksum 'cksum'
[17:29:28.028] [bmv2] [D] [thread 3388] [5.0] [cxt 0] Deparsing header 'ethernet'
[17:29:28.028] [bmv2] [D] [thread 3388] [5.0] [cxt 0] Deparser 'deparser': end
[17:29:28.028] [bmv2] [D] [thread 3388] [6.0] [cxt 0] Pipeline 'egress': start
[17:29:28.028] [bmv2] [T] [thread 3388] [6.0] [cxt 0] Applying table 'dec_counter'
[17:29:28.028] [bmv2] [D] [thread 3388] [6.0] [cxt 0] Looking up key:
* standard_metadata.priority: 00

[17:29:28.028] [bmv2] [D] [thread 3388] [6.0] [cxt 0] Table 'dec_counter': miss
[17:29:28.028] [bmv2] [D] [thread 3388] [6.0] [cxt 0] Action entry is NoAction - 
[17:29:28.028] [bmv2] [T] [thread 3388] [6.0] [cxt 0] Action NoAction
[17:29:28.028] [bmv2] [T] [thread 3388] [6.0] [cxt 0] Applying table 'send_frame'
[17:29:28.029] [bmv2] [D] [thread 3388] [6.0] [cxt 0] Looking up key:
* standard_metadata.egress_port: 0000

[17:29:28.029] [bmv2] [D] [thread 3388] [6.0] [cxt 0] Table 'send_frame': miss
[17:29:28.029] [bmv2] [D] [thread 3388] [6.0] [cxt 0] Action entry is NoAction - 
[17:29:28.029] [bmv2] [T] [thread 3388] [6.0] [cxt 0] Action NoAction
[17:29:28.029] [bmv2] [D] [thread 3388] [6.0] [cxt 0] Pipeline 'egress': end
[17:29:28.029] [bmv2] [D] [thread 3388] [6.0] [cxt 0] Deparser 'deparser': start
[17:29:28.029] [bmv2] [D] [thread 3388] [6.0] [cxt 0] Updating checksum 'cksum'
[17:29:28.029] [bmv2] [D] [thread 3388] [6.0] [cxt 0] Deparsing header 'ethernet'
[17:29:28.029] [bmv2] [D] [thread 3388] [6.0] [cxt 0] Deparser 'deparser': end
[17:29:28.029] [bmv2] [D] [thread 3392] [5.0] [cxt 0] Transmitting packet of size 90 out of port 0
[17:29:28.029] [bmv2] [D] [thread 3392] [6.0] [cxt 0] Transmitting packet of size 70 out of port 0
[17:29:28.385] [bmv2] [D] [thread 3387] [7.0] [cxt 0] Processing packet received on port 1
[17:29:28.385] [bmv2] [D] [thread 3387] [7.0] [cxt 0] Parser 'parser': start
[17:29:28.385] [bmv2] [D] [thread 3387] [7.0] [cxt 0] Parser 'parser' entering state 'start'
[17:29:28.385] [bmv2] [D] [thread 3387] [7.0] [cxt 0] Parser state 'start' has no switch, going to default next state
[17:29:28.385] [bmv2] [T] [thread 3387] [7.0] [cxt 0] Bytes parsed: 0
[17:29:28.385] [bmv2] [D] [thread 3387] [7.0] [cxt 0] Parser 'parser' entering state 'parse_ethernet'
[17:29:28.385] [bmv2] [D] [thread 3387] [7.0] [cxt 0] Extracting header 'ethernet'
[17:29:28.385] [bmv2] [D] [thread 3387] [7.0] [cxt 0] Parser state 'parse_ethernet': key is 86dd
[17:29:28.385] [bmv2] [T] [thread 3387] [7.0] [cxt 0] Bytes parsed: 14
[17:29:28.385] [bmv2] [T] [thread 3387] [7.0] [cxt 0] Skipping checksum 'cksum_0' verification because target field invalid
[17:29:28.385] [bmv2] [D] [thread 3387] [7.0] [cxt 0] Parser 'parser': end
[17:29:28.385] [bmv2] [D] [thread 3387] [7.0] [cxt 0] Pipeline 'ingress': start
[17:29:28.385] [bmv2] [T] [thread 3387] [7.0] [cxt 0] ndp-tree.p4(208) Condition "hdr.ipv4.isValid() && hdr.ipv4.ttl > 8w0" (node_2) is false
[17:29:28.385] [bmv2] [D] [thread 3387] [7.0] [cxt 0] Pipeline 'ingress': end
[17:29:28.385] [bmv2] [D] [thread 3387] [7.0] [cxt 0] Egress port is 0
[17:29:28.385] [bmv2] [D] [thread 3387] [8.0] [cxt 0] Processing packet received on port 1
[17:29:28.385] [bmv2] [D] [thread 3387] [8.0] [cxt 0] Parser 'parser': start
[17:29:28.385] [bmv2] [D] [thread 3387] [8.0] [cxt 0] Parser 'parser' entering state 'start'
[17:29:28.385] [bmv2] [D] [thread 3387] [8.0] [cxt 0] Parser state 'start' has no switch, going to default next state
[17:29:28.385] [bmv2] [T] [thread 3387] [8.0] [cxt 0] Bytes parsed: 0
[17:29:28.385] [bmv2] [D] [thread 3387] [8.0] [cxt 0] Parser 'parser' entering state 'parse_ethernet'
[17:29:28.385] [bmv2] [D] [thread 3387] [8.0] [cxt 0] Extracting header 'ethernet'
[17:29:28.385] [bmv2] [D] [thread 3387] [8.0] [cxt 0] Parser state 'parse_ethernet': key is 86dd
[17:29:28.385] [bmv2] [T] [thread 3387] [8.0] [cxt 0] Bytes parsed: 14
[17:29:28.385] [bmv2] [T] [thread 3387] [8.0] [cxt 0] Skipping checksum 'cksum_0' verification because target field invalid
[17:29:28.385] [bmv2] [D] [thread 3387] [8.0] [cxt 0] Parser 'parser': end
[17:29:28.385] [bmv2] [D] [thread 3387] [8.0] [cxt 0] Pipeline 'ingress': start
[17:29:28.385] [bmv2] [T] [thread 3387] [8.0] [cxt 0] ndp-tree.p4(208) Condition "hdr.ipv4.isValid() && hdr.ipv4.ttl > 8w0" (node_2) is false
[17:29:28.385] [bmv2] [D] [thread 3387] [8.0] [cxt 0] Pipeline 'ingress': end
[17:29:28.385] [bmv2] [D] [thread 3387] [8.0] [cxt 0] Egress port is 0
[17:29:28.385] [bmv2] [D] [thread 3388] [7.0] [cxt 0] Pipeline 'egress': start
[17:29:28.385] [bmv2] [T] [thread 3388] [7.0] [cxt 0] Applying table 'dec_counter'
[17:29:28.385] [bmv2] [D] [thread 3388] [7.0] [cxt 0] Looking up key:
* standard_metadata.priority: 00

[17:29:28.385] [bmv2] [D] [thread 3388] [7.0] [cxt 0] Table 'dec_counter': miss
[17:29:28.385] [bmv2] [D] [thread 3388] [7.0] [cxt 0] Action entry is NoAction - 
[17:29:28.385] [bmv2] [T] [thread 3388] [7.0] [cxt 0] Action NoAction
[17:29:28.385] [bmv2] [T] [thread 3388] [7.0] [cxt 0] Applying table 'send_frame'
[17:29:28.385] [bmv2] [D] [thread 3388] [7.0] [cxt 0] Looking up key:
* standard_metadata.egress_port: 0000

[17:29:28.385] [bmv2] [D] [thread 3388] [7.0] [cxt 0] Table 'send_frame': miss
[17:29:28.385] [bmv2] [D] [thread 3388] [7.0] [cxt 0] Action entry is NoAction - 
[17:29:28.385] [bmv2] [T] [thread 3388] [7.0] [cxt 0] Action NoAction
[17:29:28.386] [bmv2] [D] [thread 3388] [7.0] [cxt 0] Pipeline 'egress': end
[17:29:28.386] [bmv2] [D] [thread 3388] [7.0] [cxt 0] Deparser 'deparser': start
[17:29:28.386] [bmv2] [D] [thread 3388] [7.0] [cxt 0] Updating checksum 'cksum'
[17:29:28.386] [bmv2] [D] [thread 3388] [7.0] [cxt 0] Deparsing header 'ethernet'
[17:29:28.386] [bmv2] [D] [thread 3388] [7.0] [cxt 0] Deparser 'deparser': end
[17:29:28.386] [bmv2] [D] [thread 3388] [8.0] [cxt 0] Pipeline 'egress': start
[17:29:28.386] [bmv2] [T] [thread 3388] [8.0] [cxt 0] Applying table 'dec_counter'
[17:29:28.386] [bmv2] [D] [thread 3388] [8.0] [cxt 0] Looking up key:
* standard_metadata.priority: 00

[17:29:28.386] [bmv2] [D] [thread 3388] [8.0] [cxt 0] Table 'dec_counter': miss
[17:29:28.386] [bmv2] [D] [thread 3388] [8.0] [cxt 0] Action entry is NoAction - 
[17:29:28.386] [bmv2] [T] [thread 3388] [8.0] [cxt 0] Action NoAction
[17:29:28.386] [bmv2] [T] [thread 3388] [8.0] [cxt 0] Applying table 'send_frame'
[17:29:28.386] [bmv2] [D] [thread 3388] [8.0] [cxt 0] Looking up key:
* standard_metadata.egress_port: 0000

[17:29:28.386] [bmv2] [D] [thread 3388] [8.0] [cxt 0] Table 'send_frame': miss
[17:29:28.386] [bmv2] [D] [thread 3388] [8.0] [cxt 0] Action entry is NoAction - 
[17:29:28.386] [bmv2] [T] [thread 3388] [8.0] [cxt 0] Action NoAction
[17:29:28.386] [bmv2] [D] [thread 3388] [8.0] [cxt 0] Pipeline 'egress': end
[17:29:28.386] [bmv2] [D] [thread 3388] [8.0] [cxt 0] Deparser 'deparser': start
[17:29:28.386] [bmv2] [D] [thread 3388] [8.0] [cxt 0] Updating checksum 'cksum'
[17:29:28.386] [bmv2] [D] [thread 3388] [8.0] [cxt 0] Deparsing header 'ethernet'
[17:29:28.386] [bmv2] [D] [thread 3388] [8.0] [cxt 0] Deparser 'deparser': end
[17:29:28.386] [bmv2] [D] [thread 3392] [7.0] [cxt 0] Transmitting packet of size 90 out of port 0
[17:29:28.386] [bmv2] [D] [thread 3392] [8.0] [cxt 0] Transmitting packet of size 70 out of port 0
[17:29:28.720] [bmv2] [D] [thread 3387] [9.0] [cxt 0] Processing packet received on port 3
[17:29:28.720] [bmv2] [D] [thread 3387] [9.0] [cxt 0] Parser 'parser': start
[17:29:28.720] [bmv2] [D] [thread 3387] [9.0] [cxt 0] Parser 'parser' entering state 'start'
[17:29:28.720] [bmv2] [D] [thread 3387] [9.0] [cxt 0] Parser state 'start' has no switch, going to default next state
[17:29:28.720] [bmv2] [T] [thread 3387] [9.0] [cxt 0] Bytes parsed: 0
[17:29:28.720] [bmv2] [D] [thread 3387] [9.0] [cxt 0] Parser 'parser' entering state 'parse_ethernet'
[17:29:28.720] [bmv2] [D] [thread 3387] [9.0] [cxt 0] Extracting header 'ethernet'
[17:29:28.720] [bmv2] [D] [thread 3387] [9.0] [cxt 0] Parser state 'parse_ethernet': key is 86dd
[17:29:28.720] [bmv2] [T] [thread 3387] [9.0] [cxt 0] Bytes parsed: 14
[17:29:28.720] [bmv2] [T] [thread 3387] [9.0] [cxt 0] Skipping checksum 'cksum_0' verification because target field invalid
[17:29:28.720] [bmv2] [D] [thread 3387] [9.0] [cxt 0] Parser 'parser': end
[17:29:28.720] [bmv2] [D] [thread 3387] [9.0] [cxt 0] Pipeline 'ingress': start
[17:29:28.720] [bmv2] [T] [thread 3387] [9.0] [cxt 0] ndp-tree.p4(208) Condition "hdr.ipv4.isValid() && hdr.ipv4.ttl > 8w0" (node_2) is false
[17:29:28.720] [bmv2] [D] [thread 3387] [9.0] [cxt 0] Pipeline 'ingress': end
[17:29:28.720] [bmv2] [D] [thread 3387] [9.0] [cxt 0] Egress port is 0
[17:29:28.720] [bmv2] [D] [thread 3387] [10.0] [cxt 0] Processing packet received on port 3
[17:29:28.720] [bmv2] [D] [thread 3387] [10.0] [cxt 0] Parser 'parser': start
[17:29:28.720] [bmv2] [D] [thread 3387] [10.0] [cxt 0] Parser 'parser' entering state 'start'
[17:29:28.720] [bmv2] [D] [thread 3387] [10.0] [cxt 0] Parser state 'start' has no switch, going to default next state
[17:29:28.720] [bmv2] [T] [thread 3387] [10.0] [cxt 0] Bytes parsed: 0
[17:29:28.720] [bmv2] [D] [thread 3387] [10.0] [cxt 0] Parser 'parser' entering state 'parse_ethernet'
[17:29:28.720] [bmv2] [D] [thread 3387] [10.0] [cxt 0] Extracting header 'ethernet'
[17:29:28.720] [bmv2] [D] [thread 3387] [10.0] [cxt 0] Parser state 'parse_ethernet': key is 86dd
[17:29:28.720] [bmv2] [T] [thread 3387] [10.0] [cxt 0] Bytes parsed: 14
[17:29:28.720] [bmv2] [T] [thread 3387] [10.0] [cxt 0] Skipping checksum 'cksum_0' verification because target field invalid
[17:29:28.720] [bmv2] [D] [thread 3387] [10.0] [cxt 0] Parser 'parser': end
[17:29:28.720] [bmv2] [D] [thread 3387] [10.0] [cxt 0] Pipeline 'ingress': start
[17:29:28.720] [bmv2] [T] [thread 3387] [10.0] [cxt 0] ndp-tree.p4(208) Condition "hdr.ipv4.isValid() && hdr.ipv4.ttl > 8w0" (node_2) is false
[17:29:28.720] [bmv2] [D] [thread 3387] [10.0] [cxt 0] Pipeline 'ingress': end
[17:29:28.720] [bmv2] [D] [thread 3387] [10.0] [cxt 0] Egress port is 0
[17:29:28.720] [bmv2] [D] [thread 3388] [9.0] [cxt 0] Pipeline 'egress': start
[17:29:28.720] [bmv2] [T] [thread 3388] [9.0] [cxt 0] Applying table 'dec_counter'
[17:29:28.720] [bmv2] [D] [thread 3388] [9.0] [cxt 0] Looking up key:
* standard_metadata.priority: 00

[17:29:28.720] [bmv2] [D] [thread 3388] [9.0] [cxt 0] Table 'dec_counter': miss
[17:29:28.720] [bmv2] [D] [thread 3388] [9.0] [cxt 0] Action entry is NoAction - 
[17:29:28.720] [bmv2] [T] [thread 3388] [9.0] [cxt 0] Action NoAction
[17:29:28.720] [bmv2] [T] [thread 3388] [9.0] [cxt 0] Applying table 'send_frame'
[17:29:28.720] [bmv2] [D] [thread 3388] [9.0] [cxt 0] Looking up key:
* standard_metadata.egress_port: 0000

[17:29:28.720] [bmv2] [D] [thread 3388] [9.0] [cxt 0] Table 'send_frame': miss
[17:29:28.720] [bmv2] [D] [thread 3388] [9.0] [cxt 0] Action entry is NoAction - 
[17:29:28.720] [bmv2] [T] [thread 3388] [9.0] [cxt 0] Action NoAction
[17:29:28.720] [bmv2] [D] [thread 3388] [9.0] [cxt 0] Pipeline 'egress': end
[17:29:28.720] [bmv2] [D] [thread 3388] [9.0] [cxt 0] Deparser 'deparser': start
[17:29:28.720] [bmv2] [D] [thread 3388] [9.0] [cxt 0] Updating checksum 'cksum'
[17:29:28.720] [bmv2] [D] [thread 3388] [9.0] [cxt 0] Deparsing header 'ethernet'
[17:29:28.720] [bmv2] [D] [thread 3388] [9.0] [cxt 0] Deparser 'deparser': end
[17:29:28.720] [bmv2] [D] [thread 3388] [10.0] [cxt 0] Pipeline 'egress': start
[17:29:28.720] [bmv2] [T] [thread 3388] [10.0] [cxt 0] Applying table 'dec_counter'
[17:29:28.720] [bmv2] [D] [thread 3388] [10.0] [cxt 0] Looking up key:
* standard_metadata.priority: 00

[17:29:28.720] [bmv2] [D] [thread 3388] [10.0] [cxt 0] Table 'dec_counter': miss
[17:29:28.720] [bmv2] [D] [thread 3388] [10.0] [cxt 0] Action entry is NoAction - 
[17:29:28.720] [bmv2] [T] [thread 3388] [10.0] [cxt 0] Action NoAction
[17:29:28.720] [bmv2] [T] [thread 3388] [10.0] [cxt 0] Applying table 'send_frame'
[17:29:28.720] [bmv2] [D] [thread 3388] [10.0] [cxt 0] Looking up key:
* standard_metadata.egress_port: 0000

[17:29:28.720] [bmv2] [D] [thread 3388] [10.0] [cxt 0] Table 'send_frame': miss
[17:29:28.720] [bmv2] [D] [thread 3388] [10.0] [cxt 0] Action entry is NoAction - 
[17:29:28.720] [bmv2] [T] [thread 3388] [10.0] [cxt 0] Action NoAction
[17:29:28.720] [bmv2] [D] [thread 3388] [10.0] [cxt 0] Pipeline 'egress': end
[17:29:28.720] [bmv2] [D] [thread 3388] [10.0] [cxt 0] Deparser 'deparser': start
[17:29:28.720] [bmv2] [D] [thread 3388] [10.0] [cxt 0] Updating checksum 'cksum'
[17:29:28.720] [bmv2] [D] [thread 3388] [10.0] [cxt 0] Deparsing header 'ethernet'
[17:29:28.720] [bmv2] [D] [thread 3388] [10.0] [cxt 0] Deparser 'deparser': end
[17:29:28.721] [bmv2] [D] [thread 3392] [9.0] [cxt 0] Transmitting packet of size 90 out of port 0
[17:29:28.721] [bmv2] [D] [thread 3392] [10.0] [cxt 0] Transmitting packet of size 70 out of port 0
[17:29:28.940] [bmv2] [D] [thread 3387] [11.0] [cxt 0] Processing packet received on port 1
[17:29:28.940] [bmv2] [D] [thread 3387] [11.0] [cxt 0] Parser 'parser': start
[17:29:28.940] [bmv2] [D] [thread 3387] [11.0] [cxt 0] Parser 'parser' entering state 'start'
[17:29:28.940] [bmv2] [D] [thread 3387] [11.0] [cxt 0] Parser state 'start' has no switch, going to default next state
[17:29:28.940] [bmv2] [T] [thread 3387] [11.0] [cxt 0] Bytes parsed: 0
[17:29:28.940] [bmv2] [D] [thread 3387] [11.0] [cxt 0] Parser 'parser' entering state 'parse_ethernet'
[17:29:28.940] [bmv2] [D] [thread 3387] [11.0] [cxt 0] Extracting header 'ethernet'
[17:29:28.940] [bmv2] [D] [thread 3387] [11.0] [cxt 0] Parser state 'parse_ethernet': key is 86dd
[17:29:28.940] [bmv2] [T] [thread 3387] [11.0] [cxt 0] Bytes parsed: 14
[17:29:28.940] [bmv2] [T] [thread 3387] [11.0] [cxt 0] Skipping checksum 'cksum_0' verification because target field invalid
[17:29:28.940] [bmv2] [D] [thread 3387] [11.0] [cxt 0] Parser 'parser': end
[17:29:28.940] [bmv2] [D] [thread 3387] [11.0] [cxt 0] Pipeline 'ingress': start
[17:29:28.940] [bmv2] [T] [thread 3387] [11.0] [cxt 0] ndp-tree.p4(208) Condition "hdr.ipv4.isValid() && hdr.ipv4.ttl > 8w0" (node_2) is false
[17:29:28.940] [bmv2] [D] [thread 3387] [11.0] [cxt 0] Pipeline 'ingress': end
[17:29:28.940] [bmv2] [D] [thread 3387] [11.0] [cxt 0] Egress port is 0
[17:29:28.940] [bmv2] [D] [thread 3388] [11.0] [cxt 0] Pipeline 'egress': start
[17:29:28.940] [bmv2] [T] [thread 3388] [11.0] [cxt 0] Applying table 'dec_counter'
[17:29:28.940] [bmv2] [D] [thread 3388] [11.0] [cxt 0] Looking up key:
* standard_metadata.priority: 00

[17:29:28.940] [bmv2] [D] [thread 3388] [11.0] [cxt 0] Table 'dec_counter': miss
[17:29:28.940] [bmv2] [D] [thread 3388] [11.0] [cxt 0] Action entry is NoAction - 
[17:29:28.940] [bmv2] [T] [thread 3388] [11.0] [cxt 0] Action NoAction
[17:29:28.940] [bmv2] [T] [thread 3388] [11.0] [cxt 0] Applying table 'send_frame'
[17:29:28.940] [bmv2] [D] [thread 3388] [11.0] [cxt 0] Looking up key:
* standard_metadata.egress_port: 0000

[17:29:28.940] [bmv2] [D] [thread 3388] [11.0] [cxt 0] Table 'send_frame': miss
[17:29:28.940] [bmv2] [D] [thread 3388] [11.0] [cxt 0] Action entry is NoAction - 
[17:29:28.940] [bmv2] [T] [thread 3388] [11.0] [cxt 0] Action NoAction
[17:29:28.940] [bmv2] [D] [thread 3388] [11.0] [cxt 0] Pipeline 'egress': end
[17:29:28.940] [bmv2] [D] [thread 3388] [11.0] [cxt 0] Deparser 'deparser': start
[17:29:28.940] [bmv2] [D] [thread 3388] [11.0] [cxt 0] Updating checksum 'cksum'
[17:29:28.940] [bmv2] [D] [thread 3388] [11.0] [cxt 0] Deparsing header 'ethernet'
[17:29:28.940] [bmv2] [D] [thread 3388] [11.0] [cxt 0] Deparser 'deparser': end
[17:29:28.940] [bmv2] [D] [thread 3392] [11.0] [cxt 0] Transmitting packet of size 90 out of port 0
[17:29:29.053] [bmv2] [D] [thread 3387] [12.0] [cxt 0] Processing packet received on port 3
[17:29:29.053] [bmv2] [D] [thread 3387] [12.0] [cxt 0] Parser 'parser': start
[17:29:29.053] [bmv2] [D] [thread 3387] [12.0] [cxt 0] Parser 'parser' entering state 'start'
[17:29:29.053] [bmv2] [D] [thread 3387] [12.0] [cxt 0] Parser state 'start' has no switch, going to default next state
[17:29:29.053] [bmv2] [T] [thread 3387] [12.0] [cxt 0] Bytes parsed: 0
[17:29:29.053] [bmv2] [D] [thread 3387] [12.0] [cxt 0] Parser 'parser' entering state 'parse_ethernet'
[17:29:29.053] [bmv2] [D] [thread 3387] [12.0] [cxt 0] Extracting header 'ethernet'
[17:29:29.053] [bmv2] [D] [thread 3387] [12.0] [cxt 0] Parser state 'parse_ethernet': key is 86dd
[17:29:29.053] [bmv2] [T] [thread 3387] [12.0] [cxt 0] Bytes parsed: 14
[17:29:29.053] [bmv2] [T] [thread 3387] [12.0] [cxt 0] Skipping checksum 'cksum_0' verification because target field invalid
[17:29:29.053] [bmv2] [D] [thread 3387] [12.0] [cxt 0] Parser 'parser': end
[17:29:29.053] [bmv2] [D] [thread 3387] [12.0] [cxt 0] Pipeline 'ingress': start
[17:29:29.053] [bmv2] [T] [thread 3387] [12.0] [cxt 0] ndp-tree.p4(208) Condition "hdr.ipv4.isValid() && hdr.ipv4.ttl > 8w0" (node_2) is false
[17:29:29.053] [bmv2] [D] [thread 3387] [12.0] [cxt 0] Pipeline 'ingress': end
[17:29:29.053] [bmv2] [D] [thread 3387] [12.0] [cxt 0] Egress port is 0
[17:29:29.053] [bmv2] [D] [thread 3387] [13.0] [cxt 0] Processing packet received on port 3
[17:29:29.053] [bmv2] [D] [thread 3387] [13.0] [cxt 0] Parser 'parser': start
[17:29:29.053] [bmv2] [D] [thread 3387] [13.0] [cxt 0] Parser 'parser' entering state 'start'
[17:29:29.053] [bmv2] [D] [thread 3387] [13.0] [cxt 0] Parser state 'start' has no switch, going to default next state
[17:29:29.053] [bmv2] [T] [thread 3387] [13.0] [cxt 0] Bytes parsed: 0
[17:29:29.053] [bmv2] [D] [thread 3387] [13.0] [cxt 0] Parser 'parser' entering state 'parse_ethernet'
[17:29:29.053] [bmv2] [D] [thread 3387] [13.0] [cxt 0] Extracting header 'ethernet'
[17:29:29.053] [bmv2] [D] [thread 3387] [13.0] [cxt 0] Parser state 'parse_ethernet': key is 86dd
[17:29:29.053] [bmv2] [T] [thread 3387] [13.0] [cxt 0] Bytes parsed: 14
[17:29:29.053] [bmv2] [T] [thread 3387] [13.0] [cxt 0] Skipping checksum 'cksum_0' verification because target field invalid
[17:29:29.053] [bmv2] [D] [thread 3387] [13.0] [cxt 0] Parser 'parser': end
[17:29:29.053] [bmv2] [D] [thread 3387] [13.0] [cxt 0] Pipeline 'ingress': start
[17:29:29.053] [bmv2] [T] [thread 3387] [13.0] [cxt 0] ndp-tree.p4(208) Condition "hdr.ipv4.isValid() && hdr.ipv4.ttl > 8w0" (node_2) is false
[17:29:29.053] [bmv2] [D] [thread 3387] [13.0] [cxt 0] Pipeline 'ingress': end
[17:29:29.053] [bmv2] [D] [thread 3387] [13.0] [cxt 0] Egress port is 0
[17:29:29.053] [bmv2] [D] [thread 3388] [12.0] [cxt 0] Pipeline 'egress': start
[17:29:29.053] [bmv2] [T] [thread 3388] [12.0] [cxt 0] Applying table 'dec_counter'
[17:29:29.053] [bmv2] [D] [thread 3388] [12.0] [cxt 0] Looking up key:
* standard_metadata.priority: 00

[17:29:29.053] [bmv2] [D] [thread 3388] [12.0] [cxt 0] Table 'dec_counter': miss
[17:29:29.053] [bmv2] [D] [thread 3388] [12.0] [cxt 0] Action entry is NoAction - 
[17:29:29.053] [bmv2] [T] [thread 3388] [12.0] [cxt 0] Action NoAction
[17:29:29.053] [bmv2] [T] [thread 3388] [12.0] [cxt 0] Applying table 'send_frame'
[17:29:29.053] [bmv2] [D] [thread 3388] [12.0] [cxt 0] Looking up key:
* standard_metadata.egress_port: 0000

[17:29:29.053] [bmv2] [D] [thread 3388] [12.0] [cxt 0] Table 'send_frame': miss
[17:29:29.054] [bmv2] [D] [thread 3388] [12.0] [cxt 0] Action entry is NoAction - 
[17:29:29.054] [bmv2] [T] [thread 3388] [12.0] [cxt 0] Action NoAction
[17:29:29.054] [bmv2] [D] [thread 3388] [12.0] [cxt 0] Pipeline 'egress': end
[17:29:29.054] [bmv2] [D] [thread 3388] [12.0] [cxt 0] Deparser 'deparser': start
[17:29:29.054] [bmv2] [D] [thread 3388] [12.0] [cxt 0] Updating checksum 'cksum'
[17:29:29.054] [bmv2] [D] [thread 3388] [12.0] [cxt 0] Deparsing header 'ethernet'
[17:29:29.054] [bmv2] [D] [thread 3388] [12.0] [cxt 0] Deparser 'deparser': end
[17:29:29.054] [bmv2] [D] [thread 3388] [13.0] [cxt 0] Pipeline 'egress': start
[17:29:29.054] [bmv2] [D] [thread 3392] [12.0] [cxt 0] Transmitting packet of size 90 out of port 0
[17:29:29.054] [bmv2] [T] [thread 3388] [13.0] [cxt 0] Applying table 'dec_counter'
[17:29:29.054] [bmv2] [D] [thread 3388] [13.0] [cxt 0] Looking up key:
* standard_metadata.priority: 00

[17:29:29.054] [bmv2] [D] [thread 3388] [13.0] [cxt 0] Table 'dec_counter': miss
[17:29:29.054] [bmv2] [D] [thread 3388] [13.0] [cxt 0] Action entry is NoAction - 
[17:29:29.054] [bmv2] [T] [thread 3388] [13.0] [cxt 0] Action NoAction
[17:29:29.054] [bmv2] [T] [thread 3388] [13.0] [cxt 0] Applying table 'send_frame'
[17:29:29.054] [bmv2] [D] [thread 3388] [13.0] [cxt 0] Looking up key:
* standard_metadata.egress_port: 0000

[17:29:29.054] [bmv2] [D] [thread 3388] [13.0] [cxt 0] Table 'send_frame': miss
[17:29:29.054] [bmv2] [D] [thread 3388] [13.0] [cxt 0] Action entry is NoAction - 
[17:29:29.054] [bmv2] [T] [thread 3388] [13.0] [cxt 0] Action NoAction
[17:29:29.054] [bmv2] [D] [thread 3388] [13.0] [cxt 0] Pipeline 'egress': end
[17:29:29.054] [bmv2] [D] [thread 3388] [13.0] [cxt 0] Deparser 'deparser': start
[17:29:29.054] [bmv2] [D] [thread 3388] [13.0] [cxt 0] Updating checksum 'cksum'
[17:29:29.054] [bmv2] [D] [thread 3388] [13.0] [cxt 0] Deparsing header 'ethernet'
[17:29:29.054] [bmv2] [D] [thread 3388] [13.0] [cxt 0] Deparser 'deparser': end
[17:29:29.055] [bmv2] [D] [thread 3392] [13.0] [cxt 0] Transmitting packet of size 90 out of port 0
[17:29:30.056] [bmv2] [W] [thread 3444] [P4Runtime] p4::tmp::P4DeviceConfig is deprecated
[17:29:30.059] [bmv2] [D] [thread 3444] Set default default entry for table 'ipv4_lpm': NoAction - 
[17:29:30.059] [bmv2] [D] [thread 3444] Set default default entry for table 'readbuffersense': NoAction - 
[17:29:30.059] [bmv2] [D] [thread 3444] Set default default entry for table 'setprio': NoAction - 
[17:29:30.059] [bmv2] [D] [thread 3444] Set default default entry for table 'directtoprio': NoAction - 
[17:29:30.059] [bmv2] [D] [thread 3444] Set default default entry for table 'forward': NoAction - 
[17:29:30.059] [bmv2] [D] [thread 3444] Set default default entry for table 'dec_counter': NoAction - 
[17:29:30.059] [bmv2] [D] [thread 3444] Set default default entry for table 'send_frame': NoAction - 
[17:29:30.060] [bmv2] [D] [thread 3444] simple_switch target has been notified of a config swap
[17:29:30.062] [bmv2] [D] [thread 3445] Entry 0 added to table 'ipv4_lpm'
[17:29:30.062] [bmv2] [D] [thread 3445] Dumping entry 0
Match key:
* ipv4.dstAddr        : LPM       0a0a0b05/32
Action entry: set_nhop - a0a0b05,2,

[17:29:30.064] [bmv2] [D] [thread 3444] Entry 1 added to table 'ipv4_lpm'
[17:29:30.064] [bmv2] [D] [thread 3444] Dumping entry 1
Match key:
* ipv4.dstAddr        : LPM       0b0a0b05/32
Action entry: set_nhop - a0a0b05,2,

[17:29:30.065] [bmv2] [D] [thread 3445] Entry 2 added to table 'ipv4_lpm'
[17:29:30.065] [bmv2] [D] [thread 3445] Dumping entry 2
Match key:
* ipv4.dstAddr        : LPM       0a0a0a07/32
Action entry: set_nhop - a0a0a07,1,

[17:29:30.067] [bmv2] [D] [thread 3444] Entry 3 added to table 'ipv4_lpm'
[17:29:30.067] [bmv2] [D] [thread 3444] Dumping entry 3
Match key:
* ipv4.dstAddr        : LPM       0b0a0a07/32
Action entry: set_nhop - b0a0a07,3,

[17:29:30.068] [bmv2] [D] [thread 3445] Entry 4 added to table 'ipv4_lpm'
[17:29:30.068] [bmv2] [D] [thread 3445] Dumping entry 4
Match key:
* ipv4.dstAddr        : LPM       0a0a0d08/32
Action entry: set_nhop - a0a0d08,1,

[17:29:30.069] [bmv2] [D] [thread 3444] Entry 5 added to table 'ipv4_lpm'
[17:29:30.069] [bmv2] [D] [thread 3444] Dumping entry 5
Match key:
* ipv4.dstAddr        : LPM       0b0a0d08/32
Action entry: set_nhop - b0a0d08,3,

[17:29:30.070] [bmv2] [D] [thread 3445] Entry 6 added to table 'ipv4_lpm'
[17:29:30.070] [bmv2] [D] [thread 3445] Dumping entry 6
Match key:
* ipv4.dstAddr        : LPM       0a0a0c09/32
Action entry: set_nhop - a0a0c09,4,

[17:29:30.072] [bmv2] [D] [thread 3444] Entry 7 added to table 'ipv4_lpm'
[17:29:30.072] [bmv2] [D] [thread 3444] Dumping entry 7
Match key:
* ipv4.dstAddr        : LPM       0b0a0c09/32
Action entry: set_nhop - a0a0c09,4,

[17:29:30.073] [bmv2] [D] [thread 3445] Entry 0 added to table 'forward'
[17:29:30.073] [bmv2] [D] [thread 3445] Dumping entry 0
Match key:
* routing_metadata.nhop_ipv4: EXACT     0a0a0b05
Action entry: set_dmac - 80027c1dadb,800275dabac,

[17:29:30.074] [bmv2] [D] [thread 3444] Entry 1 added to table 'forward'
[17:29:30.074] [bmv2] [D] [thread 3444] Dumping entry 1
Match key:
* routing_metadata.nhop_ipv4: EXACT     0b0a0b05
Action entry: set_dmac - 80027c1dadb,800275dabac,

[17:29:30.075] [bmv2] [D] [thread 3445] Entry 2 added to table 'forward'
[17:29:30.075] [bmv2] [D] [thread 3445] Dumping entry 2
Match key:
* routing_metadata.nhop_ipv4: EXACT     0b0a0d08
Action entry: set_dmac - 80027117f21,80027bec53a,

[17:29:30.076] [bmv2] [D] [thread 3444] Entry 3 added to table 'forward'
[17:29:30.076] [bmv2] [D] [thread 3444] Dumping entry 3
Match key:
* routing_metadata.nhop_ipv4: EXACT     0a0a0d08
Action entry: set_dmac - 80000000021,80027bec53a,

[17:29:30.077] [bmv2] [D] [thread 3445] Entry 4 added to table 'forward'
[17:29:30.077] [bmv2] [D] [thread 3445] Dumping entry 4
Match key:
* routing_metadata.nhop_ipv4: EXACT     0a0a0a07
Action entry: set_dmac - 80000000001,80027bec53a,

[17:29:30.079] [bmv2] [D] [thread 3444] Entry 5 added to table 'forward'
[17:29:30.079] [bmv2] [D] [thread 3444] Dumping entry 5
Match key:
* routing_metadata.nhop_ipv4: EXACT     0b0a0a07
Action entry: set_dmac - 80000000001,80027bec53a,

[17:29:30.080] [bmv2] [D] [thread 3445] Entry 6 added to table 'forward'
[17:29:30.080] [bmv2] [D] [thread 3445] Dumping entry 6
Match key:
* routing_metadata.nhop_ipv4: EXACT     0a0a0c09
Action entry: set_dmac - 80027117f21,80027bec53a,

[17:29:30.081] [bmv2] [D] [thread 3444] Entry 7 added to table 'forward'
[17:29:30.081] [bmv2] [D] [thread 3444] Dumping entry 7
Match key:
* routing_metadata.nhop_ipv4: EXACT     0b0a0c09
Action entry: set_dmac - 80027117f21,80027bec53a,

[17:29:30.083] [bmv2] [D] [thread 3445] Set default entry for table 'directtoprio': directpriohigh - 
[17:29:30.084] [bmv2] [D] [thread 3444] Set default entry for table 'readbuffersense': readbuffer - 
[17:29:30.086] [bmv2] [D] [thread 3445] Entry 0 added to table 'setprio'
[17:29:30.086] [bmv2] [D] [thread 3445] Dumping entry 0
Match key:
* meta.register_tmp   : RANGE     0008 -> 0008
Priority: 2147483646
Action entry: setpriohigh - 

[17:29:30.087] [bmv2] [D] [thread 3444] Entry 1 added to table 'setprio'
[17:29:30.087] [bmv2] [D] [thread 3444] Dumping entry 1
Match key:
* meta.register_tmp   : RANGE     0000 -> 0007
Priority: 2147483646
Action entry: setpriolow - 

[17:29:30.089] [bmv2] [D] [thread 3445] Entry 0 added to table 'dec_counter'
[17:29:30.089] [bmv2] [D] [thread 3445] Dumping entry 0
Match key:
* standard_metadata.priority: RANGE     01 -> 01
Priority: 2147483646
Action entry: decreasereg - 

[17:29:31.531] [bmv2] [D] [thread 3387] [14.0] [cxt 0] Processing packet received on port 1
[17:29:31.531] [bmv2] [D] [thread 3387] [14.0] [cxt 0] Parser 'parser': start
[17:29:31.531] [bmv2] [D] [thread 3387] [14.0] [cxt 0] Parser 'parser' entering state 'start'
[17:29:31.531] [bmv2] [D] [thread 3387] [14.0] [cxt 0] Parser state 'start' has no switch, going to default next state
[17:29:31.531] [bmv2] [T] [thread 3387] [14.0] [cxt 0] Bytes parsed: 0
[17:29:31.531] [bmv2] [D] [thread 3387] [14.0] [cxt 0] Parser 'parser' entering state 'parse_ethernet'
[17:29:31.531] [bmv2] [D] [thread 3387] [14.0] [cxt 0] Extracting header 'ethernet'
[17:29:31.531] [bmv2] [D] [thread 3387] [14.0] [cxt 0] Parser state 'parse_ethernet': key is 86dd
[17:29:31.531] [bmv2] [T] [thread 3387] [14.0] [cxt 0] Bytes parsed: 14
[17:29:31.531] [bmv2] [T] [thread 3387] [14.0] [cxt 0] Skipping checksum 'cksum_0' verification because target field invalid
[17:29:31.531] [bmv2] [D] [thread 3387] [14.0] [cxt 0] Parser 'parser': end
[17:29:31.531] [bmv2] [D] [thread 3387] [14.0] [cxt 0] Pipeline 'ingress': start
[17:29:31.531] [bmv2] [T] [thread 3387] [14.0] [cxt 0] ndp-tree.p4(208) Condition "hdr.ipv4.isValid() && hdr.ipv4.ttl > 8w0" (node_2) is false
[17:29:31.531] [bmv2] [D] [thread 3387] [14.0] [cxt 0] Pipeline 'ingress': end
[17:29:31.531] [bmv2] [D] [thread 3387] [14.0] [cxt 0] Egress port is 0
[17:29:31.532] [bmv2] [D] [thread 3388] [14.0] [cxt 0] Pipeline 'egress': start
[17:29:31.532] [bmv2] [T] [thread 3388] [14.0] [cxt 0] Applying table 'dec_counter'
[17:29:31.532] [bmv2] [D] [thread 3388] [14.0] [cxt 0] Looking up key:
* standard_metadata.priority: 00

[17:29:31.532] [bmv2] [D] [thread 3388] [14.0] [cxt 0] Table 'dec_counter': miss
[17:29:31.532] [bmv2] [D] [thread 3388] [14.0] [cxt 0] Action entry is NoAction - 
[17:29:31.532] [bmv2] [T] [thread 3388] [14.0] [cxt 0] Action NoAction
[17:29:31.532] [bmv2] [T] [thread 3388] [14.0] [cxt 0] Applying table 'send_frame'
[17:29:31.532] [bmv2] [D] [thread 3388] [14.0] [cxt 0] Looking up key:
* standard_metadata.egress_port: 0000

[17:29:31.532] [bmv2] [D] [thread 3388] [14.0] [cxt 0] Table 'send_frame': miss
[17:29:31.532] [bmv2] [D] [thread 3388] [14.0] [cxt 0] Action entry is NoAction - 
[17:29:31.532] [bmv2] [T] [thread 3388] [14.0] [cxt 0] Action NoAction
[17:29:31.532] [bmv2] [D] [thread 3388] [14.0] [cxt 0] Pipeline 'egress': end
[17:29:31.532] [bmv2] [D] [thread 3388] [14.0] [cxt 0] Deparser 'deparser': start
[17:29:31.532] [bmv2] [D] [thread 3388] [14.0] [cxt 0] Updating checksum 'cksum'
[17:29:31.532] [bmv2] [D] [thread 3388] [14.0] [cxt 0] Deparsing header 'ethernet'
[17:29:31.532] [bmv2] [D] [thread 3388] [14.0] [cxt 0] Deparser 'deparser': end
[17:29:31.532] [bmv2] [D] [thread 3392] [14.0] [cxt 0] Transmitting packet of size 70 out of port 0
[17:29:32.306] [bmv2] [D] [thread 3387] [15.0] [cxt 0] Processing packet received on port 1
[17:29:32.306] [bmv2] [D] [thread 3387] [15.0] [cxt 0] Parser 'parser': start
[17:29:32.306] [bmv2] [D] [thread 3387] [15.0] [cxt 0] Parser 'parser' entering state 'start'
[17:29:32.306] [bmv2] [D] [thread 3387] [15.0] [cxt 0] Parser state 'start' has no switch, going to default next state
[17:29:32.306] [bmv2] [T] [thread 3387] [15.0] [cxt 0] Bytes parsed: 0
[17:29:32.306] [bmv2] [D] [thread 3387] [15.0] [cxt 0] Parser 'parser' entering state 'parse_ethernet'
[17:29:32.306] [bmv2] [D] [thread 3387] [15.0] [cxt 0] Extracting header 'ethernet'
[17:29:32.306] [bmv2] [D] [thread 3387] [15.0] [cxt 0] Parser state 'parse_ethernet': key is 86dd
[17:29:32.306] [bmv2] [T] [thread 3387] [15.0] [cxt 0] Bytes parsed: 14
[17:29:32.306] [bmv2] [T] [thread 3387] [15.0] [cxt 0] Skipping checksum 'cksum_0' verification because target field invalid
[17:29:32.306] [bmv2] [D] [thread 3387] [15.0] [cxt 0] Parser 'parser': end
[17:29:32.306] [bmv2] [D] [thread 3387] [15.0] [cxt 0] Pipeline 'ingress': start
[17:29:32.306] [bmv2] [T] [thread 3387] [15.0] [cxt 0] ndp-tree.p4(208) Condition "hdr.ipv4.isValid() && hdr.ipv4.ttl > 8w0" (node_2) is false
[17:29:32.306] [bmv2] [D] [thread 3387] [15.0] [cxt 0] Pipeline 'ingress': end
[17:29:32.306] [bmv2] [D] [thread 3387] [15.0] [cxt 0] Egress port is 0
[17:29:32.306] [bmv2] [D] [thread 3387] [16.0] [cxt 0] Processing packet received on port 3
[17:29:32.306] [bmv2] [D] [thread 3387] [16.0] [cxt 0] Parser 'parser': start
[17:29:32.306] [bmv2] [D] [thread 3387] [16.0] [cxt 0] Parser 'parser' entering state 'start'
[17:29:32.306] [bmv2] [D] [thread 3387] [16.0] [cxt 0] Parser state 'start' has no switch, going to default next state
[17:29:32.306] [bmv2] [T] [thread 3387] [16.0] [cxt 0] Bytes parsed: 0
[17:29:32.306] [bmv2] [D] [thread 3387] [16.0] [cxt 0] Parser 'parser' entering state 'parse_ethernet'
[17:29:32.306] [bmv2] [D] [thread 3387] [16.0] [cxt 0] Extracting header 'ethernet'
[17:29:32.306] [bmv2] [D] [thread 3387] [16.0] [cxt 0] Parser state 'parse_ethernet': key is 86dd
[17:29:32.306] [bmv2] [T] [thread 3387] [16.0] [cxt 0] Bytes parsed: 14
[17:29:32.306] [bmv2] [T] [thread 3387] [16.0] [cxt 0] Skipping checksum 'cksum_0' verification because target field invalid
[17:29:32.306] [bmv2] [D] [thread 3387] [16.0] [cxt 0] Parser 'parser': end
[17:29:32.306] [bmv2] [D] [thread 3387] [16.0] [cxt 0] Pipeline 'ingress': start
[17:29:32.306] [bmv2] [T] [thread 3387] [16.0] [cxt 0] ndp-tree.p4(208) Condition "hdr.ipv4.isValid() && hdr.ipv4.ttl > 8w0" (node_2) is false
[17:29:32.306] [bmv2] [D] [thread 3387] [16.0] [cxt 0] Pipeline 'ingress': end
[17:29:32.306] [bmv2] [D] [thread 3387] [16.0] [cxt 0] Egress port is 0
[17:29:32.306] [bmv2] [D] [thread 3388] [15.0] [cxt 0] Pipeline 'egress': start
[17:29:32.306] [bmv2] [T] [thread 3388] [15.0] [cxt 0] Applying table 'dec_counter'
[17:29:32.306] [bmv2] [D] [thread 3388] [15.0] [cxt 0] Looking up key:
* standard_metadata.priority: 00

[17:29:32.306] [bmv2] [D] [thread 3388] [15.0] [cxt 0] Table 'dec_counter': miss
[17:29:32.306] [bmv2] [D] [thread 3388] [15.0] [cxt 0] Action entry is NoAction - 
[17:29:32.306] [bmv2] [T] [thread 3388] [15.0] [cxt 0] Action NoAction
[17:29:32.306] [bmv2] [T] [thread 3388] [15.0] [cxt 0] Applying table 'send_frame'
[17:29:32.306] [bmv2] [D] [thread 3388] [15.0] [cxt 0] Looking up key:
* standard_metadata.egress_port: 0000

[17:29:32.306] [bmv2] [D] [thread 3388] [15.0] [cxt 0] Table 'send_frame': miss
[17:29:32.306] [bmv2] [D] [thread 3388] [15.0] [cxt 0] Action entry is NoAction - 
[17:29:32.306] [bmv2] [T] [thread 3388] [15.0] [cxt 0] Action NoAction
[17:29:32.306] [bmv2] [D] [thread 3388] [15.0] [cxt 0] Pipeline 'egress': end
[17:29:32.306] [bmv2] [D] [thread 3388] [15.0] [cxt 0] Deparser 'deparser': start
[17:29:32.306] [bmv2] [D] [thread 3388] [15.0] [cxt 0] Updating checksum 'cksum'
[17:29:32.306] [bmv2] [D] [thread 3388] [15.0] [cxt 0] Deparsing header 'ethernet'
[17:29:32.306] [bmv2] [D] [thread 3388] [15.0] [cxt 0] Deparser 'deparser': end
[17:29:32.306] [bmv2] [D] [thread 3388] [16.0] [cxt 0] Pipeline 'egress': start
[17:29:32.306] [bmv2] [T] [thread 3388] [16.0] [cxt 0] Applying table 'dec_counter'
[17:29:32.306] [bmv2] [D] [thread 3388] [16.0] [cxt 0] Looking up key:
* standard_metadata.priority: 00

[17:29:32.306] [bmv2] [D] [thread 3388] [16.0] [cxt 0] Table 'dec_counter': miss
[17:29:32.306] [bmv2] [D] [thread 3388] [16.0] [cxt 0] Action entry is NoAction - 
[17:29:32.306] [bmv2] [T] [thread 3388] [16.0] [cxt 0] Action NoAction
[17:29:32.306] [bmv2] [D] [thread 3392] [15.0] [cxt 0] Transmitting packet of size 70 out of port 0
[17:29:32.307] [bmv2] [T] [thread 3388] [16.0] [cxt 0] Applying table 'send_frame'
[17:29:32.307] [bmv2] [D] [thread 3388] [16.0] [cxt 0] Looking up key:
* standard_metadata.egress_port: 0000

[17:29:32.307] [bmv2] [D] [thread 3388] [16.0] [cxt 0] Table 'send_frame': miss
[17:29:32.307] [bmv2] [D] [thread 3388] [16.0] [cxt 0] Action entry is NoAction - 
[17:29:32.307] [bmv2] [T] [thread 3388] [16.0] [cxt 0] Action NoAction
[17:29:32.307] [bmv2] [D] [thread 3388] [16.0] [cxt 0] Pipeline 'egress': end
[17:29:32.307] [bmv2] [D] [thread 3388] [16.0] [cxt 0] Deparser 'deparser': start
[17:29:32.307] [bmv2] [D] [thread 3388] [16.0] [cxt 0] Updating checksum 'cksum'
[17:29:32.307] [bmv2] [D] [thread 3388] [16.0] [cxt 0] Deparsing header 'ethernet'
[17:29:32.307] [bmv2] [D] [thread 3388] [16.0] [cxt 0] Deparser 'deparser': end
[17:29:32.307] [bmv2] [D] [thread 3392] [16.0] [cxt 0] Transmitting packet of size 70 out of port 0
[17:29:33.071] [bmv2] [D] [thread 3387] [17.0] [cxt 0] Processing packet received on port 3
[17:29:33.071] [bmv2] [D] [thread 3387] [17.0] [cxt 0] Parser 'parser': start
[17:29:33.071] [bmv2] [D] [thread 3387] [17.0] [cxt 0] Parser 'parser' entering state 'start'
[17:29:33.071] [bmv2] [D] [thread 3387] [17.0] [cxt 0] Parser state 'start' has no switch, going to default next state
[17:29:33.071] [bmv2] [T] [thread 3387] [17.0] [cxt 0] Bytes parsed: 0
[17:29:33.071] [bmv2] [D] [thread 3387] [17.0] [cxt 0] Parser 'parser' entering state 'parse_ethernet'
[17:29:33.071] [bmv2] [D] [thread 3387] [17.0] [cxt 0] Extracting header 'ethernet'
[17:29:33.071] [bmv2] [D] [thread 3387] [17.0] [cxt 0] Parser state 'parse_ethernet': key is 86dd
[17:29:33.071] [bmv2] [T] [thread 3387] [17.0] [cxt 0] Bytes parsed: 14
[17:29:33.071] [bmv2] [T] [thread 3387] [17.0] [cxt 0] Skipping checksum 'cksum_0' verification because target field invalid
[17:29:33.071] [bmv2] [D] [thread 3387] [17.0] [cxt 0] Parser 'parser': end
[17:29:33.071] [bmv2] [D] [thread 3387] [17.0] [cxt 0] Pipeline 'ingress': start
[17:29:33.071] [bmv2] [T] [thread 3387] [17.0] [cxt 0] ndp-tree.p4(208) Condition "hdr.ipv4.isValid() && hdr.ipv4.ttl > 8w0" (node_2) is false
[17:29:33.071] [bmv2] [D] [thread 3387] [17.0] [cxt 0] Pipeline 'ingress': end
[17:29:33.071] [bmv2] [D] [thread 3387] [17.0] [cxt 0] Egress port is 0
[17:29:33.071] [bmv2] [D] [thread 3388] [17.0] [cxt 0] Pipeline 'egress': start
[17:29:33.071] [bmv2] [T] [thread 3388] [17.0] [cxt 0] Applying table 'dec_counter'
[17:29:33.071] [bmv2] [D] [thread 3388] [17.0] [cxt 0] Looking up key:
* standard_metadata.priority: 00

[17:29:33.071] [bmv2] [D] [thread 3388] [17.0] [cxt 0] Table 'dec_counter': miss
[17:29:33.071] [bmv2] [D] [thread 3388] [17.0] [cxt 0] Action entry is NoAction - 
[17:29:33.071] [bmv2] [T] [thread 3388] [17.0] [cxt 0] Action NoAction
[17:29:33.071] [bmv2] [T] [thread 3388] [17.0] [cxt 0] Applying table 'send_frame'
[17:29:33.071] [bmv2] [D] [thread 3388] [17.0] [cxt 0] Looking up key:
* standard_metadata.egress_port: 0000

[17:29:33.071] [bmv2] [D] [thread 3388] [17.0] [cxt 0] Table 'send_frame': miss
[17:29:33.071] [bmv2] [D] [thread 3388] [17.0] [cxt 0] Action entry is NoAction - 
[17:29:33.071] [bmv2] [T] [thread 3388] [17.0] [cxt 0] Action NoAction
[17:29:33.071] [bmv2] [D] [thread 3388] [17.0] [cxt 0] Pipeline 'egress': end
[17:29:33.071] [bmv2] [D] [thread 3388] [17.0] [cxt 0] Deparser 'deparser': start
[17:29:33.071] [bmv2] [D] [thread 3388] [17.0] [cxt 0] Updating checksum 'cksum'
[17:29:33.071] [bmv2] [D] [thread 3388] [17.0] [cxt 0] Deparsing header 'ethernet'
[17:29:33.071] [bmv2] [D] [thread 3388] [17.0] [cxt 0] Deparser 'deparser': end
[17:29:33.071] [bmv2] [D] [thread 3392] [17.0] [cxt 0] Transmitting packet of size 70 out of port 0
open: No such file or directory
