Calling target program-options parser
[17:29:27.867] [bmv2] [D] [thread 3396] Set default default entry for table 'ipv4_lpm': NoAction - 
[17:29:27.867] [bmv2] [D] [thread 3396] Set default default entry for table 'readbuffersense': NoAction - 
[17:29:27.867] [bmv2] [D] [thread 3396] Set default default entry for table 'setprio': NoAction - 
[17:29:27.867] [bmv2] [D] [thread 3396] Set default default entry for table 'directtoprio': NoAction - 
[17:29:27.867] [bmv2] [D] [thread 3396] Set default default entry for table 'forward': NoAction - 
[17:29:27.867] [bmv2] [D] [thread 3396] Set default default entry for table 'dec_counter': NoAction - 
[17:29:27.867] [bmv2] [D] [thread 3396] Set default default entry for table 'send_frame': NoAction - 
Adding interface s3-eth1 as port 1
[17:29:27.868] [bmv2] [D] [thread 3396] Adding interface s3-eth1 as port 1
Adding interface s3-eth2 as port 2
[17:29:27.899] [bmv2] [D] [thread 3396] Adding interface s3-eth2 as port 2
Server listening on 0.0.0.0:50053
[17:29:27.944] [bmv2] [I] [thread 3396] Starting Thrift server on port 9092
[17:29:27.944] [bmv2] [I] [thread 3396] Thrift server was started
[17:29:28.216] [bmv2] [D] [thread 3406] [0.0] [cxt 0] Processing packet received on port 1
[17:29:28.216] [bmv2] [D] [thread 3406] [0.0] [cxt 0] Parser 'parser': start
[17:29:28.216] [bmv2] [D] [thread 3406] [0.0] [cxt 0] Parser 'parser' entering state 'start'
[17:29:28.216] [bmv2] [D] [thread 3406] [0.0] [cxt 0] Parser state 'start' has no switch, going to default next state
[17:29:28.216] [bmv2] [T] [thread 3406] [0.0] [cxt 0] Bytes parsed: 0
[17:29:28.216] [bmv2] [D] [thread 3406] [0.0] [cxt 0] Parser 'parser' entering state 'parse_ethernet'
[17:29:28.216] [bmv2] [D] [thread 3406] [0.0] [cxt 0] Extracting header 'ethernet'
[17:29:28.216] [bmv2] [D] [thread 3406] [0.0] [cxt 0] Parser state 'parse_ethernet': key is 86dd
[17:29:28.216] [bmv2] [T] [thread 3406] [0.0] [cxt 0] Bytes parsed: 14
[17:29:28.216] [bmv2] [T] [thread 3406] [0.0] [cxt 0] Skipping checksum 'cksum_0' verification because target field invalid
[17:29:28.216] [bmv2] [D] [thread 3406] [0.0] [cxt 0] Parser 'parser': end
[17:29:28.216] [bmv2] [D] [thread 3406] [0.0] [cxt 0] Pipeline 'ingress': start
[17:29:28.216] [bmv2] [T] [thread 3406] [0.0] [cxt 0] ndp-tree.p4(208) Condition "hdr.ipv4.isValid() && hdr.ipv4.ttl > 8w0" (node_2) is false
[17:29:28.216] [bmv2] [D] [thread 3406] [0.0] [cxt 0] Pipeline 'ingress': end
[17:29:28.216] [bmv2] [D] [thread 3406] [0.0] [cxt 0] Egress port is 0
[17:29:28.216] [bmv2] [D] [thread 3406] [1.0] [cxt 0] Processing packet received on port 1
[17:29:28.216] [bmv2] [D] [thread 3406] [1.0] [cxt 0] Parser 'parser': start
[17:29:28.216] [bmv2] [D] [thread 3406] [1.0] [cxt 0] Parser 'parser' entering state 'start'
[17:29:28.216] [bmv2] [D] [thread 3406] [1.0] [cxt 0] Parser state 'start' has no switch, going to default next state
[17:29:28.216] [bmv2] [T] [thread 3406] [1.0] [cxt 0] Bytes parsed: 0
[17:29:28.216] [bmv2] [D] [thread 3406] [1.0] [cxt 0] Parser 'parser' entering state 'parse_ethernet'
[17:29:28.216] [bmv2] [D] [thread 3406] [1.0] [cxt 0] Extracting header 'ethernet'
[17:29:28.216] [bmv2] [D] [thread 3406] [1.0] [cxt 0] Parser state 'parse_ethernet': key is 86dd
[17:29:28.216] [bmv2] [T] [thread 3406] [1.0] [cxt 0] Bytes parsed: 14
[17:29:28.216] [bmv2] [T] [thread 3406] [1.0] [cxt 0] Skipping checksum 'cksum_0' verification because target field invalid
[17:29:28.216] [bmv2] [D] [thread 3406] [1.0] [cxt 0] Parser 'parser': end
[17:29:28.216] [bmv2] [D] [thread 3406] [1.0] [cxt 0] Pipeline 'ingress': start
[17:29:28.216] [bmv2] [T] [thread 3406] [1.0] [cxt 0] ndp-tree.p4(208) Condition "hdr.ipv4.isValid() && hdr.ipv4.ttl > 8w0" (node_2) is false
[17:29:28.216] [bmv2] [D] [thread 3406] [1.0] [cxt 0] Pipeline 'ingress': end
[17:29:28.216] [bmv2] [D] [thread 3406] [1.0] [cxt 0] Egress port is 0
[17:29:28.216] [bmv2] [D] [thread 3406] [2.0] [cxt 0] Processing packet received on port 1
[17:29:28.216] [bmv2] [D] [thread 3406] [2.0] [cxt 0] Parser 'parser': start
[17:29:28.216] [bmv2] [D] [thread 3406] [2.0] [cxt 0] Parser 'parser' entering state 'start'
[17:29:28.216] [bmv2] [D] [thread 3406] [2.0] [cxt 0] Parser state 'start' has no switch, going to default next state
[17:29:28.216] [bmv2] [T] [thread 3406] [2.0] [cxt 0] Bytes parsed: 0
[17:29:28.216] [bmv2] [D] [thread 3406] [2.0] [cxt 0] Parser 'parser' entering state 'parse_ethernet'
[17:29:28.216] [bmv2] [D] [thread 3406] [2.0] [cxt 0] Extracting header 'ethernet'
[17:29:28.216] [bmv2] [D] [thread 3406] [2.0] [cxt 0] Parser state 'parse_ethernet': key is 86dd
[17:29:28.216] [bmv2] [T] [thread 3406] [2.0] [cxt 0] Bytes parsed: 14
[17:29:28.216] [bmv2] [T] [thread 3406] [2.0] [cxt 0] Skipping checksum 'cksum_0' verification because target field invalid
[17:29:28.216] [bmv2] [D] [thread 3406] [2.0] [cxt 0] Parser 'parser': end
[17:29:28.216] [bmv2] [D] [thread 3406] [2.0] [cxt 0] Pipeline 'ingress': start
[17:29:28.216] [bmv2] [T] [thread 3406] [2.0] [cxt 0] ndp-tree.p4(208) Condition "hdr.ipv4.isValid() && hdr.ipv4.ttl > 8w0" (node_2) is false
[17:29:28.216] [bmv2] [D] [thread 3406] [2.0] [cxt 0] Pipeline 'ingress': end
[17:29:28.216] [bmv2] [D] [thread 3406] [2.0] [cxt 0] Egress port is 0
[17:29:28.216] [bmv2] [D] [thread 3406] [3.0] [cxt 0] Processing packet received on port 1
[17:29:28.216] [bmv2] [D] [thread 3406] [3.0] [cxt 0] Parser 'parser': start
[17:29:28.216] [bmv2] [D] [thread 3406] [3.0] [cxt 0] Parser 'parser' entering state 'start'
[17:29:28.216] [bmv2] [D] [thread 3406] [3.0] [cxt 0] Parser state 'start' has no switch, going to default next state
[17:29:28.216] [bmv2] [T] [thread 3406] [3.0] [cxt 0] Bytes parsed: 0
[17:29:28.216] [bmv2] [D] [thread 3406] [3.0] [cxt 0] Parser 'parser' entering state 'parse_ethernet'
[17:29:28.216] [bmv2] [D] [thread 3406] [3.0] [cxt 0] Extracting header 'ethernet'
[17:29:28.216] [bmv2] [D] [thread 3406] [3.0] [cxt 0] Parser state 'parse_ethernet': key is 86dd
[17:29:28.216] [bmv2] [T] [thread 3406] [3.0] [cxt 0] Bytes parsed: 14
[17:29:28.216] [bmv2] [T] [thread 3406] [3.0] [cxt 0] Skipping checksum 'cksum_0' verification because target field invalid
[17:29:28.216] [bmv2] [D] [thread 3406] [3.0] [cxt 0] Parser 'parser': end
[17:29:28.216] [bmv2] [D] [thread 3406] [3.0] [cxt 0] Pipeline 'ingress': start
[17:29:28.216] [bmv2] [T] [thread 3406] [3.0] [cxt 0] ndp-tree.p4(208) Condition "hdr.ipv4.isValid() && hdr.ipv4.ttl > 8w0" (node_2) is false
[17:29:28.216] [bmv2] [D] [thread 3406] [3.0] [cxt 0] Pipeline 'ingress': end
[17:29:28.216] [bmv2] [D] [thread 3406] [3.0] [cxt 0] Egress port is 0
[17:29:28.217] [bmv2] [D] [thread 3407] [0.0] [cxt 0] Pipeline 'egress': start
[17:29:28.217] [bmv2] [T] [thread 3407] [0.0] [cxt 0] Applying table 'dec_counter'
[17:29:28.217] [bmv2] [D] [thread 3407] [0.0] [cxt 0] Looking up key:
* standard_metadata.priority: 00

[17:29:28.217] [bmv2] [D] [thread 3407] [0.0] [cxt 0] Table 'dec_counter': miss
[17:29:28.217] [bmv2] [D] [thread 3407] [0.0] [cxt 0] Action entry is NoAction - 
[17:29:28.217] [bmv2] [T] [thread 3407] [0.0] [cxt 0] Action NoAction
[17:29:28.217] [bmv2] [T] [thread 3407] [0.0] [cxt 0] Applying table 'send_frame'
[17:29:28.217] [bmv2] [D] [thread 3407] [0.0] [cxt 0] Looking up key:
* standard_metadata.egress_port: 0000

[17:29:28.217] [bmv2] [D] [thread 3407] [0.0] [cxt 0] Table 'send_frame': miss
[17:29:28.217] [bmv2] [D] [thread 3407] [0.0] [cxt 0] Action entry is NoAction - 
[17:29:28.217] [bmv2] [T] [thread 3407] [0.0] [cxt 0] Action NoAction
[17:29:28.217] [bmv2] [D] [thread 3407] [0.0] [cxt 0] Pipeline 'egress': end
[17:29:28.217] [bmv2] [D] [thread 3407] [0.0] [cxt 0] Deparser 'deparser': start
[17:29:28.217] [bmv2] [D] [thread 3407] [0.0] [cxt 0] Updating checksum 'cksum'
[17:29:28.217] [bmv2] [D] [thread 3407] [0.0] [cxt 0] Deparsing header 'ethernet'
[17:29:28.217] [bmv2] [D] [thread 3407] [0.0] [cxt 0] Deparser 'deparser': end
[17:29:28.217] [bmv2] [D] [thread 3407] [1.0] [cxt 0] Pipeline 'egress': start
[17:29:28.217] [bmv2] [T] [thread 3407] [1.0] [cxt 0] Applying table 'dec_counter'
[17:29:28.217] [bmv2] [D] [thread 3407] [1.0] [cxt 0] Looking up key:
* standard_metadata.priority: 00

[17:29:28.217] [bmv2] [D] [thread 3407] [1.0] [cxt 0] Table 'dec_counter': miss
[17:29:28.217] [bmv2] [D] [thread 3407] [1.0] [cxt 0] Action entry is NoAction - 
[17:29:28.217] [bmv2] [T] [thread 3407] [1.0] [cxt 0] Action NoAction
[17:29:28.217] [bmv2] [T] [thread 3407] [1.0] [cxt 0] Applying table 'send_frame'
[17:29:28.217] [bmv2] [D] [thread 3407] [1.0] [cxt 0] Looking up key:
* standard_metadata.egress_port: 0000

[17:29:28.217] [bmv2] [D] [thread 3407] [1.0] [cxt 0] Table 'send_frame': miss
[17:29:28.217] [bmv2] [D] [thread 3407] [1.0] [cxt 0] Action entry is NoAction - 
[17:29:28.217] [bmv2] [T] [thread 3407] [1.0] [cxt 0] Action NoAction
[17:29:28.217] [bmv2] [D] [thread 3407] [1.0] [cxt 0] Pipeline 'egress': end
[17:29:28.217] [bmv2] [D] [thread 3407] [1.0] [cxt 0] Deparser 'deparser': start
[17:29:28.217] [bmv2] [D] [thread 3407] [1.0] [cxt 0] Updating checksum 'cksum'
[17:29:28.217] [bmv2] [D] [thread 3407] [1.0] [cxt 0] Deparsing header 'ethernet'
[17:29:28.217] [bmv2] [D] [thread 3407] [1.0] [cxt 0] Deparser 'deparser': end
[17:29:28.217] [bmv2] [D] [thread 3407] [2.0] [cxt 0] Pipeline 'egress': start
[17:29:28.217] [bmv2] [T] [thread 3407] [2.0] [cxt 0] Applying table 'dec_counter'
[17:29:28.217] [bmv2] [D] [thread 3407] [2.0] [cxt 0] Looking up key:
* standard_metadata.priority: 00

[17:29:28.217] [bmv2] [D] [thread 3407] [2.0] [cxt 0] Table 'dec_counter': miss
[17:29:28.217] [bmv2] [D] [thread 3407] [2.0] [cxt 0] Action entry is NoAction - 
[17:29:28.217] [bmv2] [T] [thread 3407] [2.0] [cxt 0] Action NoAction
[17:29:28.217] [bmv2] [T] [thread 3407] [2.0] [cxt 0] Applying table 'send_frame'
[17:29:28.217] [bmv2] [D] [thread 3407] [2.0] [cxt 0] Looking up key:
* standard_metadata.egress_port: 0000

[17:29:28.217] [bmv2] [D] [thread 3407] [2.0] [cxt 0] Table 'send_frame': miss
[17:29:28.217] [bmv2] [D] [thread 3407] [2.0] [cxt 0] Action entry is NoAction - 
[17:29:28.217] [bmv2] [T] [thread 3407] [2.0] [cxt 0] Action NoAction
[17:29:28.217] [bmv2] [D] [thread 3407] [2.0] [cxt 0] Pipeline 'egress': end
[17:29:28.217] [bmv2] [D] [thread 3407] [2.0] [cxt 0] Deparser 'deparser': start
[17:29:28.217] [bmv2] [D] [thread 3407] [2.0] [cxt 0] Updating checksum 'cksum'
[17:29:28.217] [bmv2] [D] [thread 3407] [2.0] [cxt 0] Deparsing header 'ethernet'
[17:29:28.217] [bmv2] [D] [thread 3407] [2.0] [cxt 0] Deparser 'deparser': end
[17:29:28.217] [bmv2] [D] [thread 3407] [3.0] [cxt 0] Pipeline 'egress': start
[17:29:28.217] [bmv2] [T] [thread 3407] [3.0] [cxt 0] Applying table 'dec_counter'
[17:29:28.217] [bmv2] [D] [thread 3407] [3.0] [cxt 0] Looking up key:
* standard_metadata.priority: 00

[17:29:28.217] [bmv2] [D] [thread 3407] [3.0] [cxt 0] Table 'dec_counter': miss
[17:29:28.217] [bmv2] [D] [thread 3407] [3.0] [cxt 0] Action entry is NoAction - 
[17:29:28.217] [bmv2] [T] [thread 3407] [3.0] [cxt 0] Action NoAction
[17:29:28.217] [bmv2] [T] [thread 3407] [3.0] [cxt 0] Applying table 'send_frame'
[17:29:28.217] [bmv2] [D] [thread 3407] [3.0] [cxt 0] Looking up key:
* standard_metadata.egress_port: 0000

[17:29:28.217] [bmv2] [D] [thread 3407] [3.0] [cxt 0] Table 'send_frame': miss
[17:29:28.217] [bmv2] [D] [thread 3407] [3.0] [cxt 0] Action entry is NoAction - 
[17:29:28.217] [bmv2] [T] [thread 3407] [3.0] [cxt 0] Action NoAction
[17:29:28.217] [bmv2] [D] [thread 3407] [3.0] [cxt 0] Pipeline 'egress': end
[17:29:28.217] [bmv2] [D] [thread 3407] [3.0] [cxt 0] Deparser 'deparser': start
[17:29:28.217] [bmv2] [D] [thread 3407] [3.0] [cxt 0] Updating checksum 'cksum'
[17:29:28.217] [bmv2] [D] [thread 3407] [3.0] [cxt 0] Deparsing header 'ethernet'
[17:29:28.217] [bmv2] [D] [thread 3407] [3.0] [cxt 0] Deparser 'deparser': end
[17:29:28.218] [bmv2] [D] [thread 3411] [0.0] [cxt 0] Transmitting packet of size 90 out of port 0
[17:29:28.218] [bmv2] [D] [thread 3411] [1.0] [cxt 0] Transmitting packet of size 70 out of port 0
[17:29:28.218] [bmv2] [D] [thread 3411] [2.0] [cxt 0] Transmitting packet of size 90 out of port 0
[17:29:28.218] [bmv2] [D] [thread 3411] [3.0] [cxt 0] Transmitting packet of size 70 out of port 0
[17:29:28.384] [bmv2] [D] [thread 3406] [4.0] [cxt 0] Processing packet received on port 2
[17:29:28.384] [bmv2] [D] [thread 3406] [4.0] [cxt 0] Parser 'parser': start
[17:29:28.384] [bmv2] [D] [thread 3406] [4.0] [cxt 0] Parser 'parser' entering state 'start'
[17:29:28.384] [bmv2] [D] [thread 3406] [4.0] [cxt 0] Parser state 'start' has no switch, going to default next state
[17:29:28.384] [bmv2] [T] [thread 3406] [4.0] [cxt 0] Bytes parsed: 0
[17:29:28.384] [bmv2] [D] [thread 3406] [4.0] [cxt 0] Parser 'parser' entering state 'parse_ethernet'
[17:29:28.384] [bmv2] [D] [thread 3406] [4.0] [cxt 0] Extracting header 'ethernet'
[17:29:28.384] [bmv2] [D] [thread 3406] [4.0] [cxt 0] Parser state 'parse_ethernet': key is 86dd
[17:29:28.384] [bmv2] [T] [thread 3406] [4.0] [cxt 0] Bytes parsed: 14
[17:29:28.384] [bmv2] [T] [thread 3406] [4.0] [cxt 0] Skipping checksum 'cksum_0' verification because target field invalid
[17:29:28.384] [bmv2] [D] [thread 3406] [4.0] [cxt 0] Parser 'parser': end
[17:29:28.384] [bmv2] [D] [thread 3406] [4.0] [cxt 0] Pipeline 'ingress': start
[17:29:28.384] [bmv2] [T] [thread 3406] [4.0] [cxt 0] ndp-tree.p4(208) Condition "hdr.ipv4.isValid() && hdr.ipv4.ttl > 8w0" (node_2) is false
[17:29:28.384] [bmv2] [D] [thread 3406] [4.0] [cxt 0] Pipeline 'ingress': end
[17:29:28.384] [bmv2] [D] [thread 3406] [4.0] [cxt 0] Egress port is 0
[17:29:28.384] [bmv2] [D] [thread 3406] [5.0] [cxt 0] Processing packet received on port 2
[17:29:28.384] [bmv2] [D] [thread 3406] [5.0] [cxt 0] Parser 'parser': start
[17:29:28.384] [bmv2] [D] [thread 3406] [5.0] [cxt 0] Parser 'parser' entering state 'start'
[17:29:28.384] [bmv2] [D] [thread 3406] [5.0] [cxt 0] Parser state 'start' has no switch, going to default next state
[17:29:28.384] [bmv2] [T] [thread 3406] [5.0] [cxt 0] Bytes parsed: 0
[17:29:28.384] [bmv2] [D] [thread 3406] [5.0] [cxt 0] Parser 'parser' entering state 'parse_ethernet'
[17:29:28.384] [bmv2] [D] [thread 3406] [5.0] [cxt 0] Extracting header 'ethernet'
[17:29:28.384] [bmv2] [D] [thread 3406] [5.0] [cxt 0] Parser state 'parse_ethernet': key is 86dd
[17:29:28.384] [bmv2] [T] [thread 3406] [5.0] [cxt 0] Bytes parsed: 14
[17:29:28.384] [bmv2] [T] [thread 3406] [5.0] [cxt 0] Skipping checksum 'cksum_0' verification because target field invalid
[17:29:28.384] [bmv2] [D] [thread 3406] [5.0] [cxt 0] Parser 'parser': end
[17:29:28.384] [bmv2] [D] [thread 3406] [5.0] [cxt 0] Pipeline 'ingress': start
[17:29:28.384] [bmv2] [T] [thread 3406] [5.0] [cxt 0] ndp-tree.p4(208) Condition "hdr.ipv4.isValid() && hdr.ipv4.ttl > 8w0" (node_2) is false
[17:29:28.384] [bmv2] [D] [thread 3406] [5.0] [cxt 0] Pipeline 'ingress': end
[17:29:28.384] [bmv2] [D] [thread 3406] [5.0] [cxt 0] Egress port is 0
[17:29:28.384] [bmv2] [D] [thread 3407] [4.0] [cxt 0] Pipeline 'egress': start
[17:29:28.384] [bmv2] [T] [thread 3407] [4.0] [cxt 0] Applying table 'dec_counter'
[17:29:28.384] [bmv2] [D] [thread 3407] [4.0] [cxt 0] Looking up key:
* standard_metadata.priority: 00

[17:29:28.384] [bmv2] [D] [thread 3407] [4.0] [cxt 0] Table 'dec_counter': miss
[17:29:28.384] [bmv2] [D] [thread 3407] [4.0] [cxt 0] Action entry is NoAction - 
[17:29:28.384] [bmv2] [T] [thread 3407] [4.0] [cxt 0] Action NoAction
[17:29:28.384] [bmv2] [T] [thread 3407] [4.0] [cxt 0] Applying table 'send_frame'
[17:29:28.384] [bmv2] [D] [thread 3407] [4.0] [cxt 0] Looking up key:
* standard_metadata.egress_port: 0000

[17:29:28.384] [bmv2] [D] [thread 3407] [4.0] [cxt 0] Table 'send_frame': miss
[17:29:28.384] [bmv2] [D] [thread 3407] [4.0] [cxt 0] Action entry is NoAction - 
[17:29:28.384] [bmv2] [T] [thread 3407] [4.0] [cxt 0] Action NoAction
[17:29:28.384] [bmv2] [D] [thread 3407] [4.0] [cxt 0] Pipeline 'egress': end
[17:29:28.384] [bmv2] [D] [thread 3407] [4.0] [cxt 0] Deparser 'deparser': start
[17:29:28.384] [bmv2] [D] [thread 3407] [4.0] [cxt 0] Updating checksum 'cksum'
[17:29:28.384] [bmv2] [D] [thread 3407] [4.0] [cxt 0] Deparsing header 'ethernet'
[17:29:28.384] [bmv2] [D] [thread 3407] [4.0] [cxt 0] Deparser 'deparser': end
[17:29:28.384] [bmv2] [D] [thread 3407] [5.0] [cxt 0] Pipeline 'egress': start
[17:29:28.385] [bmv2] [T] [thread 3407] [5.0] [cxt 0] Applying table 'dec_counter'
[17:29:28.385] [bmv2] [D] [thread 3407] [5.0] [cxt 0] Looking up key:
* standard_metadata.priority: 00

[17:29:28.385] [bmv2] [D] [thread 3407] [5.0] [cxt 0] Table 'dec_counter': miss
[17:29:28.385] [bmv2] [D] [thread 3407] [5.0] [cxt 0] Action entry is NoAction - 
[17:29:28.385] [bmv2] [T] [thread 3407] [5.0] [cxt 0] Action NoAction
[17:29:28.385] [bmv2] [T] [thread 3407] [5.0] [cxt 0] Applying table 'send_frame'
[17:29:28.385] [bmv2] [D] [thread 3407] [5.0] [cxt 0] Looking up key:
* standard_metadata.egress_port: 0000

[17:29:28.385] [bmv2] [D] [thread 3407] [5.0] [cxt 0] Table 'send_frame': miss
[17:29:28.385] [bmv2] [D] [thread 3407] [5.0] [cxt 0] Action entry is NoAction - 
[17:29:28.385] [bmv2] [T] [thread 3407] [5.0] [cxt 0] Action NoAction
[17:29:28.385] [bmv2] [D] [thread 3407] [5.0] [cxt 0] Pipeline 'egress': end
[17:29:28.385] [bmv2] [D] [thread 3407] [5.0] [cxt 0] Deparser 'deparser': start
[17:29:28.385] [bmv2] [D] [thread 3407] [5.0] [cxt 0] Updating checksum 'cksum'
[17:29:28.385] [bmv2] [D] [thread 3407] [5.0] [cxt 0] Deparsing header 'ethernet'
[17:29:28.385] [bmv2] [D] [thread 3407] [5.0] [cxt 0] Deparser 'deparser': end
[17:29:28.385] [bmv2] [D] [thread 3411] [4.0] [cxt 0] Transmitting packet of size 90 out of port 0
[17:29:28.385] [bmv2] [D] [thread 3411] [5.0] [cxt 0] Transmitting packet of size 70 out of port 0
[17:29:28.527] [bmv2] [D] [thread 3406] [6.0] [cxt 0] Processing packet received on port 1
[17:29:28.527] [bmv2] [D] [thread 3406] [6.0] [cxt 0] Parser 'parser': start
[17:29:28.527] [bmv2] [D] [thread 3406] [6.0] [cxt 0] Parser 'parser' entering state 'start'
[17:29:28.527] [bmv2] [D] [thread 3406] [6.0] [cxt 0] Parser state 'start' has no switch, going to default next state
[17:29:28.527] [bmv2] [T] [thread 3406] [6.0] [cxt 0] Bytes parsed: 0
[17:29:28.527] [bmv2] [D] [thread 3406] [6.0] [cxt 0] Parser 'parser' entering state 'parse_ethernet'
[17:29:28.527] [bmv2] [D] [thread 3406] [6.0] [cxt 0] Extracting header 'ethernet'
[17:29:28.527] [bmv2] [D] [thread 3406] [6.0] [cxt 0] Parser state 'parse_ethernet': key is 86dd
[17:29:28.527] [bmv2] [T] [thread 3406] [6.0] [cxt 0] Bytes parsed: 14
[17:29:28.527] [bmv2] [T] [thread 3406] [6.0] [cxt 0] Skipping checksum 'cksum_0' verification because target field invalid
[17:29:28.527] [bmv2] [D] [thread 3406] [6.0] [cxt 0] Parser 'parser': end
[17:29:28.527] [bmv2] [D] [thread 3406] [6.0] [cxt 0] Pipeline 'ingress': start
[17:29:28.527] [bmv2] [T] [thread 3406] [6.0] [cxt 0] ndp-tree.p4(208) Condition "hdr.ipv4.isValid() && hdr.ipv4.ttl > 8w0" (node_2) is false
[17:29:28.527] [bmv2] [D] [thread 3406] [6.0] [cxt 0] Pipeline 'ingress': end
[17:29:28.527] [bmv2] [D] [thread 3406] [6.0] [cxt 0] Egress port is 0
[17:29:28.527] [bmv2] [D] [thread 3407] [6.0] [cxt 0] Pipeline 'egress': start
[17:29:28.527] [bmv2] [T] [thread 3407] [6.0] [cxt 0] Applying table 'dec_counter'
[17:29:28.527] [bmv2] [D] [thread 3407] [6.0] [cxt 0] Looking up key:
* standard_metadata.priority: 00

[17:29:28.527] [bmv2] [D] [thread 3407] [6.0] [cxt 0] Table 'dec_counter': miss
[17:29:28.527] [bmv2] [D] [thread 3407] [6.0] [cxt 0] Action entry is NoAction - 
[17:29:28.527] [bmv2] [T] [thread 3407] [6.0] [cxt 0] Action NoAction
[17:29:28.527] [bmv2] [T] [thread 3407] [6.0] [cxt 0] Applying table 'send_frame'
[17:29:28.527] [bmv2] [D] [thread 3407] [6.0] [cxt 0] Looking up key:
* standard_metadata.egress_port: 0000

[17:29:28.527] [bmv2] [D] [thread 3407] [6.0] [cxt 0] Table 'send_frame': miss
[17:29:28.527] [bmv2] [D] [thread 3407] [6.0] [cxt 0] Action entry is NoAction - 
[17:29:28.527] [bmv2] [T] [thread 3407] [6.0] [cxt 0] Action NoAction
[17:29:28.527] [bmv2] [D] [thread 3407] [6.0] [cxt 0] Pipeline 'egress': end
[17:29:28.527] [bmv2] [D] [thread 3407] [6.0] [cxt 0] Deparser 'deparser': start
[17:29:28.527] [bmv2] [D] [thread 3407] [6.0] [cxt 0] Updating checksum 'cksum'
[17:29:28.527] [bmv2] [D] [thread 3407] [6.0] [cxt 0] Deparsing header 'ethernet'
[17:29:28.527] [bmv2] [D] [thread 3407] [6.0] [cxt 0] Deparser 'deparser': end
[17:29:28.527] [bmv2] [D] [thread 3411] [6.0] [cxt 0] Transmitting packet of size 90 out of port 0
[17:29:28.720] [bmv2] [D] [thread 3406] [7.0] [cxt 0] Processing packet received on port 1
[17:29:28.720] [bmv2] [D] [thread 3406] [7.0] [cxt 0] Parser 'parser': start
[17:29:28.720] [bmv2] [D] [thread 3406] [7.0] [cxt 0] Parser 'parser' entering state 'start'
[17:29:28.720] [bmv2] [D] [thread 3406] [7.0] [cxt 0] Parser state 'start' has no switch, going to default next state
[17:29:28.720] [bmv2] [T] [thread 3406] [7.0] [cxt 0] Bytes parsed: 0
[17:29:28.720] [bmv2] [D] [thread 3406] [7.0] [cxt 0] Parser 'parser' entering state 'parse_ethernet'
[17:29:28.720] [bmv2] [D] [thread 3406] [7.0] [cxt 0] Extracting header 'ethernet'
[17:29:28.720] [bmv2] [D] [thread 3406] [7.0] [cxt 0] Parser state 'parse_ethernet': key is 86dd
[17:29:28.720] [bmv2] [T] [thread 3406] [7.0] [cxt 0] Bytes parsed: 14
[17:29:28.720] [bmv2] [T] [thread 3406] [7.0] [cxt 0] Skipping checksum 'cksum_0' verification because target field invalid
[17:29:28.720] [bmv2] [D] [thread 3406] [7.0] [cxt 0] Parser 'parser': end
[17:29:28.720] [bmv2] [D] [thread 3406] [7.0] [cxt 0] Pipeline 'ingress': start
[17:29:28.720] [bmv2] [T] [thread 3406] [7.0] [cxt 0] ndp-tree.p4(208) Condition "hdr.ipv4.isValid() && hdr.ipv4.ttl > 8w0" (node_2) is false
[17:29:28.720] [bmv2] [D] [thread 3406] [7.0] [cxt 0] Pipeline 'ingress': end
[17:29:28.720] [bmv2] [D] [thread 3406] [7.0] [cxt 0] Egress port is 0
[17:29:28.720] [bmv2] [D] [thread 3407] [7.0] [cxt 0] Pipeline 'egress': start
[17:29:28.720] [bmv2] [T] [thread 3407] [7.0] [cxt 0] Applying table 'dec_counter'
[17:29:28.720] [bmv2] [D] [thread 3407] [7.0] [cxt 0] Looking up key:
* standard_metadata.priority: 00

[17:29:28.720] [bmv2] [D] [thread 3407] [7.0] [cxt 0] Table 'dec_counter': miss
[17:29:28.720] [bmv2] [D] [thread 3407] [7.0] [cxt 0] Action entry is NoAction - 
[17:29:28.720] [bmv2] [T] [thread 3407] [7.0] [cxt 0] Action NoAction
[17:29:28.720] [bmv2] [T] [thread 3407] [7.0] [cxt 0] Applying table 'send_frame'
[17:29:28.720] [bmv2] [D] [thread 3407] [7.0] [cxt 0] Looking up key:
* standard_metadata.egress_port: 0000

[17:29:28.720] [bmv2] [D] [thread 3407] [7.0] [cxt 0] Table 'send_frame': miss
[17:29:28.720] [bmv2] [D] [thread 3407] [7.0] [cxt 0] Action entry is NoAction - 
[17:29:28.720] [bmv2] [T] [thread 3407] [7.0] [cxt 0] Action NoAction
[17:29:28.721] [bmv2] [D] [thread 3407] [7.0] [cxt 0] Pipeline 'egress': end
[17:29:28.721] [bmv2] [D] [thread 3407] [7.0] [cxt 0] Deparser 'deparser': start
[17:29:28.721] [bmv2] [D] [thread 3407] [7.0] [cxt 0] Updating checksum 'cksum'
[17:29:28.721] [bmv2] [D] [thread 3407] [7.0] [cxt 0] Deparsing header 'ethernet'
[17:29:28.721] [bmv2] [D] [thread 3407] [7.0] [cxt 0] Deparser 'deparser': end
[17:29:28.721] [bmv2] [D] [thread 3411] [7.0] [cxt 0] Transmitting packet of size 90 out of port 0
[17:29:28.940] [bmv2] [D] [thread 3406] [8.0] [cxt 0] Processing packet received on port 2
[17:29:28.940] [bmv2] [D] [thread 3406] [8.0] [cxt 0] Parser 'parser': start
[17:29:28.940] [bmv2] [D] [thread 3406] [8.0] [cxt 0] Parser 'parser' entering state 'start'
[17:29:28.940] [bmv2] [D] [thread 3406] [8.0] [cxt 0] Parser state 'start' has no switch, going to default next state
[17:29:28.940] [bmv2] [T] [thread 3406] [8.0] [cxt 0] Bytes parsed: 0
[17:29:28.940] [bmv2] [D] [thread 3406] [8.0] [cxt 0] Parser 'parser' entering state 'parse_ethernet'
[17:29:28.940] [bmv2] [D] [thread 3406] [8.0] [cxt 0] Extracting header 'ethernet'
[17:29:28.940] [bmv2] [D] [thread 3406] [8.0] [cxt 0] Parser state 'parse_ethernet': key is 86dd
[17:29:28.940] [bmv2] [T] [thread 3406] [8.0] [cxt 0] Bytes parsed: 14
[17:29:28.940] [bmv2] [T] [thread 3406] [8.0] [cxt 0] Skipping checksum 'cksum_0' verification because target field invalid
[17:29:28.940] [bmv2] [D] [thread 3406] [8.0] [cxt 0] Parser 'parser': end
[17:29:28.940] [bmv2] [D] [thread 3406] [8.0] [cxt 0] Pipeline 'ingress': start
[17:29:28.940] [bmv2] [T] [thread 3406] [8.0] [cxt 0] ndp-tree.p4(208) Condition "hdr.ipv4.isValid() && hdr.ipv4.ttl > 8w0" (node_2) is false
[17:29:28.940] [bmv2] [D] [thread 3406] [8.0] [cxt 0] Pipeline 'ingress': end
[17:29:28.940] [bmv2] [D] [thread 3406] [8.0] [cxt 0] Egress port is 0
[17:29:28.940] [bmv2] [D] [thread 3407] [8.0] [cxt 0] Pipeline 'egress': start
[17:29:28.940] [bmv2] [T] [thread 3407] [8.0] [cxt 0] Applying table 'dec_counter'
[17:29:28.940] [bmv2] [D] [thread 3407] [8.0] [cxt 0] Looking up key:
* standard_metadata.priority: 00

[17:29:28.940] [bmv2] [D] [thread 3407] [8.0] [cxt 0] Table 'dec_counter': miss
[17:29:28.940] [bmv2] [D] [thread 3407] [8.0] [cxt 0] Action entry is NoAction - 
[17:29:28.940] [bmv2] [T] [thread 3407] [8.0] [cxt 0] Action NoAction
[17:29:28.940] [bmv2] [T] [thread 3407] [8.0] [cxt 0] Applying table 'send_frame'
[17:29:28.940] [bmv2] [D] [thread 3407] [8.0] [cxt 0] Looking up key:
* standard_metadata.egress_port: 0000

[17:29:28.940] [bmv2] [D] [thread 3407] [8.0] [cxt 0] Table 'send_frame': miss
[17:29:28.940] [bmv2] [D] [thread 3407] [8.0] [cxt 0] Action entry is NoAction - 
[17:29:28.940] [bmv2] [T] [thread 3407] [8.0] [cxt 0] Action NoAction
[17:29:28.940] [bmv2] [D] [thread 3407] [8.0] [cxt 0] Pipeline 'egress': end
[17:29:28.940] [bmv2] [D] [thread 3407] [8.0] [cxt 0] Deparser 'deparser': start
[17:29:28.940] [bmv2] [D] [thread 3407] [8.0] [cxt 0] Updating checksum 'cksum'
[17:29:28.940] [bmv2] [D] [thread 3407] [8.0] [cxt 0] Deparsing header 'ethernet'
[17:29:28.940] [bmv2] [D] [thread 3407] [8.0] [cxt 0] Deparser 'deparser': end
[17:29:28.940] [bmv2] [D] [thread 3411] [8.0] [cxt 0] Transmitting packet of size 90 out of port 0
[17:29:30.114] [bmv2] [W] [thread 3454] [P4Runtime] p4::tmp::P4DeviceConfig is deprecated
[17:29:30.117] [bmv2] [D] [thread 3454] Set default default entry for table 'ipv4_lpm': NoAction - 
[17:29:30.117] [bmv2] [D] [thread 3454] Set default default entry for table 'readbuffersense': NoAction - 
[17:29:30.117] [bmv2] [D] [thread 3454] Set default default entry for table 'setprio': NoAction - 
[17:29:30.117] [bmv2] [D] [thread 3454] Set default default entry for table 'directtoprio': NoAction - 
[17:29:30.117] [bmv2] [D] [thread 3454] Set default default entry for table 'forward': NoAction - 
[17:29:30.117] [bmv2] [D] [thread 3454] Set default default entry for table 'dec_counter': NoAction - 
[17:29:30.117] [bmv2] [D] [thread 3454] Set default default entry for table 'send_frame': NoAction - 
[17:29:30.118] [bmv2] [D] [thread 3454] simple_switch target has been notified of a config swap
[17:29:30.120] [bmv2] [D] [thread 3455] Entry 0 added to table 'ipv4_lpm'
[17:29:30.120] [bmv2] [D] [thread 3455] Dumping entry 0
Match key:
* ipv4.dstAddr        : LPM       0a0a0a07/32
Action entry: set_nhop - a0a0a07,1,

[17:29:30.121] [bmv2] [D] [thread 3454] Entry 1 added to table 'ipv4_lpm'
[17:29:30.121] [bmv2] [D] [thread 3454] Dumping entry 1
Match key:
* ipv4.dstAddr        : LPM       0b0a0a07/32
Action entry: set_nhop - b0a0a07,1,

[17:29:30.123] [bmv2] [D] [thread 3455] Entry 2 added to table 'ipv4_lpm'
[17:29:30.123] [bmv2] [D] [thread 3455] Dumping entry 2
Match key:
* ipv4.dstAddr        : LPM       0a0a0b05/32
Action entry: set_nhop - a0a0b05,2,

[17:29:30.124] [bmv2] [D] [thread 3454] Entry 3 added to table 'ipv4_lpm'
[17:29:30.124] [bmv2] [D] [thread 3454] Dumping entry 3
Match key:
* ipv4.dstAddr        : LPM       0b0a0b05/32
Action entry: set_nhop - b0a0b05,2,

[17:29:30.125] [bmv2] [D] [thread 3455] Entry 4 added to table 'ipv4_lpm'
[17:29:30.125] [bmv2] [D] [thread 3455] Dumping entry 4
Match key:
* ipv4.dstAddr        : LPM       0a0a0d08/32
Action entry: set_nhop - a0a0d08,1,

[17:29:30.126] [bmv2] [D] [thread 3454] Entry 5 added to table 'ipv4_lpm'
[17:29:30.126] [bmv2] [D] [thread 3454] Dumping entry 5
Match key:
* ipv4.dstAddr        : LPM       0b0a0d08/32
Action entry: set_nhop - b0a0d08,1,

[17:29:30.128] [bmv2] [D] [thread 3455] Entry 0 added to table 'forward'
[17:29:30.128] [bmv2] [D] [thread 3455] Dumping entry 0
Match key:
* routing_metadata.nhop_ipv4: EXACT     0a0a0a07
Action entry: set_dmac - 800273ad8f4,80027d17d9e,

[17:29:30.130] [bmv2] [D] [thread 3454] Entry 1 added to table 'forward'
[17:29:30.130] [bmv2] [D] [thread 3454] Dumping entry 1
Match key:
* routing_metadata.nhop_ipv4: EXACT     0b0a0a07
Action entry: set_dmac - 800273ad8f4,80027d17d9e,

[17:29:30.131] [bmv2] [D] [thread 3455] Entry 2 added to table 'forward'
[17:29:30.131] [bmv2] [D] [thread 3455] Dumping entry 2
Match key:
* routing_metadata.nhop_ipv4: EXACT     0a0a0d08
Action entry: set_dmac - 8002745f713,80027d17d9e,

[17:29:30.132] [bmv2] [D] [thread 3454] Entry 3 added to table 'forward'
[17:29:30.132] [bmv2] [D] [thread 3454] Dumping entry 3
Match key:
* routing_metadata.nhop_ipv4: EXACT     0b0a0d08
Action entry: set_dmac - 8002745f713,80027d17d9e,

[17:29:30.134] [bmv2] [D] [thread 3455] Entry 4 added to table 'forward'
[17:29:30.134] [bmv2] [D] [thread 3455] Dumping entry 4
Match key:
* routing_metadata.nhop_ipv4: EXACT     0a0a0b05
Action entry: set_dmac - 8002745f713,80027d17d9e,

[17:29:30.135] [bmv2] [D] [thread 3454] Entry 5 added to table 'forward'
[17:29:30.135] [bmv2] [D] [thread 3454] Dumping entry 5
Match key:
* routing_metadata.nhop_ipv4: EXACT     0b0a0b05
Action entry: set_dmac - 8002745f713,80027d17d9e,

[17:29:30.136] [bmv2] [D] [thread 3455] Set default entry for table 'directtoprio': directpriohigh - 
[17:29:30.137] [bmv2] [D] [thread 3454] Set default entry for table 'readbuffersense': readbuffer - 
[17:29:30.138] [bmv2] [D] [thread 3455] Entry 0 added to table 'setprio'
[17:29:30.138] [bmv2] [D] [thread 3455] Dumping entry 0
Match key:
* meta.register_tmp   : RANGE     0008 -> 0008
Priority: 2147483646
Action entry: setpriohigh - 

[17:29:30.139] [bmv2] [D] [thread 3454] Entry 1 added to table 'setprio'
[17:29:30.139] [bmv2] [D] [thread 3454] Dumping entry 1
Match key:
* meta.register_tmp   : RANGE     0000 -> 0007
Priority: 2147483646
Action entry: setpriolow - 

[17:29:30.140] [bmv2] [D] [thread 3455] Entry 0 added to table 'dec_counter'
[17:29:30.141] [bmv2] [D] [thread 3455] Dumping entry 0
Match key:
* standard_metadata.priority: RANGE     01 -> 01
Priority: 2147483646
Action entry: decreasereg - 

[17:29:31.532] [bmv2] [D] [thread 3406] [9.0] [cxt 0] Processing packet received on port 2
[17:29:31.532] [bmv2] [D] [thread 3406] [9.0] [cxt 0] Parser 'parser': start
[17:29:31.532] [bmv2] [D] [thread 3406] [9.0] [cxt 0] Parser 'parser' entering state 'start'
[17:29:31.532] [bmv2] [D] [thread 3406] [9.0] [cxt 0] Parser state 'start' has no switch, going to default next state
[17:29:31.532] [bmv2] [T] [thread 3406] [9.0] [cxt 0] Bytes parsed: 0
[17:29:31.532] [bmv2] [D] [thread 3406] [9.0] [cxt 0] Parser 'parser' entering state 'parse_ethernet'
[17:29:31.532] [bmv2] [D] [thread 3406] [9.0] [cxt 0] Extracting header 'ethernet'
[17:29:31.532] [bmv2] [D] [thread 3406] [9.0] [cxt 0] Parser state 'parse_ethernet': key is 86dd
[17:29:31.532] [bmv2] [T] [thread 3406] [9.0] [cxt 0] Bytes parsed: 14
[17:29:31.532] [bmv2] [T] [thread 3406] [9.0] [cxt 0] Skipping checksum 'cksum_0' verification because target field invalid
[17:29:31.532] [bmv2] [D] [thread 3406] [9.0] [cxt 0] Parser 'parser': end
[17:29:31.532] [bmv2] [D] [thread 3406] [9.0] [cxt 0] Pipeline 'ingress': start
[17:29:31.532] [bmv2] [T] [thread 3406] [9.0] [cxt 0] ndp-tree.p4(208) Condition "hdr.ipv4.isValid() && hdr.ipv4.ttl > 8w0" (node_2) is false
[17:29:31.532] [bmv2] [D] [thread 3406] [9.0] [cxt 0] Pipeline 'ingress': end
[17:29:31.532] [bmv2] [D] [thread 3406] [9.0] [cxt 0] Egress port is 0
[17:29:31.532] [bmv2] [D] [thread 3407] [9.0] [cxt 0] Pipeline 'egress': start
[17:29:31.532] [bmv2] [T] [thread 3407] [9.0] [cxt 0] Applying table 'dec_counter'
[17:29:31.532] [bmv2] [D] [thread 3407] [9.0] [cxt 0] Looking up key:
* standard_metadata.priority: 00

[17:29:31.532] [bmv2] [D] [thread 3407] [9.0] [cxt 0] Table 'dec_counter': miss
[17:29:31.532] [bmv2] [D] [thread 3407] [9.0] [cxt 0] Action entry is NoAction - 
[17:29:31.532] [bmv2] [T] [thread 3407] [9.0] [cxt 0] Action NoAction
[17:29:31.532] [bmv2] [T] [thread 3407] [9.0] [cxt 0] Applying table 'send_frame'
[17:29:31.532] [bmv2] [D] [thread 3407] [9.0] [cxt 0] Looking up key:
* standard_metadata.egress_port: 0000

[17:29:31.532] [bmv2] [D] [thread 3407] [9.0] [cxt 0] Table 'send_frame': miss
[17:29:31.532] [bmv2] [D] [thread 3407] [9.0] [cxt 0] Action entry is NoAction - 
[17:29:31.532] [bmv2] [T] [thread 3407] [9.0] [cxt 0] Action NoAction
[17:29:31.532] [bmv2] [D] [thread 3407] [9.0] [cxt 0] Pipeline 'egress': end
[17:29:31.532] [bmv2] [D] [thread 3407] [9.0] [cxt 0] Deparser 'deparser': start
[17:29:31.532] [bmv2] [D] [thread 3407] [9.0] [cxt 0] Updating checksum 'cksum'
[17:29:31.532] [bmv2] [D] [thread 3407] [9.0] [cxt 0] Deparsing header 'ethernet'
[17:29:31.532] [bmv2] [D] [thread 3407] [9.0] [cxt 0] Deparser 'deparser': end
[17:29:31.532] [bmv2] [D] [thread 3411] [9.0] [cxt 0] Transmitting packet of size 70 out of port 0
[17:29:32.307] [bmv2] [D] [thread 3406] [10.0] [cxt 0] Processing packet received on port 2
[17:29:32.307] [bmv2] [D] [thread 3406] [10.0] [cxt 0] Parser 'parser': start
[17:29:32.307] [bmv2] [D] [thread 3406] [10.0] [cxt 0] Parser 'parser' entering state 'start'
[17:29:32.307] [bmv2] [D] [thread 3406] [10.0] [cxt 0] Parser state 'start' has no switch, going to default next state
[17:29:32.307] [bmv2] [T] [thread 3406] [10.0] [cxt 0] Bytes parsed: 0
[17:29:32.307] [bmv2] [D] [thread 3406] [10.0] [cxt 0] Parser 'parser' entering state 'parse_ethernet'
[17:29:32.307] [bmv2] [D] [thread 3406] [10.0] [cxt 0] Extracting header 'ethernet'
[17:29:32.307] [bmv2] [D] [thread 3406] [10.0] [cxt 0] Parser state 'parse_ethernet': key is 86dd
[17:29:32.307] [bmv2] [T] [thread 3406] [10.0] [cxt 0] Bytes parsed: 14
[17:29:32.307] [bmv2] [T] [thread 3406] [10.0] [cxt 0] Skipping checksum 'cksum_0' verification because target field invalid
[17:29:32.307] [bmv2] [D] [thread 3406] [10.0] [cxt 0] Parser 'parser': end
[17:29:32.307] [bmv2] [D] [thread 3406] [10.0] [cxt 0] Pipeline 'ingress': start
[17:29:32.307] [bmv2] [T] [thread 3406] [10.0] [cxt 0] ndp-tree.p4(208) Condition "hdr.ipv4.isValid() && hdr.ipv4.ttl > 8w0" (node_2) is false
[17:29:32.307] [bmv2] [D] [thread 3406] [10.0] [cxt 0] Pipeline 'ingress': end
[17:29:32.307] [bmv2] [D] [thread 3406] [10.0] [cxt 0] Egress port is 0
[17:29:32.307] [bmv2] [D] [thread 3407] [10.0] [cxt 0] Pipeline 'egress': start
[17:29:32.307] [bmv2] [T] [thread 3407] [10.0] [cxt 0] Applying table 'dec_counter'
[17:29:32.307] [bmv2] [D] [thread 3407] [10.0] [cxt 0] Looking up key:
* standard_metadata.priority: 00

[17:29:32.307] [bmv2] [D] [thread 3407] [10.0] [cxt 0] Table 'dec_counter': miss
[17:29:32.307] [bmv2] [D] [thread 3407] [10.0] [cxt 0] Action entry is NoAction - 
[17:29:32.307] [bmv2] [T] [thread 3407] [10.0] [cxt 0] Action NoAction
[17:29:32.307] [bmv2] [T] [thread 3407] [10.0] [cxt 0] Applying table 'send_frame'
[17:29:32.307] [bmv2] [D] [thread 3407] [10.0] [cxt 0] Looking up key:
* standard_metadata.egress_port: 0000

[17:29:32.307] [bmv2] [D] [thread 3407] [10.0] [cxt 0] Table 'send_frame': miss
[17:29:32.307] [bmv2] [D] [thread 3407] [10.0] [cxt 0] Action entry is NoAction - 
[17:29:32.307] [bmv2] [T] [thread 3407] [10.0] [cxt 0] Action NoAction
[17:29:32.307] [bmv2] [D] [thread 3407] [10.0] [cxt 0] Pipeline 'egress': end
[17:29:32.307] [bmv2] [D] [thread 3407] [10.0] [cxt 0] Deparser 'deparser': start
[17:29:32.307] [bmv2] [D] [thread 3407] [10.0] [cxt 0] Updating checksum 'cksum'
[17:29:32.307] [bmv2] [D] [thread 3407] [10.0] [cxt 0] Deparsing header 'ethernet'
[17:29:32.307] [bmv2] [D] [thread 3407] [10.0] [cxt 0] Deparser 'deparser': end
[17:29:32.307] [bmv2] [D] [thread 3411] [10.0] [cxt 0] Transmitting packet of size 70 out of port 0
[17:29:32.563] [bmv2] [D] [thread 3406] [11.0] [cxt 0] Processing packet received on port 1
[17:29:32.563] [bmv2] [D] [thread 3406] [11.0] [cxt 0] Parser 'parser': start
[17:29:32.563] [bmv2] [D] [thread 3406] [11.0] [cxt 0] Parser 'parser' entering state 'start'
[17:29:32.563] [bmv2] [D] [thread 3406] [11.0] [cxt 0] Parser state 'start' has no switch, going to default next state
[17:29:32.563] [bmv2] [T] [thread 3406] [11.0] [cxt 0] Bytes parsed: 0
[17:29:32.563] [bmv2] [D] [thread 3406] [11.0] [cxt 0] Parser 'parser' entering state 'parse_ethernet'
[17:29:32.563] [bmv2] [D] [thread 3406] [11.0] [cxt 0] Extracting header 'ethernet'
[17:29:32.563] [bmv2] [D] [thread 3406] [11.0] [cxt 0] Parser state 'parse_ethernet': key is 86dd
[17:29:32.563] [bmv2] [T] [thread 3406] [11.0] [cxt 0] Bytes parsed: 14
[17:29:32.563] [bmv2] [T] [thread 3406] [11.0] [cxt 0] Skipping checksum 'cksum_0' verification because target field invalid
[17:29:32.563] [bmv2] [D] [thread 3406] [11.0] [cxt 0] Parser 'parser': end
[17:29:32.563] [bmv2] [D] [thread 3406] [11.0] [cxt 0] Pipeline 'ingress': start
[17:29:32.563] [bmv2] [T] [thread 3406] [11.0] [cxt 0] ndp-tree.p4(208) Condition "hdr.ipv4.isValid() && hdr.ipv4.ttl > 8w0" (node_2) is false
[17:29:32.563] [bmv2] [D] [thread 3406] [11.0] [cxt 0] Pipeline 'ingress': end
[17:29:32.563] [bmv2] [D] [thread 3406] [11.0] [cxt 0] Egress port is 0
[17:29:32.563] [bmv2] [D] [thread 3407] [11.0] [cxt 0] Pipeline 'egress': start
[17:29:32.563] [bmv2] [T] [thread 3407] [11.0] [cxt 0] Applying table 'dec_counter'
[17:29:32.563] [bmv2] [D] [thread 3407] [11.0] [cxt 0] Looking up key:
* standard_metadata.priority: 00

[17:29:32.563] [bmv2] [D] [thread 3407] [11.0] [cxt 0] Table 'dec_counter': miss
[17:29:32.563] [bmv2] [D] [thread 3407] [11.0] [cxt 0] Action entry is NoAction - 
[17:29:32.563] [bmv2] [T] [thread 3407] [11.0] [cxt 0] Action NoAction
[17:29:32.563] [bmv2] [T] [thread 3407] [11.0] [cxt 0] Applying table 'send_frame'
[17:29:32.563] [bmv2] [D] [thread 3407] [11.0] [cxt 0] Looking up key:
* standard_metadata.egress_port: 0000

[17:29:32.563] [bmv2] [D] [thread 3407] [11.0] [cxt 0] Table 'send_frame': miss
[17:29:32.563] [bmv2] [D] [thread 3407] [11.0] [cxt 0] Action entry is NoAction - 
[17:29:32.563] [bmv2] [T] [thread 3407] [11.0] [cxt 0] Action NoAction
[17:29:32.563] [bmv2] [D] [thread 3407] [11.0] [cxt 0] Pipeline 'egress': end
[17:29:32.563] [bmv2] [D] [thread 3407] [11.0] [cxt 0] Deparser 'deparser': start
[17:29:32.563] [bmv2] [D] [thread 3407] [11.0] [cxt 0] Updating checksum 'cksum'
[17:29:32.563] [bmv2] [D] [thread 3407] [11.0] [cxt 0] Deparsing header 'ethernet'
[17:29:32.563] [bmv2] [D] [thread 3407] [11.0] [cxt 0] Deparser 'deparser': end
[17:29:32.563] [bmv2] [D] [thread 3411] [11.0] [cxt 0] Transmitting packet of size 70 out of port 0
[17:29:32.820] [bmv2] [D] [thread 3406] [12.0] [cxt 0] Processing packet received on port 1
[17:29:32.820] [bmv2] [D] [thread 3406] [12.0] [cxt 0] Parser 'parser': start
[17:29:32.820] [bmv2] [D] [thread 3406] [12.0] [cxt 0] Parser 'parser' entering state 'start'
[17:29:32.820] [bmv2] [D] [thread 3406] [12.0] [cxt 0] Parser state 'start' has no switch, going to default next state
[17:29:32.820] [bmv2] [T] [thread 3406] [12.0] [cxt 0] Bytes parsed: 0
[17:29:32.820] [bmv2] [D] [thread 3406] [12.0] [cxt 0] Parser 'parser' entering state 'parse_ethernet'
[17:29:32.820] [bmv2] [D] [thread 3406] [12.0] [cxt 0] Extracting header 'ethernet'
[17:29:32.820] [bmv2] [D] [thread 3406] [12.0] [cxt 0] Parser state 'parse_ethernet': key is 86dd
[17:29:32.820] [bmv2] [T] [thread 3406] [12.0] [cxt 0] Bytes parsed: 14
[17:29:32.820] [bmv2] [T] [thread 3406] [12.0] [cxt 0] Skipping checksum 'cksum_0' verification because target field invalid
[17:29:32.821] [bmv2] [D] [thread 3406] [12.0] [cxt 0] Parser 'parser': end
[17:29:32.821] [bmv2] [D] [thread 3406] [12.0] [cxt 0] Pipeline 'ingress': start
[17:29:32.821] [bmv2] [T] [thread 3406] [12.0] [cxt 0] ndp-tree.p4(208) Condition "hdr.ipv4.isValid() && hdr.ipv4.ttl > 8w0" (node_2) is false
[17:29:32.821] [bmv2] [D] [thread 3406] [12.0] [cxt 0] Pipeline 'ingress': end
[17:29:32.821] [bmv2] [D] [thread 3406] [12.0] [cxt 0] Egress port is 0
[17:29:32.821] [bmv2] [D] [thread 3407] [12.0] [cxt 0] Pipeline 'egress': start
[17:29:32.821] [bmv2] [T] [thread 3407] [12.0] [cxt 0] Applying table 'dec_counter'
[17:29:32.821] [bmv2] [D] [thread 3407] [12.0] [cxt 0] Looking up key:
* standard_metadata.priority: 00

[17:29:32.821] [bmv2] [D] [thread 3407] [12.0] [cxt 0] Table 'dec_counter': miss
[17:29:32.821] [bmv2] [D] [thread 3407] [12.0] [cxt 0] Action entry is NoAction - 
[17:29:32.821] [bmv2] [T] [thread 3407] [12.0] [cxt 0] Action NoAction
[17:29:32.821] [bmv2] [T] [thread 3407] [12.0] [cxt 0] Applying table 'send_frame'
[17:29:32.821] [bmv2] [D] [thread 3407] [12.0] [cxt 0] Looking up key:
* standard_metadata.egress_port: 0000

[17:29:32.821] [bmv2] [D] [thread 3407] [12.0] [cxt 0] Table 'send_frame': miss
[17:29:32.821] [bmv2] [D] [thread 3407] [12.0] [cxt 0] Action entry is NoAction - 
[17:29:32.821] [bmv2] [T] [thread 3407] [12.0] [cxt 0] Action NoAction
[17:29:32.821] [bmv2] [D] [thread 3407] [12.0] [cxt 0] Pipeline 'egress': end
[17:29:32.821] [bmv2] [D] [thread 3407] [12.0] [cxt 0] Deparser 'deparser': start
[17:29:32.821] [bmv2] [D] [thread 3407] [12.0] [cxt 0] Updating checksum 'cksum'
[17:29:32.821] [bmv2] [D] [thread 3407] [12.0] [cxt 0] Deparsing header 'ethernet'
[17:29:32.821] [bmv2] [D] [thread 3407] [12.0] [cxt 0] Deparser 'deparser': end
[17:29:32.821] [bmv2] [D] [thread 3411] [12.0] [cxt 0] Transmitting packet of size 70 out of port 0
open: No such file or directory
open: No such file or directory
open: No such file or directory
open: No such file or directory
