Calling target program-options parser
[17:29:28.429] [bmv2] [D] [thread 3413] Set default default entry for table 'ipv4_lpm': NoAction - 
[17:29:28.429] [bmv2] [D] [thread 3413] Set default default entry for table 'readbuffersense': NoAction - 
[17:29:28.429] [bmv2] [D] [thread 3413] Set default default entry for table 'setprio': NoAction - 
[17:29:28.429] [bmv2] [D] [thread 3413] Set default default entry for table 'directtoprio': NoAction - 
[17:29:28.429] [bmv2] [D] [thread 3413] Set default default entry for table 'forward': NoAction - 
[17:29:28.429] [bmv2] [D] [thread 3413] Set default default entry for table 'dec_counter': NoAction - 
[17:29:28.429] [bmv2] [D] [thread 3413] Set default default entry for table 'send_frame': NoAction - 
Adding interface s4-eth1 as port 1
[17:29:28.430] [bmv2] [D] [thread 3413] Adding interface s4-eth1 as port 1
Adding interface s4-eth2 as port 2
[17:29:28.468] [bmv2] [D] [thread 3413] Adding interface s4-eth2 as port 2
Server listening on 0.0.0.0:50054
[17:29:28.515] [bmv2] [I] [thread 3413] Starting Thrift server on port 9093
[17:29:28.515] [bmv2] [I] [thread 3413] Thrift server was started
[17:29:28.718] [bmv2] [D] [thread 3423] [0.0] [cxt 0] Processing packet received on port 2
[17:29:28.718] [bmv2] [D] [thread 3423] [0.0] [cxt 0] Parser 'parser': start
[17:29:28.718] [bmv2] [D] [thread 3423] [0.0] [cxt 0] Parser 'parser' entering state 'start'
[17:29:28.718] [bmv2] [D] [thread 3423] [0.0] [cxt 0] Parser state 'start' has no switch, going to default next state
[17:29:28.718] [bmv2] [T] [thread 3423] [0.0] [cxt 0] Bytes parsed: 0
[17:29:28.718] [bmv2] [D] [thread 3423] [0.0] [cxt 0] Parser 'parser' entering state 'parse_ethernet'
[17:29:28.718] [bmv2] [D] [thread 3423] [0.0] [cxt 0] Extracting header 'ethernet'
[17:29:28.718] [bmv2] [D] [thread 3423] [0.0] [cxt 0] Parser state 'parse_ethernet': key is 86dd
[17:29:28.718] [bmv2] [T] [thread 3423] [0.0] [cxt 0] Bytes parsed: 14
[17:29:28.718] [bmv2] [T] [thread 3423] [0.0] [cxt 0] Skipping checksum 'cksum_0' verification because target field invalid
[17:29:28.718] [bmv2] [D] [thread 3423] [0.0] [cxt 0] Parser 'parser': end
[17:29:28.718] [bmv2] [D] [thread 3423] [0.0] [cxt 0] Pipeline 'ingress': start
[17:29:28.718] [bmv2] [T] [thread 3423] [0.0] [cxt 0] ndp-tree.p4(208) Condition "hdr.ipv4.isValid() && hdr.ipv4.ttl > 8w0" (node_2) is false
[17:29:28.718] [bmv2] [D] [thread 3423] [0.0] [cxt 0] Pipeline 'ingress': end
[17:29:28.718] [bmv2] [D] [thread 3423] [0.0] [cxt 0] Egress port is 0
[17:29:28.718] [bmv2] [D] [thread 3423] [1.0] [cxt 0] Processing packet received on port 2
[17:29:28.718] [bmv2] [D] [thread 3423] [1.0] [cxt 0] Parser 'parser': start
[17:29:28.718] [bmv2] [D] [thread 3423] [1.0] [cxt 0] Parser 'parser' entering state 'start'
[17:29:28.718] [bmv2] [D] [thread 3423] [1.0] [cxt 0] Parser state 'start' has no switch, going to default next state
[17:29:28.718] [bmv2] [T] [thread 3423] [1.0] [cxt 0] Bytes parsed: 0
[17:29:28.718] [bmv2] [D] [thread 3423] [1.0] [cxt 0] Parser 'parser' entering state 'parse_ethernet'
[17:29:28.718] [bmv2] [D] [thread 3423] [1.0] [cxt 0] Extracting header 'ethernet'
[17:29:28.718] [bmv2] [D] [thread 3423] [1.0] [cxt 0] Parser state 'parse_ethernet': key is 86dd
[17:29:28.718] [bmv2] [T] [thread 3423] [1.0] [cxt 0] Bytes parsed: 14
[17:29:28.718] [bmv2] [T] [thread 3423] [1.0] [cxt 0] Skipping checksum 'cksum_0' verification because target field invalid
[17:29:28.718] [bmv2] [D] [thread 3423] [1.0] [cxt 0] Parser 'parser': end
[17:29:28.718] [bmv2] [D] [thread 3423] [1.0] [cxt 0] Pipeline 'ingress': start
[17:29:28.718] [bmv2] [T] [thread 3423] [1.0] [cxt 0] ndp-tree.p4(208) Condition "hdr.ipv4.isValid() && hdr.ipv4.ttl > 8w0" (node_2) is false
[17:29:28.718] [bmv2] [D] [thread 3423] [1.0] [cxt 0] Pipeline 'ingress': end
[17:29:28.718] [bmv2] [D] [thread 3423] [1.0] [cxt 0] Egress port is 0
[17:29:28.719] [bmv2] [D] [thread 3424] [0.0] [cxt 0] Pipeline 'egress': start
[17:29:28.719] [bmv2] [T] [thread 3424] [0.0] [cxt 0] Applying table 'dec_counter'
[17:29:28.719] [bmv2] [D] [thread 3424] [0.0] [cxt 0] Looking up key:
* standard_metadata.priority: 00

[17:29:28.719] [bmv2] [D] [thread 3424] [0.0] [cxt 0] Table 'dec_counter': miss
[17:29:28.719] [bmv2] [D] [thread 3424] [0.0] [cxt 0] Action entry is NoAction - 
[17:29:28.719] [bmv2] [T] [thread 3424] [0.0] [cxt 0] Action NoAction
[17:29:28.719] [bmv2] [T] [thread 3424] [0.0] [cxt 0] Applying table 'send_frame'
[17:29:28.719] [bmv2] [D] [thread 3424] [0.0] [cxt 0] Looking up key:
* standard_metadata.egress_port: 0000

[17:29:28.719] [bmv2] [D] [thread 3424] [0.0] [cxt 0] Table 'send_frame': miss
[17:29:28.719] [bmv2] [D] [thread 3424] [0.0] [cxt 0] Action entry is NoAction - 
[17:29:28.719] [bmv2] [T] [thread 3424] [0.0] [cxt 0] Action NoAction
[17:29:28.719] [bmv2] [D] [thread 3424] [0.0] [cxt 0] Pipeline 'egress': end
[17:29:28.719] [bmv2] [D] [thread 3424] [0.0] [cxt 0] Deparser 'deparser': start
[17:29:28.719] [bmv2] [D] [thread 3424] [0.0] [cxt 0] Updating checksum 'cksum'
[17:29:28.719] [bmv2] [D] [thread 3424] [0.0] [cxt 0] Deparsing header 'ethernet'
[17:29:28.719] [bmv2] [D] [thread 3424] [0.0] [cxt 0] Deparser 'deparser': end
[17:29:28.719] [bmv2] [D] [thread 3428] [0.0] [cxt 0] Transmitting packet of size 90 out of port 0
[17:29:28.719] [bmv2] [D] [thread 3424] [1.0] [cxt 0] Pipeline 'egress': start
[17:29:28.719] [bmv2] [T] [thread 3424] [1.0] [cxt 0] Applying table 'dec_counter'
[17:29:28.719] [bmv2] [D] [thread 3424] [1.0] [cxt 0] Looking up key:
* standard_metadata.priority: 00

[17:29:28.719] [bmv2] [D] [thread 3424] [1.0] [cxt 0] Table 'dec_counter': miss
[17:29:28.719] [bmv2] [D] [thread 3424] [1.0] [cxt 0] Action entry is NoAction - 
[17:29:28.719] [bmv2] [T] [thread 3424] [1.0] [cxt 0] Action NoAction
[17:29:28.719] [bmv2] [T] [thread 3424] [1.0] [cxt 0] Applying table 'send_frame'
[17:29:28.719] [bmv2] [D] [thread 3424] [1.0] [cxt 0] Looking up key:
* standard_metadata.egress_port: 0000

[17:29:28.719] [bmv2] [D] [thread 3424] [1.0] [cxt 0] Table 'send_frame': miss
[17:29:28.719] [bmv2] [D] [thread 3424] [1.0] [cxt 0] Action entry is NoAction - 
[17:29:28.719] [bmv2] [T] [thread 3424] [1.0] [cxt 0] Action NoAction
[17:29:28.719] [bmv2] [D] [thread 3424] [1.0] [cxt 0] Pipeline 'egress': end
[17:29:28.719] [bmv2] [D] [thread 3424] [1.0] [cxt 0] Deparser 'deparser': start
[17:29:28.719] [bmv2] [D] [thread 3424] [1.0] [cxt 0] Updating checksum 'cksum'
[17:29:28.719] [bmv2] [D] [thread 3424] [1.0] [cxt 0] Deparsing header 'ethernet'
[17:29:28.719] [bmv2] [D] [thread 3424] [1.0] [cxt 0] Deparser 'deparser': end
[17:29:28.719] [bmv2] [D] [thread 3428] [1.0] [cxt 0] Transmitting packet of size 70 out of port 0
[17:29:29.054] [bmv2] [D] [thread 3423] [2.0] [cxt 0] Processing packet received on port 2
[17:29:29.054] [bmv2] [D] [thread 3423] [2.0] [cxt 0] Parser 'parser': start
[17:29:29.054] [bmv2] [D] [thread 3423] [2.0] [cxt 0] Parser 'parser' entering state 'start'
[17:29:29.054] [bmv2] [D] [thread 3423] [2.0] [cxt 0] Parser state 'start' has no switch, going to default next state
[17:29:29.054] [bmv2] [T] [thread 3423] [2.0] [cxt 0] Bytes parsed: 0
[17:29:29.054] [bmv2] [D] [thread 3423] [2.0] [cxt 0] Parser 'parser' entering state 'parse_ethernet'
[17:29:29.054] [bmv2] [D] [thread 3423] [2.0] [cxt 0] Extracting header 'ethernet'
[17:29:29.054] [bmv2] [D] [thread 3423] [2.0] [cxt 0] Parser state 'parse_ethernet': key is 86dd
[17:29:29.054] [bmv2] [T] [thread 3423] [2.0] [cxt 0] Bytes parsed: 14
[17:29:29.054] [bmv2] [T] [thread 3423] [2.0] [cxt 0] Skipping checksum 'cksum_0' verification because target field invalid
[17:29:29.054] [bmv2] [D] [thread 3423] [2.0] [cxt 0] Parser 'parser': end
[17:29:29.054] [bmv2] [D] [thread 3423] [2.0] [cxt 0] Pipeline 'ingress': start
[17:29:29.054] [bmv2] [T] [thread 3423] [2.0] [cxt 0] ndp-tree.p4(208) Condition "hdr.ipv4.isValid() && hdr.ipv4.ttl > 8w0" (node_2) is false
[17:29:29.054] [bmv2] [D] [thread 3423] [2.0] [cxt 0] Pipeline 'ingress': end
[17:29:29.054] [bmv2] [D] [thread 3423] [2.0] [cxt 0] Egress port is 0
[17:29:29.054] [bmv2] [D] [thread 3423] [3.0] [cxt 0] Processing packet received on port 2
[17:29:29.054] [bmv2] [D] [thread 3423] [3.0] [cxt 0] Parser 'parser': start
[17:29:29.054] [bmv2] [D] [thread 3423] [3.0] [cxt 0] Parser 'parser' entering state 'start'
[17:29:29.054] [bmv2] [D] [thread 3423] [3.0] [cxt 0] Parser state 'start' has no switch, going to default next state
[17:29:29.054] [bmv2] [T] [thread 3423] [3.0] [cxt 0] Bytes parsed: 0
[17:29:29.054] [bmv2] [D] [thread 3423] [3.0] [cxt 0] Parser 'parser' entering state 'parse_ethernet'
[17:29:29.054] [bmv2] [D] [thread 3423] [3.0] [cxt 0] Extracting header 'ethernet'
[17:29:29.054] [bmv2] [D] [thread 3423] [3.0] [cxt 0] Parser state 'parse_ethernet': key is 86dd
[17:29:29.054] [bmv2] [T] [thread 3423] [3.0] [cxt 0] Bytes parsed: 14
[17:29:29.054] [bmv2] [T] [thread 3423] [3.0] [cxt 0] Skipping checksum 'cksum_0' verification because target field invalid
[17:29:29.055] [bmv2] [D] [thread 3424] [2.0] [cxt 0] Pipeline 'egress': start
[17:29:29.055] [bmv2] [T] [thread 3424] [2.0] [cxt 0] Applying table 'dec_counter'
[17:29:29.055] [bmv2] [D] [thread 3424] [2.0] [cxt 0] Looking up key:
* standard_metadata.priority: 00

[17:29:29.055] [bmv2] [D] [thread 3424] [2.0] [cxt 0] Table 'dec_counter': miss
[17:29:29.055] [bmv2] [D] [thread 3423] [3.0] [cxt 0] Parser 'parser': end
[17:29:29.055] [bmv2] [D] [thread 3424] [2.0] [cxt 0] Action entry is NoAction - 
[17:29:29.055] [bmv2] [D] [thread 3423] [3.0] [cxt 0] Pipeline 'ingress': start
[17:29:29.055] [bmv2] [T] [thread 3424] [2.0] [cxt 0] Action NoAction
[17:29:29.055] [bmv2] [T] [thread 3423] [3.0] [cxt 0] ndp-tree.p4(208) Condition "hdr.ipv4.isValid() && hdr.ipv4.ttl > 8w0" (node_2) is false
[17:29:29.055] [bmv2] [T] [thread 3424] [2.0] [cxt 0] Applying table 'send_frame'
[17:29:29.055] [bmv2] [D] [thread 3423] [3.0] [cxt 0] Pipeline 'ingress': end
[17:29:29.055] [bmv2] [D] [thread 3423] [3.0] [cxt 0] Egress port is 0
[17:29:29.055] [bmv2] [D] [thread 3424] [2.0] [cxt 0] Looking up key:
* standard_metadata.egress_port: 0000

[17:29:29.055] [bmv2] [D] [thread 3424] [2.0] [cxt 0] Table 'send_frame': miss
[17:29:29.055] [bmv2] [D] [thread 3424] [2.0] [cxt 0] Action entry is NoAction - 
[17:29:29.055] [bmv2] [T] [thread 3424] [2.0] [cxt 0] Action NoAction
[17:29:29.055] [bmv2] [D] [thread 3424] [2.0] [cxt 0] Pipeline 'egress': end
[17:29:29.055] [bmv2] [D] [thread 3424] [2.0] [cxt 0] Deparser 'deparser': start
[17:29:29.055] [bmv2] [D] [thread 3424] [2.0] [cxt 0] Updating checksum 'cksum'
[17:29:29.055] [bmv2] [D] [thread 3424] [2.0] [cxt 0] Deparsing header 'ethernet'
[17:29:29.055] [bmv2] [D] [thread 3424] [2.0] [cxt 0] Deparser 'deparser': end
[17:29:29.055] [bmv2] [D] [thread 3424] [3.0] [cxt 0] Pipeline 'egress': start
[17:29:29.055] [bmv2] [T] [thread 3424] [3.0] [cxt 0] Applying table 'dec_counter'
[17:29:29.055] [bmv2] [D] [thread 3428] [2.0] [cxt 0] Transmitting packet of size 90 out of port 0
[17:29:29.055] [bmv2] [D] [thread 3424] [3.0] [cxt 0] Looking up key:
* standard_metadata.priority: 00

[17:29:29.055] [bmv2] [D] [thread 3424] [3.0] [cxt 0] Table 'dec_counter': miss
[17:29:29.055] [bmv2] [D] [thread 3424] [3.0] [cxt 0] Action entry is NoAction - 
[17:29:29.055] [bmv2] [T] [thread 3424] [3.0] [cxt 0] Action NoAction
[17:29:29.055] [bmv2] [T] [thread 3424] [3.0] [cxt 0] Applying table 'send_frame'
[17:29:29.055] [bmv2] [D] [thread 3424] [3.0] [cxt 0] Looking up key:
* standard_metadata.egress_port: 0000

[17:29:29.055] [bmv2] [D] [thread 3424] [3.0] [cxt 0] Table 'send_frame': miss
[17:29:29.055] [bmv2] [D] [thread 3424] [3.0] [cxt 0] Action entry is NoAction - 
[17:29:29.055] [bmv2] [T] [thread 3424] [3.0] [cxt 0] Action NoAction
[17:29:29.055] [bmv2] [D] [thread 3424] [3.0] [cxt 0] Pipeline 'egress': end
[17:29:29.055] [bmv2] [D] [thread 3424] [3.0] [cxt 0] Deparser 'deparser': start
[17:29:29.055] [bmv2] [D] [thread 3424] [3.0] [cxt 0] Updating checksum 'cksum'
[17:29:29.055] [bmv2] [D] [thread 3424] [3.0] [cxt 0] Deparsing header 'ethernet'
[17:29:29.055] [bmv2] [D] [thread 3424] [3.0] [cxt 0] Deparser 'deparser': end
[17:29:29.055] [bmv2] [D] [thread 3428] [3.0] [cxt 0] Transmitting packet of size 90 out of port 0
[17:29:29.387] [bmv2] [D] [thread 3423] [4.0] [cxt 0] Processing packet received on port 1
[17:29:29.388] [bmv2] [D] [thread 3423] [4.0] [cxt 0] Parser 'parser': start
[17:29:29.388] [bmv2] [D] [thread 3423] [4.0] [cxt 0] Parser 'parser' entering state 'start'
[17:29:29.388] [bmv2] [D] [thread 3423] [4.0] [cxt 0] Parser state 'start' has no switch, going to default next state
[17:29:29.388] [bmv2] [T] [thread 3423] [4.0] [cxt 0] Bytes parsed: 0
[17:29:29.388] [bmv2] [D] [thread 3423] [4.0] [cxt 0] Parser 'parser' entering state 'parse_ethernet'
[17:29:29.388] [bmv2] [D] [thread 3423] [4.0] [cxt 0] Extracting header 'ethernet'
[17:29:29.388] [bmv2] [D] [thread 3423] [4.0] [cxt 0] Parser state 'parse_ethernet': key is 86dd
[17:29:29.388] [bmv2] [T] [thread 3423] [4.0] [cxt 0] Bytes parsed: 14
[17:29:29.388] [bmv2] [T] [thread 3423] [4.0] [cxt 0] Skipping checksum 'cksum_0' verification because target field invalid
[17:29:29.388] [bmv2] [D] [thread 3423] [4.0] [cxt 0] Parser 'parser': end
[17:29:29.388] [bmv2] [D] [thread 3423] [4.0] [cxt 0] Pipeline 'ingress': start
[17:29:29.388] [bmv2] [T] [thread 3423] [4.0] [cxt 0] ndp-tree.p4(208) Condition "hdr.ipv4.isValid() && hdr.ipv4.ttl > 8w0" (node_2) is false
[17:29:29.388] [bmv2] [D] [thread 3423] [4.0] [cxt 0] Pipeline 'ingress': end
[17:29:29.388] [bmv2] [D] [thread 3423] [4.0] [cxt 0] Egress port is 0
[17:29:29.388] [bmv2] [D] [thread 3424] [4.0] [cxt 0] Pipeline 'egress': start
[17:29:29.388] [bmv2] [T] [thread 3424] [4.0] [cxt 0] Applying table 'dec_counter'
[17:29:29.388] [bmv2] [D] [thread 3424] [4.0] [cxt 0] Looking up key:
* standard_metadata.priority: 00

[17:29:29.388] [bmv2] [D] [thread 3424] [4.0] [cxt 0] Table 'dec_counter': miss
[17:29:29.388] [bmv2] [D] [thread 3424] [4.0] [cxt 0] Action entry is NoAction - 
[17:29:29.388] [bmv2] [T] [thread 3424] [4.0] [cxt 0] Action NoAction
[17:29:29.388] [bmv2] [T] [thread 3424] [4.0] [cxt 0] Applying table 'send_frame'
[17:29:29.388] [bmv2] [D] [thread 3424] [4.0] [cxt 0] Looking up key:
* standard_metadata.egress_port: 0000

[17:29:29.388] [bmv2] [D] [thread 3424] [4.0] [cxt 0] Table 'send_frame': miss
[17:29:29.388] [bmv2] [D] [thread 3424] [4.0] [cxt 0] Action entry is NoAction - 
[17:29:29.388] [bmv2] [T] [thread 3424] [4.0] [cxt 0] Action NoAction
[17:29:29.388] [bmv2] [D] [thread 3424] [4.0] [cxt 0] Pipeline 'egress': end
[17:29:29.388] [bmv2] [D] [thread 3424] [4.0] [cxt 0] Deparser 'deparser': start
[17:29:29.388] [bmv2] [D] [thread 3424] [4.0] [cxt 0] Updating checksum 'cksum'
[17:29:29.388] [bmv2] [D] [thread 3424] [4.0] [cxt 0] Deparsing header 'ethernet'
[17:29:29.388] [bmv2] [D] [thread 3424] [4.0] [cxt 0] Deparser 'deparser': end
[17:29:29.388] [bmv2] [D] [thread 3428] [4.0] [cxt 0] Transmitting packet of size 90 out of port 0
[17:29:30.160] [bmv2] [W] [thread 3463] [P4Runtime] p4::tmp::P4DeviceConfig is deprecated
[17:29:30.163] [bmv2] [D] [thread 3463] Set default default entry for table 'ipv4_lpm': NoAction - 
[17:29:30.163] [bmv2] [D] [thread 3463] Set default default entry for table 'readbuffersense': NoAction - 
[17:29:30.163] [bmv2] [D] [thread 3463] Set default default entry for table 'setprio': NoAction - 
[17:29:30.163] [bmv2] [D] [thread 3463] Set default default entry for table 'directtoprio': NoAction - 
[17:29:30.163] [bmv2] [D] [thread 3463] Set default default entry for table 'forward': NoAction - 
[17:29:30.163] [bmv2] [D] [thread 3463] Set default default entry for table 'dec_counter': NoAction - 
[17:29:30.163] [bmv2] [D] [thread 3463] Set default default entry for table 'send_frame': NoAction - 
[17:29:30.164] [bmv2] [D] [thread 3463] simple_switch target has been notified of a config swap
[17:29:30.166] [bmv2] [D] [thread 3464] Entry 0 added to table 'ipv4_lpm'
[17:29:30.166] [bmv2] [D] [thread 3464] Dumping entry 0
Match key:
* ipv4.dstAddr        : LPM       0a0a0a07/32
Action entry: set_nhop - a0a0a07,1,

[17:29:30.167] [bmv2] [D] [thread 3463] Entry 1 added to table 'ipv4_lpm'
[17:29:30.167] [bmv2] [D] [thread 3463] Dumping entry 1
Match key:
* ipv4.dstAddr        : LPM       0b0a0a07/32
Action entry: set_nhop - b0a0a07,1,

[17:29:30.168] [bmv2] [D] [thread 3464] Entry 2 added to table 'ipv4_lpm'
[17:29:30.168] [bmv2] [D] [thread 3464] Dumping entry 2
Match key:
* ipv4.dstAddr        : LPM       0a0a0b05/32
Action entry: set_nhop - a0a0b05,2,

[17:29:30.169] [bmv2] [D] [thread 3463] Entry 3 added to table 'ipv4_lpm'
[17:29:30.170] [bmv2] [D] [thread 3463] Dumping entry 3
Match key:
* ipv4.dstAddr        : LPM       0b0a0b05/32
Action entry: set_nhop - b0a0b05,2,

[17:29:30.171] [bmv2] [D] [thread 3464] Entry 4 added to table 'ipv4_lpm'
[17:29:30.171] [bmv2] [D] [thread 3464] Dumping entry 4
Match key:
* ipv4.dstAddr        : LPM       0a0a0d08/32
Action entry: set_nhop - a0a0d08,1,

[17:29:30.172] [bmv2] [D] [thread 3463] Entry 5 added to table 'ipv4_lpm'
[17:29:30.173] [bmv2] [D] [thread 3463] Dumping entry 5
Match key:
* ipv4.dstAddr        : LPM       0b0a0d08/32
Action entry: set_nhop - b0a0d08,1,

[17:29:30.174] [bmv2] [D] [thread 3464] Entry 0 added to table 'forward'
[17:29:30.174] [bmv2] [D] [thread 3464] Dumping entry 0
Match key:
* routing_metadata.nhop_ipv4: EXACT     0a0a0a07
Action entry: set_dmac - 800273ad8f4,80027d17d9e,

[17:29:30.175] [bmv2] [D] [thread 3463] Entry 1 added to table 'forward'
[17:29:30.175] [bmv2] [D] [thread 3463] Dumping entry 1
Match key:
* routing_metadata.nhop_ipv4: EXACT     0b0a0a07
Action entry: set_dmac - 800273ad8f4,80027d17d9e,

[17:29:30.176] [bmv2] [D] [thread 3464] Entry 2 added to table 'forward'
[17:29:30.176] [bmv2] [D] [thread 3464] Dumping entry 2
Match key:
* routing_metadata.nhop_ipv4: EXACT     0a0a0d08
Action entry: set_dmac - 8002745f713,80027d17d9e,

[17:29:30.177] [bmv2] [D] [thread 3463] Entry 3 added to table 'forward'
[17:29:30.177] [bmv2] [D] [thread 3463] Dumping entry 3
Match key:
* routing_metadata.nhop_ipv4: EXACT     0b0a0d08
Action entry: set_dmac - 8002745f713,80027d17d9e,

[17:29:30.178] [bmv2] [D] [thread 3464] Entry 4 added to table 'forward'
[17:29:30.178] [bmv2] [D] [thread 3464] Dumping entry 4
Match key:
* routing_metadata.nhop_ipv4: EXACT     0a0a0b05
Action entry: set_dmac - 8002745f713,80027d17d9e,

[17:29:30.179] [bmv2] [D] [thread 3463] Entry 5 added to table 'forward'
[17:29:30.179] [bmv2] [D] [thread 3463] Dumping entry 5
Match key:
* routing_metadata.nhop_ipv4: EXACT     0b0a0b05
Action entry: set_dmac - 8002745f713,80027d17d9e,

[17:29:30.180] [bmv2] [D] [thread 3464] Set default entry for table 'directtoprio': directpriohigh - 
[17:29:30.181] [bmv2] [D] [thread 3463] Set default entry for table 'readbuffersense': readbuffer - 
[17:29:30.182] [bmv2] [D] [thread 3464] Entry 0 added to table 'setprio'
[17:29:30.182] [bmv2] [D] [thread 3464] Dumping entry 0
Match key:
* meta.register_tmp   : RANGE     0008 -> 0008
Priority: 2147483646
Action entry: setpriohigh - 

[17:29:30.183] [bmv2] [D] [thread 3463] Entry 1 added to table 'setprio'
[17:29:30.183] [bmv2] [D] [thread 3463] Dumping entry 1
Match key:
* meta.register_tmp   : RANGE     0000 -> 0007
Priority: 2147483646
Action entry: setpriolow - 

[17:29:30.184] [bmv2] [D] [thread 3464] Entry 0 added to table 'dec_counter'
[17:29:30.184] [bmv2] [D] [thread 3464] Dumping entry 0
Match key:
* standard_metadata.priority: RANGE     01 -> 01
Priority: 2147483646
Action entry: decreasereg - 

[17:29:32.050] [bmv2] [D] [thread 3423] [5.0] [cxt 0] Processing packet received on port 1
[17:29:32.050] [bmv2] [D] [thread 3423] [5.0] [cxt 0] Parser 'parser': start
[17:29:32.050] [bmv2] [D] [thread 3423] [5.0] [cxt 0] Parser 'parser' entering state 'start'
[17:29:32.050] [bmv2] [D] [thread 3423] [5.0] [cxt 0] Parser state 'start' has no switch, going to default next state
[17:29:32.050] [bmv2] [T] [thread 3423] [5.0] [cxt 0] Bytes parsed: 0
[17:29:32.050] [bmv2] [D] [thread 3423] [5.0] [cxt 0] Parser 'parser' entering state 'parse_ethernet'
[17:29:32.050] [bmv2] [D] [thread 3423] [5.0] [cxt 0] Extracting header 'ethernet'
[17:29:32.050] [bmv2] [D] [thread 3423] [5.0] [cxt 0] Parser state 'parse_ethernet': key is 86dd
[17:29:32.050] [bmv2] [T] [thread 3423] [5.0] [cxt 0] Bytes parsed: 14
[17:29:32.050] [bmv2] [T] [thread 3423] [5.0] [cxt 0] Skipping checksum 'cksum_0' verification because target field invalid
[17:29:32.050] [bmv2] [D] [thread 3423] [5.0] [cxt 0] Parser 'parser': end
[17:29:32.050] [bmv2] [D] [thread 3423] [5.0] [cxt 0] Pipeline 'ingress': start
[17:29:32.050] [bmv2] [T] [thread 3423] [5.0] [cxt 0] ndp-tree.p4(208) Condition "hdr.ipv4.isValid() && hdr.ipv4.ttl > 8w0" (node_2) is false
[17:29:32.050] [bmv2] [D] [thread 3423] [5.0] [cxt 0] Pipeline 'ingress': end
[17:29:32.050] [bmv2] [D] [thread 3423] [5.0] [cxt 0] Egress port is 0
[17:29:32.050] [bmv2] [D] [thread 3424] [5.0] [cxt 0] Pipeline 'egress': start
[17:29:32.050] [bmv2] [T] [thread 3424] [5.0] [cxt 0] Applying table 'dec_counter'
[17:29:32.050] [bmv2] [D] [thread 3424] [5.0] [cxt 0] Looking up key:
* standard_metadata.priority: 00

[17:29:32.050] [bmv2] [D] [thread 3424] [5.0] [cxt 0] Table 'dec_counter': miss
[17:29:32.050] [bmv2] [D] [thread 3424] [5.0] [cxt 0] Action entry is NoAction - 
[17:29:32.050] [bmv2] [T] [thread 3424] [5.0] [cxt 0] Action NoAction
[17:29:32.050] [bmv2] [T] [thread 3424] [5.0] [cxt 0] Applying table 'send_frame'
[17:29:32.050] [bmv2] [D] [thread 3424] [5.0] [cxt 0] Looking up key:
* standard_metadata.egress_port: 0000

[17:29:32.050] [bmv2] [D] [thread 3424] [5.0] [cxt 0] Table 'send_frame': miss
[17:29:32.050] [bmv2] [D] [thread 3424] [5.0] [cxt 0] Action entry is NoAction - 
[17:29:32.050] [bmv2] [T] [thread 3424] [5.0] [cxt 0] Action NoAction
[17:29:32.050] [bmv2] [D] [thread 3424] [5.0] [cxt 0] Pipeline 'egress': end
[17:29:32.050] [bmv2] [D] [thread 3424] [5.0] [cxt 0] Deparser 'deparser': start
[17:29:32.050] [bmv2] [D] [thread 3424] [5.0] [cxt 0] Updating checksum 'cksum'
[17:29:32.050] [bmv2] [D] [thread 3424] [5.0] [cxt 0] Deparsing header 'ethernet'
[17:29:32.050] [bmv2] [D] [thread 3424] [5.0] [cxt 0] Deparser 'deparser': end
[17:29:32.050] [bmv2] [D] [thread 3428] [5.0] [cxt 0] Transmitting packet of size 70 out of port 0
[17:29:32.307] [bmv2] [D] [thread 3423] [6.0] [cxt 0] Processing packet received on port 2
[17:29:32.307] [bmv2] [D] [thread 3423] [6.0] [cxt 0] Parser 'parser': start
[17:29:32.307] [bmv2] [D] [thread 3423] [6.0] [cxt 0] Parser 'parser' entering state 'start'
[17:29:32.307] [bmv2] [D] [thread 3423] [6.0] [cxt 0] Parser state 'start' has no switch, going to default next state
[17:29:32.307] [bmv2] [T] [thread 3423] [6.0] [cxt 0] Bytes parsed: 0
[17:29:32.307] [bmv2] [D] [thread 3423] [6.0] [cxt 0] Parser 'parser' entering state 'parse_ethernet'
[17:29:32.307] [bmv2] [D] [thread 3423] [6.0] [cxt 0] Extracting header 'ethernet'
[17:29:32.307] [bmv2] [D] [thread 3423] [6.0] [cxt 0] Parser state 'parse_ethernet': key is 86dd
[17:29:32.307] [bmv2] [T] [thread 3423] [6.0] [cxt 0] Bytes parsed: 14
[17:29:32.307] [bmv2] [T] [thread 3423] [6.0] [cxt 0] Skipping checksum 'cksum_0' verification because target field invalid
[17:29:32.307] [bmv2] [D] [thread 3423] [6.0] [cxt 0] Parser 'parser': end
[17:29:32.307] [bmv2] [D] [thread 3423] [6.0] [cxt 0] Pipeline 'ingress': start
[17:29:32.307] [bmv2] [T] [thread 3423] [6.0] [cxt 0] ndp-tree.p4(208) Condition "hdr.ipv4.isValid() && hdr.ipv4.ttl > 8w0" (node_2) is false
[17:29:32.307] [bmv2] [D] [thread 3423] [6.0] [cxt 0] Pipeline 'ingress': end
[17:29:32.307] [bmv2] [D] [thread 3423] [6.0] [cxt 0] Egress port is 0
[17:29:32.307] [bmv2] [D] [thread 3424] [6.0] [cxt 0] Pipeline 'egress': start
[17:29:32.307] [bmv2] [T] [thread 3424] [6.0] [cxt 0] Applying table 'dec_counter'
[17:29:32.307] [bmv2] [D] [thread 3424] [6.0] [cxt 0] Looking up key:
* standard_metadata.priority: 00

[17:29:32.307] [bmv2] [D] [thread 3424] [6.0] [cxt 0] Table 'dec_counter': miss
[17:29:32.307] [bmv2] [D] [thread 3424] [6.0] [cxt 0] Action entry is NoAction - 
[17:29:32.307] [bmv2] [T] [thread 3424] [6.0] [cxt 0] Action NoAction
[17:29:32.307] [bmv2] [T] [thread 3424] [6.0] [cxt 0] Applying table 'send_frame'
[17:29:32.307] [bmv2] [D] [thread 3424] [6.0] [cxt 0] Looking up key:
* standard_metadata.egress_port: 0000

[17:29:32.307] [bmv2] [D] [thread 3424] [6.0] [cxt 0] Table 'send_frame': miss
[17:29:32.307] [bmv2] [D] [thread 3424] [6.0] [cxt 0] Action entry is NoAction - 
[17:29:32.307] [bmv2] [T] [thread 3424] [6.0] [cxt 0] Action NoAction
[17:29:32.307] [bmv2] [D] [thread 3424] [6.0] [cxt 0] Pipeline 'egress': end
[17:29:32.307] [bmv2] [D] [thread 3424] [6.0] [cxt 0] Deparser 'deparser': start
[17:29:32.307] [bmv2] [D] [thread 3424] [6.0] [cxt 0] Updating checksum 'cksum'
[17:29:32.307] [bmv2] [D] [thread 3424] [6.0] [cxt 0] Deparsing header 'ethernet'
[17:29:32.307] [bmv2] [D] [thread 3424] [6.0] [cxt 0] Deparser 'deparser': end
[17:29:32.307] [bmv2] [D] [thread 3428] [6.0] [cxt 0] Transmitting packet of size 70 out of port 0
[17:29:32.562] [bmv2] [D] [thread 3423] [7.0] [cxt 0] Processing packet received on port 1
[17:29:32.562] [bmv2] [D] [thread 3423] [7.0] [cxt 0] Parser 'parser': start
[17:29:32.562] [bmv2] [D] [thread 3423] [7.0] [cxt 0] Parser 'parser' entering state 'start'
[17:29:32.562] [bmv2] [D] [thread 3423] [7.0] [cxt 0] Parser state 'start' has no switch, going to default next state
[17:29:32.562] [bmv2] [T] [thread 3423] [7.0] [cxt 0] Bytes parsed: 0
[17:29:32.562] [bmv2] [D] [thread 3423] [7.0] [cxt 0] Parser 'parser' entering state 'parse_ethernet'
[17:29:32.562] [bmv2] [D] [thread 3423] [7.0] [cxt 0] Extracting header 'ethernet'
[17:29:32.562] [bmv2] [D] [thread 3423] [7.0] [cxt 0] Parser state 'parse_ethernet': key is 86dd
[17:29:32.562] [bmv2] [T] [thread 3423] [7.0] [cxt 0] Bytes parsed: 14
[17:29:32.562] [bmv2] [T] [thread 3423] [7.0] [cxt 0] Skipping checksum 'cksum_0' verification because target field invalid
[17:29:32.562] [bmv2] [D] [thread 3423] [7.0] [cxt 0] Parser 'parser': end
[17:29:32.562] [bmv2] [D] [thread 3423] [7.0] [cxt 0] Pipeline 'ingress': start
[17:29:32.562] [bmv2] [T] [thread 3423] [7.0] [cxt 0] ndp-tree.p4(208) Condition "hdr.ipv4.isValid() && hdr.ipv4.ttl > 8w0" (node_2) is false
[17:29:32.562] [bmv2] [D] [thread 3423] [7.0] [cxt 0] Pipeline 'ingress': end
[17:29:32.562] [bmv2] [D] [thread 3423] [7.0] [cxt 0] Egress port is 0
[17:29:32.563] [bmv2] [D] [thread 3424] [7.0] [cxt 0] Pipeline 'egress': start
[17:29:32.563] [bmv2] [T] [thread 3424] [7.0] [cxt 0] Applying table 'dec_counter'
[17:29:32.563] [bmv2] [D] [thread 3424] [7.0] [cxt 0] Looking up key:
* standard_metadata.priority: 00

[17:29:32.563] [bmv2] [D] [thread 3424] [7.0] [cxt 0] Table 'dec_counter': miss
[17:29:32.563] [bmv2] [D] [thread 3424] [7.0] [cxt 0] Action entry is NoAction - 
[17:29:32.563] [bmv2] [T] [thread 3424] [7.0] [cxt 0] Action NoAction
[17:29:32.563] [bmv2] [T] [thread 3424] [7.0] [cxt 0] Applying table 'send_frame'
[17:29:32.563] [bmv2] [D] [thread 3424] [7.0] [cxt 0] Looking up key:
* standard_metadata.egress_port: 0000

[17:29:32.563] [bmv2] [D] [thread 3424] [7.0] [cxt 0] Table 'send_frame': miss
[17:29:32.563] [bmv2] [D] [thread 3424] [7.0] [cxt 0] Action entry is NoAction - 
[17:29:32.563] [bmv2] [T] [thread 3424] [7.0] [cxt 0] Action NoAction
[17:29:32.563] [bmv2] [D] [thread 3424] [7.0] [cxt 0] Pipeline 'egress': end
[17:29:32.563] [bmv2] [D] [thread 3424] [7.0] [cxt 0] Deparser 'deparser': start
[17:29:32.563] [bmv2] [D] [thread 3424] [7.0] [cxt 0] Updating checksum 'cksum'
[17:29:32.563] [bmv2] [D] [thread 3424] [7.0] [cxt 0] Deparsing header 'ethernet'
[17:29:32.563] [bmv2] [D] [thread 3424] [7.0] [cxt 0] Deparser 'deparser': end
[17:29:32.563] [bmv2] [D] [thread 3428] [7.0] [cxt 0] Transmitting packet of size 70 out of port 0
[17:29:33.071] [bmv2] [D] [thread 3423] [8.0] [cxt 0] Processing packet received on port 2
[17:29:33.071] [bmv2] [D] [thread 3423] [8.0] [cxt 0] Parser 'parser': start
[17:29:33.071] [bmv2] [D] [thread 3423] [8.0] [cxt 0] Parser 'parser' entering state 'start'
[17:29:33.071] [bmv2] [D] [thread 3423] [8.0] [cxt 0] Parser state 'start' has no switch, going to default next state
[17:29:33.071] [bmv2] [T] [thread 3423] [8.0] [cxt 0] Bytes parsed: 0
[17:29:33.071] [bmv2] [D] [thread 3423] [8.0] [cxt 0] Parser 'parser' entering state 'parse_ethernet'
[17:29:33.071] [bmv2] [D] [thread 3423] [8.0] [cxt 0] Extracting header 'ethernet'
[17:29:33.071] [bmv2] [D] [thread 3423] [8.0] [cxt 0] Parser state 'parse_ethernet': key is 86dd
[17:29:33.071] [bmv2] [T] [thread 3423] [8.0] [cxt 0] Bytes parsed: 14
[17:29:33.071] [bmv2] [T] [thread 3423] [8.0] [cxt 0] Skipping checksum 'cksum_0' verification because target field invalid
[17:29:33.071] [bmv2] [D] [thread 3423] [8.0] [cxt 0] Parser 'parser': end
[17:29:33.071] [bmv2] [D] [thread 3423] [8.0] [cxt 0] Pipeline 'ingress': start
[17:29:33.071] [bmv2] [T] [thread 3423] [8.0] [cxt 0] ndp-tree.p4(208) Condition "hdr.ipv4.isValid() && hdr.ipv4.ttl > 8w0" (node_2) is false
[17:29:33.071] [bmv2] [D] [thread 3423] [8.0] [cxt 0] Pipeline 'ingress': end
[17:29:33.071] [bmv2] [D] [thread 3423] [8.0] [cxt 0] Egress port is 0
[17:29:33.071] [bmv2] [D] [thread 3424] [8.0] [cxt 0] Pipeline 'egress': start
[17:29:33.071] [bmv2] [T] [thread 3424] [8.0] [cxt 0] Applying table 'dec_counter'
[17:29:33.071] [bmv2] [D] [thread 3424] [8.0] [cxt 0] Looking up key:
* standard_metadata.priority: 00

[17:29:33.071] [bmv2] [D] [thread 3424] [8.0] [cxt 0] Table 'dec_counter': miss
[17:29:33.071] [bmv2] [D] [thread 3424] [8.0] [cxt 0] Action entry is NoAction - 
[17:29:33.071] [bmv2] [T] [thread 3424] [8.0] [cxt 0] Action NoAction
[17:29:33.071] [bmv2] [T] [thread 3424] [8.0] [cxt 0] Applying table 'send_frame'
[17:29:33.071] [bmv2] [D] [thread 3424] [8.0] [cxt 0] Looking up key:
* standard_metadata.egress_port: 0000

[17:29:33.072] [bmv2] [D] [thread 3424] [8.0] [cxt 0] Table 'send_frame': miss
[17:29:33.072] [bmv2] [D] [thread 3424] [8.0] [cxt 0] Action entry is NoAction - 
[17:29:33.072] [bmv2] [T] [thread 3424] [8.0] [cxt 0] Action NoAction
[17:29:33.072] [bmv2] [D] [thread 3424] [8.0] [cxt 0] Pipeline 'egress': end
[17:29:33.072] [bmv2] [D] [thread 3424] [8.0] [cxt 0] Deparser 'deparser': start
[17:29:33.072] [bmv2] [D] [thread 3424] [8.0] [cxt 0] Updating checksum 'cksum'
[17:29:33.072] [bmv2] [D] [thread 3424] [8.0] [cxt 0] Deparsing header 'ethernet'
[17:29:33.072] [bmv2] [D] [thread 3424] [8.0] [cxt 0] Deparser 'deparser': end
[17:29:33.072] [bmv2] [D] [thread 3428] [8.0] [cxt 0] Transmitting packet of size 70 out of port 0
open: No such file or directory
open: No such file or directory
open: No such file or directory
open: No such file or directory
